2023-09-05 00:58:42.119 C:\Users\shubh\Desktop\code\Final\5\CheckersMinimax-master\CheckersMinimax-master\CheckersMinimax\bin\Debug\CheckersMinimax_05-09-2023.log is created.
2023-09-05 00:58:45.674 [INFO]    Row: 5 Column: 6
2023-09-05 00:58:46.005 [INFO]    Row: 4 Column: 7
2023-09-05 00:58:46.006 [INFO]    Piece1 5, 6
2023-09-05 00:58:46.006 [INFO]    Piece2 4, 7
2023-09-05 00:58:46.011 [INFO]    Max is Black
2023-09-05 00:58:46.017 [INFO]    Evaluating Node number: 1 - Score: 33
2023-09-05 00:58:46.079 [INFO]    Node Values: 34,35,18,34,19,18,18
2023-09-05 00:58:46.079 [INFO]    Piece1 2, 1
2023-09-05 00:58:46.081 [INFO]    Piece2 3, 0
2023-09-05 00:58:47.095 [INFO]    Row: 4 Column: 7
2023-09-05 00:58:47.460 [INFO]    Row: 3 Column: 6
2023-09-05 00:58:47.460 [INFO]    Piece1 4, 7
2023-09-05 00:58:47.460 [INFO]    Piece2 3, 6
2023-09-05 00:58:47.470 [INFO]    Max is Black
2023-09-05 00:58:47.471 [INFO]    Evaluating Node number: 1 - Score: 16
2023-09-05 00:58:47.499 [INFO]    Node Values: 35,35
2023-09-05 00:58:47.500 [INFO]    Piece1 2, 7
2023-09-05 00:58:47.500 [INFO]    Piece2 4, 5
2023-09-05 00:58:48.688 [INFO]    Row: 5 Column: 4
2023-09-05 00:58:50.112 [INFO]    Row: 3 Column: 6
2023-09-05 00:58:50.113 [INFO]    Piece1 5, 4
2023-09-05 00:58:50.113 [INFO]    Piece2 3, 6
2023-09-05 00:58:50.116 [INFO]    Max is Black
2023-09-05 00:58:50.117 [INFO]    Evaluating Node number: 1 - Score: 35
2023-09-05 00:58:50.146 [INFO]    Node Values: 35
2023-09-05 00:58:50.146 [INFO]    Piece1 2, 5
2023-09-05 00:58:50.147 [INFO]    Piece2 4, 7
2023-09-05 00:58:51.647 [INFO]    Row: 6 Column: 7
2023-09-05 00:58:51.998 [INFO]    Row: 5 Column: 6
2023-09-05 00:58:51.998 [INFO]    Piece1 6, 7
2023-09-05 00:58:51.999 [INFO]    Piece2 5, 6
2023-09-05 00:58:52.000 [INFO]    Max is Black
2023-09-05 00:58:52.002 [INFO]    Evaluating Node number: 1 - Score: 52
2023-09-05 00:58:52.142 [INFO]    Node Values: 69,69,52,52,35,34,69,18
2023-09-05 00:58:52.142 [INFO]    Piece1 1, 2
2023-09-05 00:58:52.142 [INFO]    Piece2 2, 1
2023-09-05 00:58:53.564 [INFO]    Row: 5 Column: 6
2023-09-05 00:58:54.695 [INFO]    Row: 4 Column: 5
2023-09-05 00:58:54.696 [INFO]    Piece1 5, 6
2023-09-05 00:58:54.696 [INFO]    Piece2 4, 5
2023-09-05 00:58:54.698 [INFO]    Max is Black
2023-09-05 00:58:54.701 [INFO]    Evaluating Node number: 1 - Score: 19
2023-09-05 00:58:55.064 [INFO]    Node Values: 37,37,38,53,37,53,36,53,2,16
2023-09-05 00:58:55.064 [INFO]    Piece1 2, 3
2023-09-05 00:58:55.065 [INFO]    Piece2 3, 2
2023-09-05 00:58:56.694 [INFO]    Row: 6 Column: 5
2023-09-05 00:58:57.069 [INFO]    Row: 5 Column: 4
2023-09-05 00:58:57.070 [INFO]    Piece1 6, 5
2023-09-05 00:58:57.070 [INFO]    Piece2 5, 4
2023-09-05 00:58:57.073 [INFO]    Max is Black
2023-09-05 00:58:57.075 [INFO]    Evaluating Node number: 1 - Score: 34
2023-09-05 00:58:57.358 [INFO]    Node Values: 53,53,38,38,20,38,20,53,10,53
2023-09-05 00:58:57.358 [INFO]    Piece1 4, 7
2023-09-05 00:58:57.358 [INFO]    Piece2 5, 6
2023-09-05 00:58:59.015 [INFO]    Row: 7 Column: 6
2023-09-05 00:58:59.567 [INFO]    Row: 6 Column: 5
2023-09-05 00:58:59.567 [INFO]    Piece1 7, 6
2023-09-05 00:58:59.567 [INFO]    Piece2 6, 5
2023-09-05 00:58:59.569 [INFO]    Max is Black
2023-09-05 00:58:59.571 [INFO]    Evaluating Node number: 1 - Score: -3
2023-09-05 00:58:59.891 [INFO]    Node Values: 17,17,14,2,16,14,-17,29,17,53
2023-09-05 00:58:59.892 [INFO]    Piece1 5, 6
2023-09-05 00:58:59.892 [INFO]    Piece2 6, 7
2023-09-05 00:59:01.398 [INFO]    Row: 4 Column: 5
2023-09-05 00:59:01.755 [INFO]    Row: 3 Column: 6
2023-09-05 00:59:01.756 [INFO]    Piece1 4, 5
2023-09-05 00:59:01.756 [INFO]    Piece2 3, 6
2023-09-05 00:59:01.757 [INFO]    Max is Black
2023-09-05 00:59:01.759 [INFO]    Evaluating Node number: 1 - Score: 33
2023-09-05 00:59:01.867 [INFO]    Node Values: 54,54,49,54,65,66,29,29,30,66
2023-09-05 00:59:01.867 [INFO]    Piece1 1, 6
2023-09-05 00:59:01.867 [INFO]    Piece2 2, 5
2023-09-05 00:59:07.210 [INFO]    Row: 3 Column: 6
2023-09-05 00:59:07.679 [INFO]    Row: 2 Column: 7
2023-09-05 00:59:07.679 [INFO]    Piece1 3, 6
2023-09-05 00:59:07.679 [INFO]    Piece2 2, 7
2023-09-05 00:59:07.681 [INFO]    Max is Black
2023-09-05 00:59:07.683 [INFO]    Evaluating Node number: 1 - Score: 53
2023-09-05 00:59:07.767 [INFO]    Node Values: 65,65,22,45,64,66,52,39,20,22,66
2023-09-05 00:59:07.767 [INFO]    Piece1 2, 5
2023-09-05 00:59:07.767 [INFO]    Piece2 3, 6
2023-09-05 00:59:09.334 [INFO]    Row: 2 Column: 7
2023-09-05 00:59:09.777 [INFO]    Row: 1 Column: 6
2023-09-05 00:59:09.778 [INFO]    Piece1 2, 7
2023-09-05 00:59:09.778 [INFO]    Piece2 1, 6
2023-09-05 00:59:09.780 [INFO]    Max is Black
2023-09-05 00:59:09.780 [INFO]    Evaluating Node number: 1 - Score: 53
2023-09-05 00:59:09.794 [INFO]    Node Values: 72,72
2023-09-05 00:59:09.794 [INFO]    Piece1 0, 7
2023-09-05 00:59:09.794 [INFO]    Piece2 2, 5
2023-09-05 00:59:11.615 [INFO]    Row: 5 Column: 4
2023-09-05 00:59:12.213 [INFO]    Row: 4 Column: 3
2023-09-05 00:59:12.213 [INFO]    Piece1 5, 4
2023-09-05 00:59:12.214 [INFO]    Piece2 4, 3
2023-09-05 00:59:12.216 [INFO]    Max is Black
2023-09-05 00:59:12.217 [INFO]    Evaluating Node number: 1 - Score: 85
2023-09-05 00:59:12.227 [INFO]    Node Values: 99
2023-09-05 00:59:12.227 [INFO]    Piece1 3, 2
2023-09-05 00:59:12.228 [INFO]    Piece2 5, 4
2023-09-05 00:59:13.231 [INFO]    Piece1 5, 4
2023-09-05 00:59:13.231 [INFO]    Piece2 7, 6
2023-09-05 01:23:52.045 [INFO]    Row: 5 Column: 4
2023-09-05 01:23:53.477 [INFO]    Row: 4 Column: 3
2023-09-05 01:23:53.478 [INFO]    Piece1 5, 4
2023-09-05 01:23:53.478 [INFO]    Piece2 4, 3
2023-09-05 01:23:53.488 [INFO]    Max is Black
2023-09-05 01:23:53.496 [INFO]    Evaluating Node number: 1 - Score: 16
2023-09-05 01:23:53.578 [INFO]    Node Values: 19,-2,17,18,18,19,-1
2023-09-05 01:23:53.579 [INFO]    Piece1 2, 5
2023-09-05 01:23:53.579 [INFO]    Piece2 3, 4
2023-09-05 01:56:17.748 [INFO]    Row: 5 Column: 2
2023-09-05 01:56:45.758 [INFO]    Row: 5 Column: 2
2023-09-05 01:56:45.760 [INFO]    Piece1 5, 2
2023-09-05 01:56:45.760 [INFO]    Piece2 5, 2
2023-09-05 01:59:07.895 [INFO]    Row: 5 Column: 0
2023-09-05 01:59:44.796 [INFO]    Row: 5 Column: 0
2023-09-05 01:59:44.796 [INFO]    Piece1 5, 0
2023-09-05 01:59:44.796 [INFO]    Piece2 5, 0
2023-09-05 01:59:45.381 [INFO]    Row: 5 Column: 0
2023-09-05 01:59:48.086 [INFO]    Row: 5 Column: 0
2023-09-05 01:59:48.086 [INFO]    Piece1 5, 0
2023-09-05 01:59:48.086 [INFO]    Piece2 5, 0
2023-09-05 01:59:50.519 [INFO]    Row: 5 Column: 0
2023-09-05 01:59:51.061 [INFO]    Row: 5 Column: 0
2023-09-05 01:59:51.061 [INFO]    Piece1 5, 0
2023-09-05 01:59:51.061 [INFO]    Piece2 5, 0
2023-09-05 01:59:51.482 [INFO]    Row: 5 Column: 0
2023-09-05 01:59:52.293 [INFO]    Row: 5 Column: 0
2023-09-05 01:59:52.293 [INFO]    Piece1 5, 0
2023-09-05 01:59:52.293 [INFO]    Piece2 5, 0
2023-09-05 01:59:53.274 [INFO]    Row: 5 Column: 0
2023-09-05 01:59:56.063 [INFO]    Row: 5 Column: 0
2023-09-05 01:59:56.063 [INFO]    Piece1 5, 0
2023-09-05 01:59:56.063 [INFO]    Piece2 5, 0
2023-09-05 01:59:57.346 [INFO]    Row: 5 Column: 0
2023-09-05 01:59:58.849 [INFO]    Row: 5 Column: 0
2023-09-05 01:59:58.849 [INFO]    Piece1 5, 0
2023-09-05 01:59:58.850 [INFO]    Piece2 5, 0
2023-09-05 01:59:59.579 [INFO]    Row: 5 Column: 0
2023-09-05 02:00:30.674 [INFO]    Row: 5 Column: 0
2023-09-05 02:00:30.674 [INFO]    Piece1 5, 0
2023-09-05 02:00:30.674 [INFO]    Piece2 5, 0
2023-09-05 02:00:31.216 [INFO]    Row: 5 Column: 0
2023-09-05 02:00:31.973 [INFO]    Row: 5 Column: 0
2023-09-05 02:00:31.973 [INFO]    Piece1 5, 0
2023-09-05 02:00:31.973 [INFO]    Piece2 5, 0
2023-09-05 02:00:33.393 [INFO]    Row: 5 Column: 0
2023-09-05 02:00:34.114 [INFO]    Row: 5 Column: 0
2023-09-05 02:00:34.114 [INFO]    Piece1 5, 0
2023-09-05 02:00:34.114 [INFO]    Piece2 5, 0
2023-09-05 02:00:36.569 [INFO]    Row: 5 Column: 2
2023-09-05 02:00:37.303 [INFO]    Row: 5 Column: 2
2023-09-05 02:00:37.304 [INFO]    Piece1 5, 2
2023-09-05 02:00:37.304 [INFO]    Piece2 5, 2
2023-09-05 02:00:37.821 [INFO]    Row: 5 Column: 2
2023-09-05 02:00:39.307 [INFO]    Row: 5 Column: 2
2023-09-05 02:00:39.307 [INFO]    Piece1 5, 2
2023-09-05 02:00:39.307 [INFO]    Piece2 5, 2
2023-09-05 02:00:39.864 [INFO]    Row: 5 Column: 2
2023-09-05 02:00:40.293 [INFO]    Row: 5 Column: 2
2023-09-05 02:00:40.293 [INFO]    Piece1 5, 2
2023-09-05 02:00:40.293 [INFO]    Piece2 5, 2
2023-09-05 02:00:56.036 [INFO]    Row: 5 Column: 2
2023-09-05 02:00:56.975 [INFO]    Row: 5 Column: 2
2023-09-05 02:00:56.975 [INFO]    Piece1 5, 2
2023-09-05 02:00:56.976 [INFO]    Piece2 5, 2
2023-09-05 02:00:57.966 [INFO]    Row: 5 Column: 2
2023-09-05 02:00:58.546 [INFO]    Row: 5 Column: 2
2023-09-05 02:00:58.546 [INFO]    Piece1 5, 2
2023-09-05 02:00:58.546 [INFO]    Piece2 5, 2
2023-09-05 02:00:59.129 [INFO]    Row: 5 Column: 2
2023-09-05 02:00:59.721 [INFO]    Row: 4 Column: 1
2023-09-05 02:00:59.721 [INFO]    Piece1 5, 2
2023-09-05 02:00:59.721 [INFO]    Piece2 4, 1
2023-09-05 02:00:59.739 [INFO]    Max is Black
2023-09-05 02:00:59.755 [INFO]    Evaluating Node number: 1 - Score: 14
2023-09-05 02:00:59.835 [INFO]    Node Values: 35,18,18,19,-2,-1,-2
2023-09-05 02:00:59.835 [INFO]    Piece1 2, 1
2023-09-05 02:00:59.835 [INFO]    Piece2 3, 2
2023-09-05 02:01:00.854 [INFO]    Row: 4 Column: 1
2023-09-05 02:01:01.841 [INFO]    Row: 4 Column: 1
2023-09-05 02:01:01.843 [INFO]    Piece1 4, 1
2023-09-05 02:01:01.843 [INFO]    Piece2 4, 1
2023-09-05 02:01:04.913 [INFO]    Row: 4 Column: 1
2023-09-05 02:01:05.681 [INFO]    Row: 4 Column: 1
2023-09-05 02:01:05.682 [INFO]    Piece1 4, 1
2023-09-05 02:01:05.682 [INFO]    Piece2 4, 1
2023-09-05 02:01:06.209 [INFO]    Row: 4 Column: 1
2023-09-05 02:01:19.545 [INFO]    Row: 4 Column: 1
2023-09-05 02:01:19.545 [INFO]    Piece1 4, 1
2023-09-05 02:01:19.545 [INFO]    Piece2 4, 1
2023-09-05 02:01:20.127 [INFO]    Row: 4 Column: 1
2023-09-05 02:01:31.865 [INFO]    Row: 5 Column: 6
2023-09-05 02:01:32.603 [INFO]    Row: 5 Column: 6
2023-09-05 02:01:32.604 [INFO]    Piece1 5, 6
2023-09-05 02:01:32.605 [INFO]    Piece2 5, 6
2023-09-05 02:01:33.171 [INFO]    Row: 5 Column: 6
2023-09-05 02:01:33.638 [INFO]    Row: 5 Column: 6
2023-09-05 02:01:33.639 [INFO]    Piece1 5, 6
2023-09-05 02:01:33.639 [INFO]    Piece2 5, 6
2023-09-05 02:01:36.624 [INFO]    Row: 5 Column: 4
2023-09-05 02:01:42.931 [INFO]    Row: 5 Column: 4
2023-09-05 02:01:42.931 [INFO]    Piece1 5, 4
2023-09-05 02:01:42.931 [INFO]    Piece2 5, 4
2023-09-05 02:02:18.147 [INFO]    Row: 5 Column: 6
2023-09-05 02:02:18.721 [INFO]    Row: 4 Column: 5
2023-09-05 02:02:18.724 [INFO]    Piece1 5, 6
2023-09-05 02:02:18.724 [INFO]    Piece2 4, 5
2023-09-05 02:02:18.731 [INFO]    Max is Black
2023-09-05 02:02:18.762 [INFO]    Evaluating Node number: 1 - Score: 33
2023-09-05 02:02:18.881 [INFO]    Node Values: 34,35,18,34,19,18,0
2023-09-05 02:02:18.882 [INFO]    Piece1 2, 1
2023-09-05 02:02:18.882 [INFO]    Piece2 3, 0
2023-09-05 02:18:58.259 [INFO]    Row: 5 Column: 2
2023-09-05 02:18:59.041 [INFO]    Row: 5 Column: 2
2023-09-05 02:18:59.041 [INFO]    Piece1 5, 2
2023-09-05 02:18:59.041 [INFO]    Piece2 5, 2
2023-09-05 02:18:59.771 [INFO]    Row: 5 Column: 2
2023-09-05 02:19:00.368 [INFO]    Row: 5 Column: 2
2023-09-05 02:19:00.368 [INFO]    Piece1 5, 2
2023-09-05 02:19:00.369 [INFO]    Piece2 5, 2
2023-09-05 02:19:01.001 [INFO]    Row: 5 Column: 2
2023-09-05 02:19:01.566 [INFO]    Row: 5 Column: 2
2023-09-05 02:19:01.567 [INFO]    Piece1 5, 2
2023-09-05 02:19:01.567 [INFO]    Piece2 5, 2
2023-09-05 02:19:02.600 [INFO]    Row: 5 Column: 2
2023-09-05 02:19:03.617 [INFO]    Row: 5 Column: 2
2023-09-05 02:19:03.618 [INFO]    Piece1 5, 2
2023-09-05 02:19:03.618 [INFO]    Piece2 5, 2
2023-09-05 02:19:05.136 [INFO]    Row: 5 Column: 2
2023-09-05 02:19:05.798 [INFO]    Row: 5 Column: 2
2023-09-05 02:19:05.798 [INFO]    Piece1 5, 2
2023-09-05 02:19:05.798 [INFO]    Piece2 5, 2
2023-09-05 02:19:06.318 [INFO]    Row: 5 Column: 2
2023-09-05 02:19:07.414 [INFO]    Row: 5 Column: 2
2023-09-05 02:19:07.414 [INFO]    Piece1 5, 2
2023-09-05 02:19:07.414 [INFO]    Piece2 5, 2
2023-09-05 02:19:08.116 [INFO]    Row: 5 Column: 2
2023-09-05 02:19:08.721 [INFO]    Row: 5 Column: 2
2023-09-05 02:19:08.721 [INFO]    Piece1 5, 2
2023-09-05 02:19:08.721 [INFO]    Piece2 5, 2
2023-09-05 02:19:09.440 [INFO]    Row: 5 Column: 2
2023-09-05 02:19:17.702 [INFO]    Row: 5 Column: 2
2023-09-05 02:19:17.702 [INFO]    Piece1 5, 2
2023-09-05 02:19:17.702 [INFO]    Piece2 5, 2
2023-09-05 02:19:23.232 [INFO]    Row: 5 Column: 2
2023-09-05 02:19:24.765 [INFO]    Row: 5 Column: 2
2023-09-05 02:19:24.765 [INFO]    Piece1 5, 2
2023-09-05 02:19:24.766 [INFO]    Piece2 5, 2
2023-09-05 02:19:51.741 [INFO]    Row: 5 Column: 2
2023-09-05 02:19:53.068 [INFO]    Row: 5 Column: 2
2023-09-05 02:19:53.068 [INFO]    Piece1 5, 2
2023-09-05 02:19:53.068 [INFO]    Piece2 5, 2
2023-09-05 02:19:54.124 [INFO]    Row: 5 Column: 2
2023-09-05 02:19:54.640 [INFO]    Row: 5 Column: 2
2023-09-05 02:19:54.641 [INFO]    Piece1 5, 2
2023-09-05 02:19:54.641 [INFO]    Piece2 5, 2
2023-09-05 02:19:55.266 [INFO]    Row: 5 Column: 2
2023-09-05 02:19:55.892 [INFO]    Row: 5 Column: 2
2023-09-05 02:19:55.893 [INFO]    Piece1 5, 2
2023-09-05 02:19:55.893 [INFO]    Piece2 5, 2
2023-09-05 02:19:56.365 [INFO]    Row: 5 Column: 2
2023-09-05 02:19:59.375 [INFO]    Row: 5 Column: 2
2023-09-05 02:19:59.375 [INFO]    Piece1 5, 2
2023-09-05 02:19:59.375 [INFO]    Piece2 5, 2
2023-09-05 02:20:31.698 [INFO]    Row: 5 Column: 2
2023-09-05 02:20:32.348 [INFO]    Row: 5 Column: 2
2023-09-05 02:20:32.348 [INFO]    Piece1 5, 2
2023-09-05 02:20:32.348 [INFO]    Piece2 5, 2
2023-09-05 02:20:59.921 [INFO]    Row: 5 Column: 2
2023-09-05 02:21:05.896 [INFO]    Row: 5 Column: 2
2023-09-05 02:21:05.896 [INFO]    Piece1 5, 2
2023-09-05 02:21:05.896 [INFO]    Piece2 5, 2
2023-09-05 02:21:23.231 [INFO]    Row: 5 Column: 2
2023-09-05 02:21:38.768 [INFO]    Row: 5 Column: 2
2023-09-05 02:21:38.768 [INFO]    Piece1 5, 2
2023-09-05 02:21:38.768 [INFO]    Piece2 5, 2
2023-09-05 02:21:40.558 [INFO]    Row: 5 Column: 2
2023-09-05 02:21:41.338 [INFO]    Row: 5 Column: 2
2023-09-05 02:21:41.338 [INFO]    Piece1 5, 2
2023-09-05 02:21:41.338 [INFO]    Piece2 5, 2
2023-09-05 02:21:45.356 [INFO]    Row: 5 Column: 2
2023-09-05 02:21:46.213 [INFO]    Row: 5 Column: 2
2023-09-05 02:21:46.213 [INFO]    Piece1 5, 2
2023-09-05 02:21:46.213 [INFO]    Piece2 5, 2
2023-09-05 02:22:13.509 [INFO]    Row: 5 Column: 2
2023-09-05 02:22:53.557 [INFO]    Row: 5 Column: 2
2023-09-05 02:22:53.557 [INFO]    Piece1 5, 2
2023-09-05 02:22:53.557 [INFO]    Piece2 5, 2
2023-09-05 02:22:56.158 [INFO]    Row: 5 Column: 2
2023-09-05 02:22:57.098 [INFO]    Row: 5 Column: 2
2023-09-05 02:22:57.098 [INFO]    Piece1 5, 2
2023-09-05 02:22:57.107 [INFO]    Piece2 5, 2
2023-09-05 02:22:58.154 [INFO]    Row: 5 Column: 2
2023-09-05 02:22:59.106 [INFO]    Row: 5 Column: 2
2023-09-05 02:22:59.108 [INFO]    Piece1 5, 2
2023-09-05 02:22:59.108 [INFO]    Piece2 5, 2
2023-09-05 02:23:05.534 [INFO]    Row: 5 Column: 4
2023-09-05 02:23:09.365 [INFO]    Row: 5 Column: 4
2023-09-05 02:23:09.365 [INFO]    Piece1 5, 4
2023-09-05 02:23:09.365 [INFO]    Piece2 5, 4
2023-09-05 02:23:09.983 [INFO]    Row: 5 Column: 4
2023-09-05 02:23:10.954 [INFO]    Row: 5 Column: 4
2023-09-05 02:23:10.955 [INFO]    Piece1 5, 4
2023-09-05 02:23:10.955 [INFO]    Piece2 5, 4
2023-09-05 02:23:11.386 [INFO]    Row: 5 Column: 4
2023-09-05 02:23:11.909 [INFO]    Row: 5 Column: 4
2023-09-05 02:23:11.909 [INFO]    Piece1 5, 4
2023-09-05 02:23:11.909 [INFO]    Piece2 5, 4
2023-09-05 02:23:12.638 [INFO]    Row: 4 Column: 5
2023-09-05 02:23:13.777 [INFO]    Row: 4 Column: 5
2023-09-05 02:23:13.777 [INFO]    Piece1 4, 5
2023-09-05 02:23:13.777 [INFO]    Piece2 4, 5
2023-09-05 02:26:58.981 [INFO]    Row: 5 Column: 4
2023-09-05 02:27:00.019 [INFO]    Row: 4 Column: 3
2023-09-05 02:27:00.021 [INFO]    Piece1 5, 4
2023-09-05 02:27:00.022 [INFO]    Piece2 4, 3
2023-09-05 02:27:00.026 [INFO]    Max is Black
2023-09-05 02:27:00.051 [INFO]    Evaluating Node number: 1 - Score: 16
2023-09-05 02:27:00.156 [INFO]    Node Values: 19,-2,17,18,18,19,-1
2023-09-05 02:27:00.156 [INFO]    Piece1 2, 5
2023-09-05 02:27:00.156 [INFO]    Piece2 3, 4
2023-09-05 02:27:01.591 [INFO]    Row: 4 Column: 3
2023-09-05 02:27:02.770 [INFO]    Row: 2 Column: 5
2023-09-05 02:27:02.770 [INFO]    Piece1 4, 3
2023-09-05 02:27:02.771 [INFO]    Piece2 2, 5
2023-09-05 02:27:02.776 [INFO]    Max is Black
2023-09-05 02:27:02.777 [INFO]    Evaluating Node number: 1 - Score: 1
2023-09-05 02:27:02.837 [INFO]    Node Values: 20,19
2023-09-05 02:27:02.838 [INFO]    Piece1 1, 4
2023-09-05 02:27:02.838 [INFO]    Piece2 3, 6
2023-09-05 02:27:04.473 [INFO]    Row: 5 Column: 6
2023-09-05 02:27:05.266 [INFO]    Row: 4 Column: 5
2023-09-05 02:27:05.266 [INFO]    Piece1 5, 6
2023-09-05 02:27:05.266 [INFO]    Piece2 4, 5
2023-09-05 02:27:05.273 [INFO]    Max is Black
2023-09-05 02:27:05.274 [INFO]    Evaluating Node number: 1 - Score: 14
2023-09-05 02:27:05.308 [INFO]    Node Values: 34
2023-09-05 02:27:05.308 [INFO]    Piece1 3, 6
2023-09-05 02:27:05.308 [INFO]    Piece2 5, 4
2023-09-05 02:33:40.658 [INFO]    Row: 6 Column: 5
2023-09-05 02:33:42.400 [INFO]    Row: 4 Column: 3
2023-09-05 02:33:42.400 [INFO]    Piece1 6, 5
2023-09-05 02:33:42.400 [INFO]    Piece2 4, 3
2023-09-05 02:33:42.408 [INFO]    Max is Black
2023-09-05 02:33:42.408 [INFO]    Evaluating Node number: 1 - Score: -1
2023-09-05 02:33:42.530 [INFO]    Node Values: 18,17,35,19,35,19,35,18
2023-09-05 02:33:42.530 [INFO]    Piece1 2, 3
2023-09-05 02:33:42.530 [INFO]    Piece2 3, 2
2023-09-05 02:33:44.711 [INFO]    Row: 4 Column: 3
2023-09-05 02:33:48.921 [INFO]    Row: 4 Column: 3
2023-09-05 02:33:48.922 [INFO]    Piece1 4, 3
2023-09-05 02:33:48.922 [INFO]    Piece2 4, 3
2023-09-05 02:33:50.490 [INFO]    Row: 4 Column: 3
2023-09-05 02:33:53.373 [INFO]    Row: 4 Column: 3
2023-09-05 02:33:53.373 [INFO]    Piece1 4, 3
2023-09-05 02:33:53.373 [INFO]    Piece2 4, 3
2023-09-05 02:34:00.274 [INFO]    Row: 5 Column: 0
2023-09-05 02:34:02.073 [INFO]    Row: 4 Column: 1
2023-09-05 02:34:02.073 [INFO]    Piece1 5, 0
2023-09-05 02:34:02.073 [INFO]    Piece2 4, 1
2023-09-05 02:34:02.083 [INFO]    Max is Black
2023-09-05 02:34:02.085 [INFO]    Evaluating Node number: 1 - Score: -7
2023-09-05 02:34:02.146 [INFO]    Node Values: 15,35
2023-09-05 02:34:02.147 [INFO]    Piece1 3, 2
2023-09-05 02:34:02.147 [INFO]    Piece2 5, 0
2023-09-05 02:34:04.079 [INFO]    Row: 5 Column: 2
2023-09-05 02:34:06.306 [INFO]    Row: 4 Column: 1
2023-09-05 02:34:06.306 [INFO]    Piece1 5, 2
2023-09-05 02:34:06.306 [INFO]    Piece2 4, 1
2023-09-05 02:34:06.310 [INFO]    Max is Black
2023-09-05 02:34:06.317 [INFO]    Evaluating Node number: 1 - Score: 37
2023-09-05 02:34:06.510 [INFO]    Node Values: 53,53,53,38,34,38,38
2023-09-05 02:34:06.511 [INFO]    Piece1 1, 2
2023-09-05 02:34:06.511 [INFO]    Piece2 2, 3
2023-09-05 02:34:08.405 [INFO]    Row: 6 Column: 1
2023-09-05 02:34:12.109 [INFO]    Row: 5 Column: 2
2023-09-05 02:34:12.109 [INFO]    Piece1 6, 1
2023-09-05 02:34:12.110 [INFO]    Piece2 5, 2
2023-09-05 02:34:12.118 [INFO]    Max is Black
2023-09-05 02:34:12.127 [INFO]    Evaluating Node number: 1 - Score: -1
2023-09-05 02:34:12.283 [INFO]    Node Values: 33,36,33,36,36,36,53,33,37,36,13
2023-09-05 02:34:12.283 [INFO]    Piece1 2, 1
2023-09-05 02:34:12.284 [INFO]    Piece2 3, 0
2023-09-05 02:34:17.133 [INFO]    Row: 4 Column: 3
2023-09-05 02:34:18.193 [INFO]    Row: 3 Column: 2
2023-09-05 02:34:18.193 [INFO]    Piece1 4, 3
2023-09-05 02:34:18.193 [INFO]    Piece2 3, 2
2023-09-05 02:34:18.201 [INFO]    Max is Black
2023-09-05 02:34:18.208 [INFO]    Evaluating Node number: 1 - Score: 38
2023-09-05 02:34:18.348 [INFO]    Node Values: 38,49,38,49,38,38,54,38,15
2023-09-05 02:34:18.349 [INFO]    Piece1 2, 3
2023-09-05 02:34:18.349 [INFO]    Piece2 3, 4
2023-09-05 02:34:22.796 [INFO]    Row: 6 Column: 3
2023-09-05 02:34:25.305 [INFO]    Row: 5 Column: 4
2023-09-05 02:34:25.305 [INFO]    Piece1 6, 3
2023-09-05 02:34:25.306 [INFO]    Piece2 5, 4
2023-09-05 02:34:25.313 [INFO]    Max is Black
2023-09-05 02:34:25.317 [INFO]    Evaluating Node number: 1 - Score: -9
2023-09-05 02:34:25.994 [INFO]    Node Values: 51,37,51,37,18,51,51,36,51,16
2023-09-05 02:34:25.994 [INFO]    Piece1 2, 7
2023-09-05 02:34:25.994 [INFO]    Piece2 3, 6
2023-09-05 02:34:27.612 [INFO]    Row: 6 Column: 7
2023-09-05 02:34:28.130 [INFO]    Row: 5 Column: 6
2023-09-05 02:34:28.130 [INFO]    Piece1 6, 7
2023-09-05 02:34:28.130 [INFO]    Piece2 5, 6
2023-09-05 02:34:28.140 [INFO]    Max is Black
2023-09-05 02:34:28.143 [INFO]    Evaluating Node number: 1 - Score: -9
2023-09-05 02:34:29.181 [INFO]    Node Values: 51,37,70,37,18,70,51,34,71,32,53,16
2023-09-05 02:34:29.181 [INFO]    Piece1 3, 4
2023-09-05 02:34:29.182 [INFO]    Piece2 4, 3
2023-09-05 02:34:32.715 [INFO]    Row: 5 Column: 2
2023-09-05 02:34:33.787 [INFO]    Row: 3 Column: 4
2023-09-05 02:34:33.787 [INFO]    Piece1 5, 2
2023-09-05 02:34:33.788 [INFO]    Piece2 3, 4
2023-09-05 02:34:33.793 [INFO]    Max is Black
2023-09-05 02:34:33.794 [INFO]    Evaluating Node number: 1 - Score: -25
2023-09-05 02:34:33.988 [INFO]    Node Values: 87
2023-09-05 02:34:33.988 [INFO]    Piece1 3, 0
2023-09-05 02:34:33.989 [INFO]    Piece2 5, 2
2023-09-05 02:34:37.953 [INFO]    Row: 5 Column: 4
2023-09-05 02:34:39.696 [INFO]    Row: 4 Column: 5
2023-09-05 02:34:39.697 [INFO]    Piece1 5, 4
2023-09-05 02:34:39.697 [INFO]    Piece2 4, 5
2023-09-05 02:34:39.706 [INFO]    Max is Black
2023-09-05 02:34:39.707 [INFO]    Evaluating Node number: 1 - Score: -8
2023-09-05 02:34:39.887 [INFO]    Node Values: 114
2023-09-05 02:34:39.887 [INFO]    Piece1 3, 6
2023-09-05 02:34:39.887 [INFO]    Piece2 5, 4
2023-09-05 02:34:43.814 [INFO]    Row: 7 Column: 0
2023-09-05 02:34:44.322 [INFO]    Row: 6 Column: 1
2023-09-05 02:34:44.322 [INFO]    Piece1 7, 0
2023-09-05 02:34:44.322 [INFO]    Piece2 6, 1
2023-09-05 02:34:44.330 [INFO]    Max is Black
2023-09-05 02:34:44.331 [INFO]    Evaluating Node number: 1 - Score: 19
2023-09-05 02:34:44.447 [INFO]    Node Values: 142
2023-09-05 02:34:44.448 [INFO]    Piece1 5, 2
2023-09-05 02:34:44.448 [INFO]    Piece2 7, 0
2023-09-05 02:34:47.300 [INFO]    Row: 7 Column: 2
2023-09-05 02:34:48.111 [INFO]    Row: 6 Column: 1
2023-09-05 02:34:48.112 [INFO]    Piece1 7, 2
2023-09-05 02:34:48.112 [INFO]    Piece2 6, 1
2023-09-05 02:34:48.120 [INFO]    Max is Black
2023-09-05 02:34:48.121 [INFO]    Evaluating Node number: 1 - Score: 46
2023-09-05 02:34:48.414 [INFO]    Node Values: 142,140
2023-09-05 02:34:48.415 [INFO]    Piece1 5, 0
2023-09-05 02:34:48.415 [INFO]    Piece2 7, 2
2023-09-05 02:34:52.595 [INFO]    Row: 5 Column: 6
2023-09-05 02:34:53.082 [INFO]    Row: 4 Column: 7
2023-09-05 02:34:53.082 [INFO]    Piece1 5, 6
2023-09-05 02:34:53.082 [INFO]    Piece2 4, 7
2023-09-05 02:34:53.091 [INFO]    Max is Black
2023-09-05 02:34:53.096 [INFO]    Evaluating Node number: 1 - Score: 45
2023-09-05 02:34:54.163 [INFO]    Node Values: 125,124,128,124,92,143,110,122,122,142,120,142
2023-09-05 02:34:54.164 [INFO]    Piece1 1, 6
2023-09-05 02:34:54.164 [INFO]    Piece2 2, 7
2023-09-05 02:34:55.221 [INFO]    Row: 4 Column: 7
2023-09-05 02:34:56.969 [INFO]    Row: 4 Column: 7
2023-09-05 02:34:56.969 [INFO]    Piece1 4, 7
2023-09-05 02:34:56.970 [INFO]    Piece2 4, 7
2023-09-05 02:34:57.511 [INFO]    Row: 3 Column: 4
2023-09-05 02:34:58.079 [INFO]    Row: 2 Column: 3
2023-09-05 02:34:58.080 [INFO]    Piece1 3, 4
2023-09-05 02:34:58.080 [INFO]    Piece2 2, 3
2023-09-05 02:34:58.087 [INFO]    Max is Black
2023-09-05 02:34:58.089 [INFO]    Evaluating Node number: 1 - Score: 47
2023-09-05 02:34:59.016 [INFO]    Node Values: 130,142,142,108,110,142,108,128,140,140,141,126,141
2023-09-05 02:34:59.017 [INFO]    Piece1 0, 3
2023-09-05 02:34:59.017 [INFO]    Piece2 1, 4
2023-09-05 02:35:00.688 [INFO]    Row: 2 Column: 3
2023-09-05 02:35:03.184 [INFO]    Row: 2 Column: 3
2023-09-05 02:35:03.185 [INFO]    Piece1 2, 3
2023-09-05 02:35:03.185 [INFO]    Piece2 2, 3
2023-09-05 02:35:04.778 [INFO]    Row: 7 Column: 6
2023-09-05 02:35:06.039 [INFO]    Row: 6 Column: 7
2023-09-05 02:35:06.039 [INFO]    Piece1 7, 6
2023-09-05 02:35:06.039 [INFO]    Piece2 6, 7
2023-09-05 02:35:06.046 [INFO]    Max is Black
2023-09-05 02:35:06.050 [INFO]    Evaluating Node number: 1 - Score: 47
2023-09-05 02:35:06.748 [INFO]    Node Values: 101,101,158,122,158,75,140,139,157,125,157
2023-09-05 02:35:06.749 [INFO]    Piece1 0, 7
2023-09-05 02:35:06.749 [INFO]    Piece2 1, 6
2023-09-05 02:35:08.366 [INFO]    Row: 6 Column: 7
2023-09-05 02:35:09.158 [INFO]    Row: 5 Column: 6
2023-09-05 02:35:09.158 [INFO]    Piece1 6, 7
2023-09-05 02:35:09.158 [INFO]    Piece2 5, 6
2023-09-05 02:35:09.164 [INFO]    Max is Black
2023-09-05 02:35:09.169 [INFO]    Evaluating Node number: 1 - Score: 32
2023-09-05 02:35:09.515 [INFO]    Node Values: 100,152,2147483647,2147483647,78,152,2147483647,2147483647,2147483647,2147483647
2023-09-05 02:35:09.516 [INFO]    Piece1 1, 4
2023-09-05 02:35:09.516 [INFO]    Piece2 2, 5
2023-09-05 02:35:10.916 [INFO]    Row: 4 Column: 7
2023-09-05 02:51:41.149 [INFO]    Row: 5 Column: 0
2023-09-05 02:51:43.227 [INFO]    Row: 4 Column: 1
2023-09-05 02:51:43.229 [INFO]    Piece1 5, 0
2023-09-05 02:51:43.229 [INFO]    Piece2 4, 1
2023-09-05 02:51:43.235 [INFO]    Max is Black
2023-09-05 02:51:43.245 [INFO]    Evaluating Node number: 1 - Score: -3
2023-09-05 02:51:43.355 [INFO]    Node Values: 18,19,16,19,17,18,17
2023-09-05 02:51:43.355 [INFO]    Piece1 2, 1
2023-09-05 02:51:43.355 [INFO]    Piece2 3, 0
2023-09-05 02:51:46.518 [INFO]    Row: 5 Column: 6
2023-09-05 02:51:47.019 [INFO]    Row: 4 Column: 7
2023-09-05 02:51:47.019 [INFO]    Piece1 5, 6
2023-09-05 02:51:47.020 [INFO]    Piece2 4, 7
2023-09-05 02:51:47.025 [INFO]    Max is Black
2023-09-05 02:51:47.029 [INFO]    Evaluating Node number: 1 - Score: 16
2023-09-05 02:51:47.102 [INFO]    Node Values: 35,35,35,19,19,17,35
2023-09-05 02:51:47.103 [INFO]    Piece1 1, 0
2023-09-05 02:51:47.103 [INFO]    Piece2 2, 1
2023-09-05 02:51:50.972 [INFO]    Row: 6 Column: 5
2023-09-05 02:51:52.004 [INFO]    Row: 6 Column: 5
2023-09-05 02:51:52.005 [INFO]    Piece1 6, 5
2023-09-05 02:51:52.005 [INFO]    Piece2 6, 5
2023-09-05 02:51:52.798 [INFO]    Row: 6 Column: 7
2023-09-05 02:51:53.374 [INFO]    Row: 5 Column: 6
2023-09-05 02:51:53.374 [INFO]    Piece1 6, 7
2023-09-05 02:51:53.374 [INFO]    Piece2 5, 6
2023-09-05 02:51:53.382 [INFO]    Max is Black
2023-09-05 02:51:53.386 [INFO]    Evaluating Node number: 1 - Score: 52
2023-09-05 02:51:53.461 [INFO]    Node Values: 52,69,16,36,35,51,51
2023-09-05 02:51:53.461 [INFO]    Piece1 2, 1
2023-09-05 02:51:53.461 [INFO]    Piece2 3, 2
2023-09-05 02:52:02.597 [INFO]    Row: 6 Column: 1
2023-09-05 02:52:04.027 [INFO]    Row: 5 Column: 0
2023-09-05 02:52:04.027 [INFO]    Piece1 6, 1
2023-09-05 02:52:04.027 [INFO]    Piece2 5, 0
2023-09-05 02:52:04.035 [INFO]    Max is Black
2023-09-05 02:52:04.041 [INFO]    Evaluating Node number: 1 - Score: 17
2023-09-05 02:52:04.108 [INFO]    Node Values: 34,32,52,17,51,16,34
2023-09-05 02:52:04.109 [INFO]    Piece1 2, 3
2023-09-05 02:52:04.109 [INFO]    Piece2 3, 4
2023-09-05 02:52:05.793 [INFO]    Row: 4 Column: 1
2023-09-05 02:52:07.121 [INFO]    Row: 4 Column: 1
2023-09-05 02:52:07.121 [INFO]    Piece1 4, 1
2023-09-05 02:52:07.121 [INFO]    Piece2 4, 1
2023-09-05 02:52:14.278 [INFO]    Row: 4 Column: 1
2023-09-05 02:52:15.183 [INFO]    Row: 2 Column: 3
2023-09-05 02:52:15.183 [INFO]    Piece1 4, 1
2023-09-05 02:52:15.183 [INFO]    Piece2 2, 3
2023-09-05 02:52:15.197 [INFO]    Max is Black
2023-09-05 02:52:15.198 [INFO]    Evaluating Node number: 1 - Score: 33
2023-09-05 02:52:15.199 [INFO]    Node Values: 50
2023-09-05 02:52:15.199 [INFO]    Piece1 1, 4
2023-09-05 02:52:15.200 [INFO]    Piece2 3, 2
2023-09-05 02:52:16.443 [INFO]    Row: 5 Column: 0
2023-09-05 02:52:16.926 [INFO]    Row: 4 Column: 1
2023-09-05 02:52:16.926 [INFO]    Piece1 5, 0
2023-09-05 02:52:16.926 [INFO]    Piece2 4, 1
2023-09-05 02:52:16.936 [INFO]    Max is Black
2023-09-05 02:52:16.938 [INFO]    Evaluating Node number: 1 - Score: 51
2023-09-05 02:52:16.939 [INFO]    Node Values: 68
2023-09-05 02:52:16.939 [INFO]    Piece1 3, 2
2023-09-05 02:52:16.939 [INFO]    Piece2 5, 0
2023-09-05 02:52:17.902 [INFO]    Row: 5 Column: 2
2023-09-05 02:52:18.393 [INFO]    Row: 4 Column: 1
2023-09-05 02:52:18.394 [INFO]    Piece1 5, 2
2023-09-05 02:52:18.394 [INFO]    Piece2 4, 1
2023-09-05 02:52:18.402 [INFO]    Max is Black
2023-09-05 02:52:18.402 [INFO]    Evaluating Node number: 1 - Score: 30
2023-09-05 02:52:18.527 [INFO]    Node Values: 68
2023-09-05 02:52:18.527 [INFO]    Piece1 3, 0
2023-09-05 02:52:18.527 [INFO]    Piece2 5, 2
2023-09-05 02:52:20.436 [INFO]    Row: 6 Column: 3
2023-09-05 02:52:21.126 [INFO]    Row: 4 Column: 1
2023-09-05 02:52:21.126 [INFO]    Piece1 6, 3
2023-09-05 02:52:21.127 [INFO]    Piece2 4, 1
2023-09-05 02:52:21.131 [INFO]    Max is Black
2023-09-05 02:52:21.137 [INFO]    Evaluating Node number: 1 - Score: 53
2023-09-05 02:52:21.703 [INFO]    Node Values: 69,70,70,67,32,37,35,54,18,14
2023-09-05 02:52:21.704 [INFO]    Piece1 0, 3
2023-09-05 02:52:21.704 [INFO]    Piece2 1, 4
2023-09-05 02:52:23.292 [INFO]    Row: 5 Column: 4
2023-09-05 02:52:23.794 [INFO]    Row: 4 Column: 3
2023-09-05 02:52:23.794 [INFO]    Piece1 5, 4
2023-09-05 02:52:23.794 [INFO]    Piece2 4, 3
2023-09-05 02:52:23.806 [INFO]    Max is Black
2023-09-05 02:52:23.808 [INFO]    Evaluating Node number: 1 - Score: 69
2023-09-05 02:52:23.912 [INFO]    Node Values: 87
2023-09-05 02:52:23.913 [INFO]    Piece1 3, 4
2023-09-05 02:52:23.913 [INFO]    Piece2 5, 2
2023-09-05 02:52:25.571 [INFO]    Row: 7 Column: 2
2023-09-05 02:52:26.030 [INFO]    Row: 6 Column: 1
2023-09-05 02:52:26.032 [INFO]    Piece1 7, 2
2023-09-05 02:52:26.032 [INFO]    Piece2 6, 1
2023-09-05 02:52:26.037 [INFO]    Max is Black
2023-09-05 02:52:26.038 [INFO]    Evaluating Node number: 1 - Score: 96
2023-09-05 02:52:26.161 [INFO]    Node Values: 114
2023-09-05 02:52:26.161 [INFO]    Piece1 5, 0
2023-09-05 02:52:26.161 [INFO]    Piece2 7, 2
2023-09-05 02:52:27.509 [INFO]    Row: 7 Column: 4
2023-09-05 02:52:28.016 [INFO]    Row: 6 Column: 3
2023-09-05 02:52:28.016 [INFO]    Piece1 7, 4
2023-09-05 02:52:28.017 [INFO]    Piece2 6, 3
2023-09-05 02:52:28.023 [INFO]    Max is Black
2023-09-05 02:52:28.024 [INFO]    Evaluating Node number: 1 - Score: 122
2023-09-05 02:52:28.216 [INFO]    Node Values: 141,85
2023-09-05 02:52:28.217 [INFO]    Piece1 5, 2
2023-09-05 02:52:28.217 [INFO]    Piece2 7, 4
2023-09-05 02:52:29.547 [INFO]    Row: 6 Column: 5
2023-09-05 02:52:31.418 [INFO]    Row: 5 Column: 4
2023-09-05 02:52:31.419 [INFO]    Piece1 6, 5
2023-09-05 02:52:31.419 [INFO]    Piece2 5, 4
2023-09-05 02:52:31.422 [INFO]    Max is Black
2023-09-05 02:52:31.424 [INFO]    Evaluating Node number: 1 - Score: 60
2023-09-05 02:52:32.019 [INFO]    Node Values: 141,140,137,140,94,141,136,152,123,165,151
2023-09-05 02:52:32.019 [INFO]    Piece1 7, 4
2023-09-05 02:52:32.019 [INFO]    Piece2 6, 5
2023-09-05 02:52:35.173 [INFO]    Row: 7 Column: 6
2023-09-05 02:52:36.868 [INFO]    Row: 6 Column: 7
2023-09-05 02:52:36.868 [INFO]    Piece1 7, 6
2023-09-05 02:52:36.868 [INFO]    Piece2 6, 7
2023-09-05 02:52:36.879 [INFO]    Max is Black
2023-09-05 02:52:36.880 [INFO]    Evaluating Node number: 1 - Score: 151
2023-09-05 02:52:36.883 [INFO]    Node Values: 163
2023-09-05 02:52:36.883 [INFO]    Piece1 6, 5
2023-09-05 02:52:36.883 [INFO]    Piece2 4, 3
2023-09-05 02:52:39.522 [INFO]    Row: 5 Column: 6
2023-09-05 02:52:40.047 [INFO]    Row: 4 Column: 5
2023-09-05 02:52:40.047 [INFO]    Piece1 5, 6
2023-09-05 02:52:40.048 [INFO]    Piece2 4, 5
2023-09-05 02:52:40.054 [INFO]    Max is Black
2023-09-05 02:52:40.058 [INFO]    Evaluating Node number: 1 - Score: 150
2023-09-05 02:52:40.570 [INFO]    Node Values: 150,152,136,152,110,154,118,132,135,137,119,149,68
2023-09-05 02:52:40.570 [INFO]    Piece1 2, 5
2023-09-05 02:52:40.571 [INFO]    Piece2 3, 4
2023-09-05 02:52:41.607 [INFO]    Row: 4 Column: 5
2023-09-05 02:52:42.504 [INFO]    Row: 2 Column: 3
2023-09-05 02:52:42.505 [INFO]    Piece1 4, 5
2023-09-05 02:52:42.505 [INFO]    Piece2 2, 3
2023-09-05 02:52:42.516 [INFO]    Max is Black
2023-09-05 02:52:42.518 [INFO]    Evaluating Node number: 1 - Score: 151
2023-09-05 02:52:42.522 [INFO]    Node Values: 151,165
2023-09-05 02:52:42.522 [INFO]    Piece1 1, 4
2023-09-05 02:52:42.523 [INFO]    Piece2 3, 2
2023-09-05 02:52:43.537 [INFO]    Piece1 3, 2
2023-09-05 02:52:43.537 [INFO]    Piece2 5, 0
2023-09-05 02:52:46.042 [INFO]    Row: 4 Column: 7
2023-09-05 02:52:46.666 [INFO]    Row: 3 Column: 6
2023-09-05 02:52:46.667 [INFO]    Piece1 4, 7
2023-09-05 02:52:46.667 [INFO]    Piece2 3, 6
2023-09-05 02:52:46.674 [INFO]    Max is Black
2023-09-05 02:52:46.675 [INFO]    Evaluating Node number: 1 - Score: 2147483647
2023-09-05 02:52:46.675 [INFO]    Node Values: 2147483647
2023-09-05 02:52:46.675 [INFO]    Piece1 2, 7
2023-09-05 02:52:46.675 [INFO]    Piece2 4, 5
2023-09-05 02:52:47.956 [INFO]    Row: 6 Column: 7
2023-09-05 02:52:48.455 [INFO]    Row: 5 Column: 6
2023-09-05 02:52:48.455 [INFO]    Piece1 6, 7
2023-09-05 02:52:48.455 [INFO]    Piece2 5, 6
2023-09-05 02:52:48.466 [INFO]    Max is Black
2023-09-05 02:52:48.467 [INFO]    Evaluating Node number: 1 - Score: 2147483647
2023-09-05 02:52:48.467 [INFO]    Node Values: 2147483647
2023-09-05 02:52:48.467 [INFO]    Piece1 4, 5
2023-09-05 02:52:48.467 [INFO]    Piece2 6, 7
2023-09-05 02:52:49.766 [INFO]    Row: 7 Column: 0
2023-09-05 02:52:50.294 [INFO]    Row: 6 Column: 1
2023-09-05 02:52:50.295 [INFO]    Piece1 7, 0
2023-09-05 02:52:50.295 [INFO]    Piece2 6, 1
2023-09-05 02:52:50.299 [INFO]    Max is Black
2023-09-05 02:52:50.300 [INFO]    Evaluating Node number: 1 - Score: 2147483647
2023-09-05 02:52:50.307 [INFO]    Node Values: 2147483647,2147483647,2147483647,2147483647,2147483647,2147483647,2147483647,2147483647,2147483647,2147483647,2147483647,2147483647
2023-09-05 02:52:50.307 [INFO]    Piece1 6, 7
2023-09-05 02:52:50.307 [INFO]    Piece2 7, 6
2023-09-05 02:52:51.890 [INFO]    Row: 6 Column: 1
2023-09-05 02:52:52.668 [INFO]    Row: 5 Column: 2
2023-09-05 02:52:52.668 [INFO]    Piece1 6, 1
2023-09-05 02:52:52.669 [INFO]    Piece2 5, 2
2023-09-05 02:52:52.692 [INFO]    Max is Black
2023-09-05 02:52:52.693 [INFO]    Evaluating Node number: 1 - Score: 2147483647
2023-09-05 02:52:52.693 [INFO]    Node Values: 2147483647
2023-09-05 02:52:52.693 [INFO]    Piece1 4, 3
2023-09-05 02:52:52.693 [INFO]    Piece2 6, 1
2023-09-05 03:03:29.060 [INFO]    Row: 5 Column: 2
2023-09-05 03:03:30.567 [INFO]    Row: 4 Column: 1
2023-09-05 03:03:30.569 [INFO]    Piece1 5, 2
2023-09-05 03:03:30.570 [INFO]    Piece2 4, 1
2023-09-05 03:03:30.591 [INFO]    Max is Black
2023-09-05 03:03:30.612 [INFO]    Evaluating Node number: 1 - Score: 14
2023-09-05 03:03:30.685 [INFO]    Node Values: 35,18,18,19,-2,-1,-2
2023-09-05 03:03:30.685 [INFO]    Piece1 2, 1
2023-09-05 03:03:30.685 [INFO]    Piece2 3, 2
2023-09-05 03:03:33.034 [INFO]    Row: 4 Column: 1
2023-09-05 03:03:33.942 [INFO]    Row: 3 Column: 0
2023-09-05 03:03:33.942 [INFO]    Piece1 4, 1
2023-09-05 03:03:33.942 [INFO]    Piece2 3, 0
2023-09-05 03:03:33.953 [INFO]    Max is Black
2023-09-05 03:03:33.956 [INFO]    Evaluating Node number: 1 - Score: 34
2023-09-05 03:03:33.992 [INFO]    Node Values: 34,19,33,33,34,33,4,18
2023-09-05 03:03:33.992 [INFO]    Piece1 1, 0
2023-09-05 03:03:33.993 [INFO]    Piece2 2, 1
2023-09-05 03:03:38.240 [INFO]    Row: 5 Column: 4
2023-09-05 03:03:39.291 [INFO]    Row: 4 Column: 5
2023-09-05 03:03:39.291 [INFO]    Piece1 5, 4
2023-09-05 03:03:39.291 [INFO]    Piece2 4, 5
2023-09-05 03:03:39.301 [INFO]    Max is Black
2023-09-05 03:03:39.304 [INFO]    Evaluating Node number: 1 - Score: 33
2023-09-05 03:03:39.375 [INFO]    Node Values: 34,22,18,34,0,35,1
2023-09-05 03:03:39.376 [INFO]    Piece1 3, 2
2023-09-05 03:03:39.376 [INFO]    Piece2 4, 3
2023-09-05 03:06:44.691 [INFO]    Row: 5 Column: 6
2023-09-05 03:06:45.280 [INFO]    Row: 4 Column: 5
2023-09-05 03:06:45.282 [INFO]    Piece1 5, 6
2023-09-05 03:06:45.282 [INFO]    Piece2 4, 5
2023-09-05 03:06:45.288 [INFO]    Max is Black
2023-09-05 03:06:45.310 [INFO]    Evaluating Node number: 1 - Score: 33
2023-09-05 03:06:45.426 [INFO]    Node Values: 34,35,18,34,19,18,0
2023-09-05 03:06:45.427 [INFO]    Piece1 2, 1
2023-09-05 03:06:45.427 [INFO]    Piece2 3, 0
2023-09-05 03:06:48.087 [INFO]    Row: 5 Column: 4
2023-09-05 03:06:48.532 [INFO]    Row: 4 Column: 3
2023-09-05 03:06:48.533 [INFO]    Piece1 5, 4
2023-09-05 03:06:48.533 [INFO]    Piece2 4, 3
2023-09-05 03:06:48.543 [INFO]    Max is Black
2023-09-05 03:06:48.546 [INFO]    Evaluating Node number: 1 - Score: 17
2023-09-05 03:06:48.635 [INFO]    Node Values: 17,19,19,36,15,18,4,-1
2023-09-05 03:06:48.640 [INFO]    Piece1 2, 3
2023-09-05 03:06:48.640 [INFO]    Piece2 3, 2
2023-09-05 03:06:56.385 [INFO]    Row: 4 Column: 3
2023-09-05 03:06:57.260 [INFO]    Row: 2 Column: 1
2023-09-05 03:06:57.260 [INFO]    Piece1 4, 3
2023-09-05 03:06:57.260 [INFO]    Piece2 2, 1
2023-09-05 03:06:57.268 [INFO]    Max is Black
2023-09-05 03:06:57.269 [INFO]    Evaluating Node number: 1 - Score: 36
2023-09-05 03:06:57.275 [INFO]    Node Values: 36
2023-09-05 03:06:57.276 [INFO]    Piece1 1, 0
2023-09-05 03:06:57.276 [INFO]    Piece2 3, 2
2023-09-05 03:07:25.860 [INFO]    Row: 4 Column: 5
2023-09-05 03:07:26.978 [INFO]    Row: 4 Column: 5
2023-09-05 03:07:26.978 [INFO]    Piece1 4, 5
2023-09-05 03:07:26.978 [INFO]    Piece2 4, 5
2023-09-05 03:07:27.817 [INFO]    Row: 4 Column: 5
2023-09-05 03:07:28.492 [INFO]    Row: 4 Column: 5
2023-09-05 03:07:28.492 [INFO]    Piece1 4, 5
2023-09-05 03:07:28.492 [INFO]    Piece2 4, 5
2023-09-05 03:07:31.644 [INFO]    Row: 4 Column: 5
2023-09-05 03:07:32.205 [INFO]    Row: 3 Column: 4
2023-09-05 03:07:32.205 [INFO]    Piece1 4, 5
2023-09-05 03:07:32.205 [INFO]    Piece2 3, 4
2023-09-05 03:07:32.213 [INFO]    Max is Black
2023-09-05 03:07:32.213 [INFO]    Evaluating Node number: 1 - Score: -2
2023-09-05 03:07:32.253 [INFO]    Node Values: 37
2023-09-05 03:07:32.253 [INFO]    Piece1 2, 5
2023-09-05 03:07:32.253 [INFO]    Piece2 4, 3
2023-09-05 03:09:17.460 [INFO]    Row: 5 Column: 6
2023-09-05 03:09:18.808 [INFO]    Row: 5 Column: 6
2023-09-05 03:09:18.809 [INFO]    Piece1 5, 6
2023-09-05 03:09:18.810 [INFO]    Piece2 5, 6
2023-09-05 03:10:25.936 [INFO]    Row: 5 Column: 4
2023-09-05 03:10:26.432 [INFO]    Row: 4 Column: 3
2023-09-05 03:10:26.432 [INFO]    Piece1 5, 4
2023-09-05 03:10:26.432 [INFO]    Piece2 4, 3
2023-09-05 03:10:26.443 [INFO]    Max is Black
2023-09-05 03:10:26.457 [INFO]    Evaluating Node number: 1 - Score: 16
2023-09-05 03:10:26.553 [INFO]    Node Values: 19,-2,17,18,18,19,-1
2023-09-05 03:10:26.554 [INFO]    Piece1 2, 1
2023-09-05 03:10:26.554 [INFO]    Piece2 3, 2
2023-09-05 03:10:28.080 [INFO]    Row: 4 Column: 3
2023-09-05 03:10:28.740 [INFO]    Row: 2 Column: 1
2023-09-05 03:10:28.740 [INFO]    Piece1 4, 3
2023-09-05 03:10:28.741 [INFO]    Piece2 2, 1
2023-09-05 03:10:28.749 [INFO]    Max is Black
2023-09-05 03:10:28.751 [INFO]    Evaluating Node number: 1 - Score: 17
2023-09-05 03:10:28.792 [INFO]    Node Values: 36,19
2023-09-05 03:10:28.792 [INFO]    Piece1 1, 0
2023-09-05 03:10:28.793 [INFO]    Piece2 3, 2
2023-09-05 03:10:32.792 [INFO]    Row: 5 Column: 6
2023-09-05 03:10:33.416 [INFO]    Row: 4 Column: 5
2023-09-05 03:10:33.416 [INFO]    Piece1 5, 6
2023-09-05 03:10:33.417 [INFO]    Piece2 4, 5
2023-09-05 03:10:33.423 [INFO]    Max is Black
2023-09-05 03:10:33.429 [INFO]    Evaluating Node number: 1 - Score: 35
2023-09-05 03:10:33.491 [INFO]    Node Values: 36,36,18,36,34,1,19,2
2023-09-05 03:10:33.491 [INFO]    Piece1 0, 1
2023-09-05 03:10:33.492 [INFO]    Piece2 1, 0
2023-09-05 03:10:35.141 [INFO]    Row: 6 Column: 7
2023-09-05 03:10:35.692 [INFO]    Row: 5 Column: 6
2023-09-05 03:10:35.692 [INFO]    Piece1 6, 7
2023-09-05 03:10:35.692 [INFO]    Piece2 5, 6
2023-09-05 03:10:35.701 [INFO]    Max is Black
2023-09-05 03:10:35.705 [INFO]    Evaluating Node number: 1 - Score: 33
2023-09-05 03:10:35.794 [INFO]    Node Values: 52,52,7,53,51,1,36,18
2023-09-05 03:10:35.795 [INFO]    Piece1 2, 5
2023-09-05 03:10:35.795 [INFO]    Piece2 3, 6
2023-09-05 03:10:38.376 [INFO]    Row: 4 Column: 5
2023-09-05 03:10:39.439 [INFO]    Row: 3 Column: 4
2023-09-05 03:10:39.439 [INFO]    Piece1 4, 5
2023-09-05 03:10:39.440 [INFO]    Piece2 3, 4
2023-09-05 03:10:39.461 [INFO]    Max is Black
2023-09-05 03:10:39.463 [INFO]    Evaluating Node number: 1 - Score: 37
2023-09-05 03:10:39.478 [INFO]    Node Values: 71
2023-09-05 03:10:39.479 [INFO]    Piece1 2, 3
2023-09-05 03:10:39.479 [INFO]    Piece2 4, 5
2023-09-05 03:10:40.488 [INFO]    Piece1 4, 5
2023-09-05 03:10:40.488 [INFO]    Piece2 6, 7
2023-09-05 03:12:05.827 [INFO]    Row: 6 Column: 5
2023-09-05 03:12:06.219 [INFO]    Row: 5 Column: 6
2023-09-05 03:12:06.220 [INFO]    Piece1 6, 5
2023-09-05 03:12:06.220 [INFO]    Piece2 5, 6
2023-09-05 03:12:06.222 [INFO]    Max is Black
2023-09-05 03:12:06.224 [INFO]    Evaluating Node number: 1 - Score: 53
2023-09-05 03:12:06.386 [INFO]    Node Values: 71,71,71,71,71,71,37,35,49,54
2023-09-05 03:12:06.386 [INFO]    Piece1 1, 2
2023-09-05 03:12:06.386 [INFO]    Piece2 2, 3
2023-09-05 03:12:07.342 [INFO]    Row: 7 Column: 6
2023-09-05 03:12:07.911 [INFO]    Row: 6 Column: 5
2023-09-05 03:12:07.911 [INFO]    Piece1 7, 6
2023-09-05 03:12:07.913 [INFO]    Piece2 6, 5
2023-09-05 03:12:07.921 [INFO]    Max is Black
2023-09-05 03:12:07.928 [INFO]    Evaluating Node number: 1 - Score: 53
2023-09-05 03:12:08.019 [INFO]    Node Values: 99,99,99,99,62,50,48,99,49,94
2023-09-05 03:12:08.019 [INFO]    Piece1 1, 6
2023-09-05 03:12:08.020 [INFO]    Piece2 2, 5
2023-09-05 03:12:10.056 [INFO]    Row: 5 Column: 6
2023-09-05 03:12:10.541 [INFO]    Row: 4 Column: 5
2023-09-05 03:12:10.542 [INFO]    Piece1 5, 6
2023-09-05 03:12:10.542 [INFO]    Piece2 4, 5
2023-09-05 03:12:10.550 [INFO]    Max is Black
2023-09-05 03:12:10.551 [INFO]    Evaluating Node number: 1 - Score: 116
2023-09-05 03:12:10.562 [INFO]    Node Values: 116
2023-09-05 03:12:10.562 [INFO]    Piece1 3, 6
2023-09-05 03:12:10.563 [INFO]    Piece2 5, 4
2023-09-05 03:12:11.564 [INFO]    Piece1 5, 4
2023-09-05 03:12:11.565 [INFO]    Piece2 7, 6
2023-09-05 03:12:15.515 [INFO]    Row: 7 Column: 4
2023-09-05 03:12:15.992 [INFO]    Row: 6 Column: 5
2023-09-05 03:12:15.994 [INFO]    Piece1 7, 4
2023-09-05 03:12:15.994 [INFO]    Piece2 6, 5
2023-09-05 03:12:16.001 [INFO]    Max is Black
2023-09-05 03:12:16.002 [INFO]    Evaluating Node number: 1 - Score: 96
2023-09-05 03:12:16.038 [INFO]    Node Values: 108
2023-09-05 03:12:16.039 [INFO]    Piece1 7, 6
2023-09-05 03:12:16.039 [INFO]    Piece2 5, 4
2023-09-05 03:12:18.799 [INFO]    Row: 6 Column: 3
2023-09-05 03:12:19.449 [INFO]    Row: 4 Column: 5
2023-09-05 03:12:19.450 [INFO]    Piece1 6, 3
2023-09-05 03:12:19.450 [INFO]    Piece2 4, 5
2023-09-05 03:12:19.458 [INFO]    Max is Black
2023-09-05 03:12:19.461 [INFO]    Evaluating Node number: 1 - Score: 95
2023-09-05 03:12:19.637 [INFO]    Node Values: 107,107,107,107,93,108,94,93,75,105,108
2023-09-05 03:12:19.637 [INFO]    Piece1 2, 5
2023-09-05 03:12:19.638 [INFO]    Piece2 3, 6
2023-09-05 03:12:20.720 [INFO]    Row: 4 Column: 5
2023-09-05 03:12:21.534 [INFO]    Row: 3 Column: 4
2023-09-05 03:12:21.534 [INFO]    Piece1 4, 5
2023-09-05 03:12:21.534 [INFO]    Piece2 3, 4
2023-09-05 03:12:21.542 [INFO]    Max is Black
2023-09-05 03:12:21.543 [INFO]    Evaluating Node number: 1 - Score: 95
2023-09-05 03:12:21.572 [INFO]    Node Values: 113
2023-09-05 03:12:21.573 [INFO]    Piece1 2, 3
2023-09-05 03:12:21.573 [INFO]    Piece2 4, 5
2023-09-05 03:12:23.814 [INFO]    Row: 5 Column: 2
2023-09-05 03:12:24.256 [INFO]    Row: 4 Column: 1
2023-09-05 03:12:24.256 [INFO]    Piece1 5, 2
2023-09-05 03:12:24.256 [INFO]    Piece2 4, 1
2023-09-05 03:12:24.263 [INFO]    Max is Black
2023-09-05 03:12:24.268 [INFO]    Evaluating Node number: 1 - Score: 22
2023-09-05 03:12:24.747 [INFO]    Node Values: 80,81,110,110,94,115,126,110,110,110,110
2023-09-05 03:12:24.748 [INFO]    Piece1 3, 2
2023-09-05 03:12:24.748 [INFO]    Piece2 4, 3
2023-09-05 03:12:25.494 [INFO]    Row: 4 Column: 1
2023-09-05 03:12:26.400 [INFO]    Row: 3 Column: 2
2023-09-05 03:12:26.401 [INFO]    Piece1 4, 1
2023-09-05 03:12:26.401 [INFO]    Piece2 3, 2
2023-09-05 03:12:26.406 [INFO]    Max is Black
2023-09-05 03:12:26.408 [INFO]    Evaluating Node number: 1 - Score: 82
2023-09-05 03:12:26.858 [INFO]    Node Values: 114,111,111,97,111,111,111,127,109,111,111,123
2023-09-05 03:12:26.858 [INFO]    Piece1 4, 3
2023-09-05 03:12:26.858 [INFO]    Piece2 5, 4
2023-09-05 03:12:27.274 [INFO]    Row: 3 Column: 2
2023-09-05 03:12:27.631 [INFO]    Row: 2 Column: 1
2023-09-05 03:12:27.632 [INFO]    Piece1 3, 2
2023-09-05 03:12:27.632 [INFO]    Piece2 2, 1
2023-09-05 03:12:27.642 [INFO]    Max is Black
2023-09-05 03:12:27.643 [INFO]    Evaluating Node number: 1 - Score: 115
2023-09-05 03:12:27.672 [INFO]    Node Values: 127
2023-09-05 03:12:27.672 [INFO]    Piece1 1, 0
2023-09-05 03:12:27.672 [INFO]    Piece2 3, 2
2023-09-05 03:12:28.555 [INFO]    Row: 5 Column: 0
2023-09-05 03:12:28.872 [INFO]    Row: 4 Column: 1
2023-09-05 03:12:28.872 [INFO]    Piece1 5, 0
2023-09-05 03:12:28.872 [INFO]    Piece2 4, 1
2023-09-05 03:12:28.882 [INFO]    Max is Black
2023-09-05 03:12:28.883 [INFO]    Evaluating Node number: 1 - Score: 99
2023-09-05 03:12:29.207 [INFO]    Node Values: 145
2023-09-05 03:12:29.207 [INFO]    Piece1 3, 2
2023-09-05 03:12:29.207 [INFO]    Piece2 5, 0
2023-09-05 03:12:29.800 [INFO]    Row: 6 Column: 1
2023-09-05 03:12:30.655 [INFO]    Row: 5 Column: 2
2023-09-05 03:12:30.655 [INFO]    Piece1 6, 1
2023-09-05 03:12:30.655 [INFO]    Piece2 5, 2
2023-09-05 03:12:30.663 [INFO]    Max is Black
2023-09-05 03:12:30.669 [INFO]    Evaluating Node number: 1 - Score: 87
2023-09-05 03:12:32.413 [INFO]    Node Values: 146,146,146,144,145,146,146,142,146,135,146
2023-09-05 03:12:32.413 [INFO]    Piece1 0, 3
2023-09-05 03:12:32.413 [INFO]    Piece2 1, 2
2023-09-05 03:12:32.792 [INFO]    Row: 5 Column: 2
2023-09-05 03:12:33.461 [INFO]    Row: 4 Column: 3
2023-09-05 03:12:33.461 [INFO]    Piece1 5, 2
2023-09-05 03:12:33.461 [INFO]    Piece2 4, 3
2023-09-05 03:12:33.466 [INFO]    Max is Black
2023-09-05 03:12:33.469 [INFO]    Evaluating Node number: 1 - Score: 88
2023-09-05 03:12:35.250 [INFO]    Node Values: 146,146,135,147,160,147,147,147,126,147,129,147
2023-09-05 03:12:35.251 [INFO]    Piece1 1, 4
2023-09-05 03:12:35.251 [INFO]    Piece2 2, 5
2023-09-05 03:12:35.580 [INFO]    Row: 7 Column: 0
2023-09-05 03:12:36.424 [INFO]    Row: 6 Column: 1
2023-09-05 03:12:36.425 [INFO]    Piece1 7, 0
2023-09-05 03:12:36.425 [INFO]    Piece2 6, 1
2023-09-05 03:12:36.434 [INFO]    Max is Black
2023-09-05 03:12:36.437 [INFO]    Evaluating Node number: 1 - Score: 2147483647
2023-09-05 03:12:36.532 [INFO]    Node Values: 2147483647,2147483647,2147483647,2147483647,2147483647,130,2147483647,2147483647,160,2147483647,2147483647
2023-09-05 03:12:36.532 [INFO]    Piece1 6, 7
2023-09-05 03:12:36.532 [INFO]    Piece2 7, 6
2023-09-05 03:12:37.632 [INFO]    Row: 4 Column: 3
2023-09-05 03:12:38.303 [INFO]    Row: 3 Column: 4
2023-09-05 03:12:38.304 [INFO]    Piece1 4, 3
2023-09-05 03:12:38.304 [INFO]    Piece2 3, 4
2023-09-05 03:12:38.313 [INFO]    Max is Black
2023-09-05 03:12:38.314 [INFO]    Evaluating Node number: 1 - Score: 2147483647
2023-09-05 03:12:38.314 [INFO]    Node Values: 2147483647
2023-09-05 03:12:38.314 [INFO]    Piece1 2, 5
2023-09-05 03:12:38.314 [INFO]    Piece2 4, 3
2023-09-05 03:12:39.420 [INFO]    Row: 6 Column: 1
2023-09-05 03:12:40.088 [INFO]    Row: 5 Column: 2
2023-09-05 03:12:40.089 [INFO]    Piece1 6, 1
2023-09-05 03:12:40.089 [INFO]    Piece2 5, 2
2023-09-05 03:12:40.100 [INFO]    Max is Black
2023-09-05 03:12:40.101 [INFO]    Evaluating Node number: 1 - Score: 2147483647
2023-09-05 03:12:40.101 [INFO]    Node Values: 2147483647
2023-09-05 03:12:40.101 [INFO]    Piece1 4, 3
2023-09-05 03:12:40.101 [INFO]    Piece2 6, 1
2023-09-05 03:12:41.440 [INFO]    Row: 7 Column: 2
2023-09-05 03:12:42.413 [INFO]    Row: 6 Column: 3
2023-09-05 03:12:42.414 [INFO]    Piece1 7, 2
2023-09-05 03:12:42.414 [INFO]    Piece2 6, 3
2023-09-05 03:12:42.421 [INFO]    Max is Black
2023-09-05 03:12:42.422 [INFO]    Evaluating Node number: 1 - Score: 2147483647
2023-09-05 03:12:42.422 [INFO]    Node Values: 2147483647
2023-09-05 03:12:42.422 [INFO]    Piece1 5, 4
2023-09-05 03:12:42.423 [INFO]    Piece2 7, 2
2023-09-05 03:22:57.506 [INFO]    Row: 5 Column: 2
2023-09-05 03:22:58.047 [INFO]    Row: 4 Column: 1
2023-09-05 03:22:58.049 [INFO]    Piece1 5, 2
2023-09-05 03:22:58.049 [INFO]    Piece2 4, 1
2023-09-05 03:22:58.056 [INFO]    Max is Black
2023-09-05 03:22:58.067 [INFO]    Evaluating Node number: 1 - Score: 14
2023-09-05 03:22:58.153 [INFO]    Node Values: 35,18,18,19,-2,-1,-2
2023-09-05 03:22:58.153 [INFO]    Piece1 2, 1
2023-09-05 03:22:58.153 [INFO]    Piece2 3, 2
2023-09-05 03:23:26.613 [INFO]    Row: 5 Column: 2
2023-09-05 03:23:27.074 [INFO]    Row: 4 Column: 1
2023-09-05 03:23:27.076 [INFO]    Piece1 5, 2
2023-09-05 03:23:27.076 [INFO]    Piece2 4, 1
2023-09-05 03:23:27.085 [INFO]    Max is Black
2023-09-05 03:23:27.092 [INFO]    Evaluating Node number: 1 - Score: 14
2023-09-05 03:23:27.168 [INFO]    Node Values: 35,18,18,19,-2,-1,-2
2023-09-05 03:23:27.168 [INFO]    Piece1 2, 1
2023-09-05 03:23:27.169 [INFO]    Piece2 3, 2
2023-09-05 03:24:34.410 [INFO]    Row: 5 Column: 2
2023-09-05 03:24:34.733 [INFO]    Row: 4 Column: 3
2023-09-05 03:24:34.735 [INFO]    Piece1 5, 2
2023-09-05 03:24:34.735 [INFO]    Piece2 4, 3
2023-09-05 03:24:34.743 [INFO]    Max is Black
2023-09-05 03:24:34.765 [INFO]    Evaluating Node number: 1 - Score: 16
2023-09-05 03:24:34.832 [INFO]    Node Values: 17,16,18,34,18,19,17
2023-09-05 03:24:34.833 [INFO]    Piece1 2, 3
2023-09-05 03:24:34.833 [INFO]    Piece2 3, 2
2023-09-05 03:25:27.093 [INFO]    Row: 5 Column: 4
2023-09-05 03:25:27.511 [INFO]    Row: 4 Column: 5
2023-09-05 03:25:27.512 [INFO]    Piece1 5, 4
2023-09-05 03:25:27.513 [INFO]    Piece2 4, 5
2023-09-05 03:25:27.519 [INFO]    Max is Black
2023-09-05 03:25:27.528 [INFO]    Evaluating Node number: 1 - Score: 33
2023-09-05 03:25:27.639 [INFO]    Node Values: 34,35,19,34,18,35,0
2023-09-05 03:25:27.639 [INFO]    Piece1 2, 1
2023-09-05 03:25:27.639 [INFO]    Piece2 3, 0
2023-09-05 03:30:46.557 [INFO]    Row: 5 Column: 4
2023-09-05 03:30:47.071 [INFO]    Row: 4 Column: 3
2023-09-05 03:30:47.073 [INFO]    Piece1 5, 4
2023-09-05 03:30:47.073 [INFO]    Piece2 4, 3
2023-09-05 03:30:53.155 [INFO]    Max is Black
2023-09-05 03:31:05.090 [INFO]    Row: 5 Column: 6
2023-09-05 03:31:05.935 [INFO]    Row: 4 Column: 5
2023-09-05 03:31:05.936 [INFO]    Piece1 5, 6
2023-09-05 03:31:05.937 [INFO]    Piece2 4, 5
2023-09-05 03:31:07.170 [INFO]    Max is Black
2023-09-05 03:31:10.162 [INFO]    Evaluating Node number: 1 - Score: 33
2023-09-05 03:36:55.722 [INFO]    Row: 5 Column: 4
2023-09-05 03:36:56.086 [INFO]    Row: 4 Column: 3
2023-09-05 03:36:56.087 [INFO]    Piece1 5, 4
2023-09-05 03:36:56.087 [INFO]    Piece2 4, 3
2023-09-05 03:36:56.092 [INFO]    Max is Black
2023-09-05 03:36:57.678 [INFO]    Evaluating Node number: 1 - Score: 16
2023-09-05 03:38:14.909 [INFO]    Row: 5 Column: 4
2023-09-05 03:38:15.335 [INFO]    Row: 4 Column: 3
2023-09-05 03:38:15.336 [INFO]    Piece1 5, 4
2023-09-05 03:38:15.337 [INFO]    Piece2 4, 3
2023-09-05 03:38:15.342 [INFO]    Max is Black
2023-09-05 03:38:16.979 [INFO]    Evaluating Node number: 1 - Score: 16
2023-09-05 03:39:29.863 [INFO]    Row: 5 Column: 6
2023-09-05 03:39:30.160 [INFO]    Row: 4 Column: 7
2023-09-05 03:39:30.162 [INFO]    Piece1 5, 6
2023-09-05 03:39:30.162 [INFO]    Piece2 4, 7
2023-09-05 03:39:30.167 [INFO]    Max is Black
2023-09-05 03:39:30.181 [INFO]    Evaluating Node number: 1 - Score: 33
2023-09-05 03:39:30.248 [INFO]    Node Values: 34,35,18,34,19,18,18
2023-09-05 03:39:30.248 [INFO]    Piece1 2, 1
2023-09-05 03:39:30.248 [INFO]    Piece2 3, 0
2023-09-05 03:39:31.596 [INFO]    Row: 4 Column: 7
2023-09-05 03:39:32.040 [INFO]    Row: 3 Column: 6
2023-09-05 03:39:32.041 [INFO]    Piece1 4, 7
2023-09-05 03:39:32.041 [INFO]    Piece2 3, 6
2023-09-05 03:39:32.044 [INFO]    Max is Black
2023-09-05 03:39:32.047 [INFO]    Evaluating Node number: 1 - Score: 16
2023-09-05 03:39:32.082 [INFO]    Node Values: 35,35
2023-09-05 03:39:32.082 [INFO]    Piece1 2, 7
2023-09-05 03:39:32.082 [INFO]    Piece2 4, 5
2023-09-05 03:39:33.212 [INFO]    Row: 5 Column: 4
2023-09-05 03:39:33.898 [INFO]    Row: 3 Column: 6
2023-09-05 03:39:33.898 [INFO]    Piece1 5, 4
2023-09-05 03:39:33.898 [INFO]    Piece2 3, 6
2023-09-05 03:39:33.901 [INFO]    Max is Black
2023-09-05 03:39:33.902 [INFO]    Evaluating Node number: 1 - Score: 35
2023-09-05 03:39:33.928 [INFO]    Node Values: 35
2023-09-05 03:39:33.928 [INFO]    Piece1 2, 5
2023-09-05 03:39:33.928 [INFO]    Piece2 4, 7
2023-09-05 03:39:45.200 [INFO]    Row: 6 Column: 7
2023-09-05 03:39:45.776 [INFO]    Row: 5 Column: 6
2023-09-05 03:39:45.777 [INFO]    Piece1 6, 7
2023-09-05 03:39:45.777 [INFO]    Piece2 5, 6
2023-09-05 03:39:45.779 [INFO]    Max is Black
2023-09-05 03:39:45.783 [INFO]    Evaluating Node number: 1 - Score: 52
2023-09-05 03:39:45.897 [INFO]    Node Values: 69,69,52,52,35,34,69,18
2023-09-05 03:39:45.898 [INFO]    Piece1 1, 2
2023-09-05 03:39:45.898 [INFO]    Piece2 2, 1
2023-09-05 03:41:48.589 [INFO]    Row: 5 Column: 6
2023-09-05 03:41:49.060 [INFO]    Row: 4 Column: 5
2023-09-05 03:41:49.061 [INFO]    Piece1 5, 6
2023-09-05 03:41:49.061 [INFO]    Piece2 4, 5
2023-09-05 03:41:49.065 [INFO]    Max is Black
2023-09-05 03:41:49.080 [INFO]    Evaluating Node number: 1 - Score: 33
2023-09-05 03:41:49.142 [INFO]    Node Values: 34,35,18,34,19,18,0
2023-09-05 03:41:49.142 [INFO]    Piece1 2, 1
2023-09-05 03:41:49.142 [INFO]    Piece2 3, 0
2023-09-05 03:41:50.252 [INFO]    Row: 4 Column: 5
2023-09-05 03:41:50.828 [INFO]    Row: 3 Column: 4
2023-09-05 03:41:50.828 [INFO]    Piece1 4, 5
2023-09-05 03:41:50.829 [INFO]    Piece2 3, 4
2023-09-05 03:41:50.832 [INFO]    Max is Black
2023-09-05 03:41:50.833 [INFO]    Evaluating Node number: 1 - Score: 17
2023-09-05 03:41:50.852 [INFO]    Node Values: 35,15
2023-09-05 03:41:50.852 [INFO]    Piece1 2, 3
2023-09-05 03:41:50.852 [INFO]    Piece2 4, 5
2023-09-05 03:42:05.379 [INFO]    Row: 5 Column: 6
2023-09-05 03:42:05.812 [INFO]    Row: 4 Column: 5
2023-09-05 03:42:05.813 [INFO]    Piece1 5, 6
2023-09-05 03:42:05.813 [INFO]    Piece2 4, 5
2023-09-05 03:42:05.817 [INFO]    Max is Black
2023-09-05 03:42:05.832 [INFO]    Evaluating Node number: 1 - Score: 33
2023-09-05 03:42:05.882 [INFO]    Node Values: 34,35,18,34,19,18,0
2023-09-05 03:42:05.883 [INFO]    Piece1 2, 1
2023-09-05 03:42:05.883 [INFO]    Piece2 3, 0
2023-09-05 03:42:55.171 [INFO]    Row: 5 Column: 6
2023-09-05 03:42:55.634 [INFO]    Row: 4 Column: 5
2023-09-05 03:42:55.634 [INFO]    Piece1 5, 6
2023-09-05 03:42:55.635 [INFO]    Piece2 4, 5
2023-09-05 03:42:55.637 [INFO]    Max is Black
2023-09-05 03:43:14.523 [INFO]    Row: 5 Column: 6
2023-09-05 03:43:15.077 [INFO]    Row: 4 Column: 5
2023-09-05 03:43:15.079 [INFO]    Piece1 5, 6
2023-09-05 03:43:15.079 [INFO]    Piece2 4, 5
2023-09-05 03:43:15.083 [INFO]    Max is Black
2023-09-05 03:43:16.095 [INFO]    Evaluating Node number: 1 - Score: 33
2023-09-05 03:43:22.192 [INFO]    Node Values: 34,35,18,34,19,18,0
2023-09-05 03:43:22.192 [INFO]    Piece1 2, 1
2023-09-05 03:43:22.192 [INFO]    Piece2 3, 0
2023-09-05 03:43:35.004 [INFO]    Row: 5 Column: 4
2023-09-05 03:43:35.467 [INFO]    Row: 4 Column: 3
2023-09-05 03:43:35.468 [INFO]    Piece1 5, 4
2023-09-05 03:43:35.468 [INFO]    Piece2 4, 3
2023-09-05 03:43:35.474 [INFO]    Max is Black
2023-09-05 03:43:35.578 [INFO]    Evaluating Node number: 1 - Score: 16
2023-09-05 03:43:36.248 [INFO]    Node Values: 19,-2,17,18,18,19,-1
2023-09-05 03:43:36.248 [INFO]    Piece1 2, 1
2023-09-05 03:43:36.248 [INFO]    Piece2 3, 2
2023-09-05 03:43:44.884 [INFO]    Row: 4 Column: 3
2023-09-05 03:43:45.931 [INFO]    Row: 2 Column: 1
2023-09-05 03:43:45.931 [INFO]    Piece1 4, 3
2023-09-05 03:43:45.932 [INFO]    Piece2 2, 1
2023-09-05 03:43:45.935 [INFO]    Max is Black
2023-09-05 03:43:46.036 [INFO]    Evaluating Node number: 1 - Score: 17
2023-09-05 03:43:46.165 [INFO]    Node Values: 36,19
2023-09-05 03:43:46.165 [INFO]    Piece1 1, 0
2023-09-05 03:43:46.165 [INFO]    Piece2 3, 2
2023-09-05 03:43:47.460 [INFO]    Row: 5 Column: 2
2023-09-05 03:43:47.924 [INFO]    Row: 4 Column: 1
2023-09-05 03:43:47.924 [INFO]    Piece1 5, 2
2023-09-05 03:43:47.924 [INFO]    Piece2 4, 1
2023-09-05 03:43:47.926 [INFO]    Max is Black
2023-09-05 03:43:48.028 [INFO]    Evaluating Node number: 1 - Score: 17
2023-09-05 03:43:48.682 [INFO]    Node Values: 37,22,20,37,37,37,20
2023-09-05 03:43:48.682 [INFO]    Piece1 2, 7
2023-09-05 03:43:48.682 [INFO]    Piece2 3, 6
2023-09-05 03:43:55.062 [INFO]    Row: 5 Column: 4
2023-09-05 03:43:55.532 [INFO]    Row: 4 Column: 3
2023-09-05 03:43:55.533 [INFO]    Piece1 5, 4
2023-09-05 03:43:55.533 [INFO]    Piece2 4, 3
2023-09-05 03:43:55.537 [INFO]    Max is Black
2023-09-05 03:43:55.742 [INFO]    Evaluating Node number: 1 - Score: 16
2023-09-05 03:43:57.018 [INFO]    Node Values: 19,-2,17,18,18,19,-1
2023-09-05 03:43:57.018 [INFO]    Piece1 2, 5
2023-09-05 03:43:57.019 [INFO]    Piece2 3, 4
2023-09-05 03:43:59.987 [INFO]    Row: 4 Column: 3
2023-09-05 03:44:00.719 [INFO]    Row: 2 Column: 5
2023-09-05 03:44:00.720 [INFO]    Piece1 4, 3
2023-09-05 03:44:00.720 [INFO]    Piece2 2, 5
2023-09-05 03:44:00.723 [INFO]    Max is Black
2023-09-05 03:44:00.925 [INFO]    Evaluating Node number: 1 - Score: 1
2023-09-05 03:44:01.171 [INFO]    Node Values: 20,19
2023-09-05 03:44:01.171 [INFO]    Piece1 1, 4
2023-09-05 03:44:01.171 [INFO]    Piece2 3, 6
2023-09-05 03:44:03.132 [INFO]    Row: 5 Column: 6
2023-09-05 03:44:04.511 [INFO]    Row: 4 Column: 7
2023-09-05 03:44:04.511 [INFO]    Piece1 5, 6
2023-09-05 03:44:04.511 [INFO]    Piece2 4, 7
2023-09-05 03:44:04.512 [INFO]    Max is Black
2023-09-05 03:44:04.716 [INFO]    Evaluating Node number: 1 - Score: -26
2023-09-05 03:44:06.227 [INFO]    Node Values: 7,21,20,18,21,21,18,36
2023-09-05 03:44:06.228 [INFO]    Piece1 3, 6
2023-09-05 03:44:06.228 [INFO]    Piece2 4, 5
2023-09-05 03:44:12.868 [INFO]    Row: 6 Column: 5
2023-09-05 03:44:13.316 [INFO]    Row: 5 Column: 4
2023-09-05 03:44:13.316 [INFO]    Piece1 6, 5
2023-09-05 03:44:13.316 [INFO]    Piece2 5, 4
2023-09-05 03:44:13.318 [INFO]    Max is Black
2023-09-05 03:44:13.522 [INFO]    Evaluating Node number: 1 - Score: -27
2023-09-05 03:44:15.283 [INFO]    Node Values: 20,20,4,5,5,5,4,-15,-16
2023-09-05 03:44:15.284 [INFO]    Piece1 0, 5
2023-09-05 03:44:15.284 [INFO]    Piece2 1, 4
2023-09-05 03:44:21.343 [INFO]    Row: 5 Column: 4
2023-09-05 03:44:22.275 [INFO]    Row: 3 Column: 6
2023-09-05 03:44:22.276 [INFO]    Piece1 5, 4
2023-09-05 03:44:22.276 [INFO]    Piece2 3, 6
2023-09-05 03:44:22.278 [INFO]    Max is Black
2023-09-05 03:44:22.481 [INFO]    Evaluating Node number: 1 - Score: 3
2023-09-05 03:44:22.563 [INFO]    Node Values: 21
2023-09-05 03:44:22.563 [INFO]    Piece1 2, 7
2023-09-05 03:44:22.563 [INFO]    Piece2 4, 5
2023-09-05 03:45:26.110 [INFO]    Row: 5 Column: 6
2023-09-05 03:45:26.507 [INFO]    Row: 4 Column: 5
2023-09-05 03:45:26.508 [INFO]    Piece1 5, 6
2023-09-05 03:45:26.508 [INFO]    Piece2 4, 5
2023-09-05 03:45:26.512 [INFO]    Max is Black
2023-09-05 03:45:28.325 [INFO]    Evaluating Node number: 1 - Score: 33
2023-09-05 03:45:59.268 [INFO]    Row: 5 Column: 6
2023-09-05 03:45:59.698 [INFO]    Row: 4 Column: 5
2023-09-05 03:45:59.700 [INFO]    Piece1 5, 6
2023-09-05 03:45:59.700 [INFO]    Piece2 4, 5
2023-09-05 03:45:59.704 [INFO]    Max is Black
2023-09-05 03:46:00.112 [INFO]    Evaluating Node number: 1 - Score: 33
2023-09-05 03:46:41.037 [INFO]    Row: 5 Column: 6
2023-09-05 03:46:41.466 [INFO]    Row: 4 Column: 5
2023-09-05 03:46:41.468 [INFO]    Piece1 5, 6
2023-09-05 03:46:41.468 [INFO]    Piece2 4, 5
2023-09-05 03:46:41.473 [INFO]    Max is Black
2023-09-05 03:46:41.683 [INFO]    Evaluating Node number: 1 - Score: 33
2023-09-05 03:46:44.381 [INFO]    Node Values: 34,35,18,34,19,18,0
2023-09-05 03:46:44.381 [INFO]    Piece1 2, 1
2023-09-05 03:46:44.381 [INFO]    Piece2 3, 0
2023-09-05 03:46:47.692 [INFO]    Row: 4 Column: 5
2023-09-05 03:46:48.162 [INFO]    Row: 3 Column: 6
2023-09-05 03:46:48.162 [INFO]    Piece1 4, 5
2023-09-05 03:46:48.162 [INFO]    Piece2 3, 6
2023-09-05 03:46:48.165 [INFO]    Max is Black
2023-09-05 03:46:48.366 [INFO]    Evaluating Node number: 1 - Score: 16
2023-09-05 03:46:49.008 [INFO]    Node Values: 35,35
2023-09-05 03:46:49.008 [INFO]    Piece1 2, 5
2023-09-05 03:46:49.008 [INFO]    Piece2 4, 7
2023-09-05 03:46:50.796 [INFO]    Row: 5 Column: 4
2023-09-05 03:46:51.543 [INFO]    Row: 4 Column: 3
2023-09-05 03:46:51.544 [INFO]    Piece1 5, 4
2023-09-05 03:46:51.544 [INFO]    Piece2 4, 3
2023-09-05 03:46:51.546 [INFO]    Max is Black
2023-09-05 03:46:51.747 [INFO]    Evaluating Node number: 1 - Score: 35
2023-09-05 03:46:55.254 [INFO]    Node Values: 53,53,53,53,37,36,53,18,34
2023-09-05 03:46:55.254 [INFO]    Piece1 1, 6
2023-09-05 03:46:55.254 [INFO]    Piece2 2, 5
2023-09-05 03:46:56.432 [INFO]    Row: 4 Column: 3
2023-09-05 03:46:57.036 [INFO]    Row: 3 Column: 2
2023-09-05 03:46:57.037 [INFO]    Piece1 4, 3
2023-09-05 03:46:57.037 [INFO]    Piece2 3, 2
2023-09-05 03:46:57.039 [INFO]    Max is Black
2023-09-05 03:46:57.241 [INFO]    Evaluating Node number: 1 - Score: 34
2023-09-05 03:46:57.477 [INFO]    Node Values: 34
2023-09-05 03:46:57.477 [INFO]    Piece1 2, 3
2023-09-05 03:46:57.478 [INFO]    Piece2 4, 1
2023-09-05 03:47:01.020 [INFO]    Row: 5 Column: 0
2023-09-05 03:47:01.780 [INFO]    Row: 3 Column: 2
2023-09-05 03:47:01.780 [INFO]    Piece1 5, 0
2023-09-05 03:47:01.781 [INFO]    Piece2 3, 2
2023-09-05 03:47:01.783 [INFO]    Max is Black
2023-09-05 03:47:01.988 [INFO]    Evaluating Node number: 1 - Score: 33
2023-09-05 03:47:06.359 [INFO]    Node Values: 34,34,19,33,34,39,34,35,33,37,34
2023-09-05 03:47:06.359 [INFO]    Piece1 1, 4
2023-09-05 03:47:06.359 [INFO]    Piece2 2, 3
2023-09-05 03:47:09.575 [INFO]    Row: 3 Column: 2
2023-09-05 03:47:10.623 [INFO]    Row: 1 Column: 4
2023-09-05 03:47:10.623 [INFO]    Piece1 3, 2
2023-09-05 03:47:10.623 [INFO]    Piece2 1, 4
2023-09-05 03:47:10.627 [INFO]    Max is Black
2023-09-05 03:47:10.828 [INFO]    Evaluating Node number: 1 - Score: 39
2023-09-05 03:47:11.061 [INFO]    Node Values: 40
2023-09-05 03:47:11.061 [INFO]    Piece1 0, 5
2023-09-05 03:47:11.061 [INFO]    Piece2 2, 3
2023-09-05 03:49:06.074 [INFO]    Row: 5 Column: 4
2023-09-05 03:49:06.463 [INFO]    Row: 4 Column: 3
2023-09-05 03:49:06.465 [INFO]    Piece1 5, 4
2023-09-05 03:49:06.465 [INFO]    Piece2 4, 3
2023-09-05 03:49:06.469 [INFO]    Max is Black
2023-09-05 03:49:06.679 [INFO]    Evaluating Node number: 1 - Score: 16
2023-09-05 03:49:07.952 [INFO]    Node Values: 19,-2,17,18,18,19,-1
2023-09-05 03:49:07.956 [INFO]    Piece1 2, 1
2023-09-05 03:49:07.956 [INFO]    Piece2 3, 2
2023-09-05 03:49:09.048 [INFO]    Row: 4 Column: 3
2023-09-05 03:49:10.065 [INFO]    Row: 2 Column: 1
2023-09-05 03:49:10.066 [INFO]    Piece1 4, 3
2023-09-05 03:49:10.066 [INFO]    Piece2 2, 1
2023-09-05 03:49:10.069 [INFO]    Max is Black
2023-09-05 03:49:10.270 [INFO]    Evaluating Node number: 1 - Score: 17
2023-09-05 03:49:10.500 [INFO]    Node Values: 36,19
2023-09-05 03:49:10.500 [INFO]    Piece1 1, 0
2023-09-05 03:49:10.500 [INFO]    Piece2 3, 2
2023-09-05 03:49:12.020 [INFO]    Row: 5 Column: 2
2023-09-05 03:49:12.480 [INFO]    Row: 4 Column: 1
2023-09-05 03:49:12.480 [INFO]    Piece1 5, 2
2023-09-05 03:49:12.481 [INFO]    Piece2 4, 1
2023-09-05 03:49:12.483 [INFO]    Max is Black
2023-09-05 03:49:12.686 [INFO]    Evaluating Node number: 1 - Score: 17
2023-09-05 03:49:13.967 [INFO]    Node Values: 37,22,20,37,37,37,20
2023-09-05 03:49:13.967 [INFO]    Piece1 2, 7
2023-09-05 03:49:13.967 [INFO]    Piece2 3, 6
2023-09-05 03:49:15.152 [INFO]    Row: 5 Column: 6
2023-09-05 03:49:15.553 [INFO]    Row: 4 Column: 5
2023-09-05 03:49:15.554 [INFO]    Piece1 5, 6
2023-09-05 03:49:15.554 [INFO]    Piece2 4, 5
2023-09-05 03:49:15.556 [INFO]    Max is Black
2023-09-05 03:49:15.758 [INFO]    Evaluating Node number: 1 - Score: 16
2023-09-05 03:49:15.777 [INFO]    Node Values: 18
2023-09-05 03:49:15.778 [INFO]    Piece1 3, 6
2023-09-05 03:49:15.778 [INFO]    Piece2 5, 4
2023-09-05 03:49:17.232 [INFO]    Row: 6 Column: 5
2023-09-05 03:49:18.204 [INFO]    Row: 4 Column: 3
2023-09-05 03:49:18.204 [INFO]    Piece1 6, 5
2023-09-05 03:49:18.204 [INFO]    Piece2 4, 3
2023-09-05 03:49:22.948 [INFO]    Row: 4 Column: 3
2023-09-05 03:49:24.856 [INFO]    Row: 2 Column: 1
2023-09-05 03:49:24.856 [INFO]    Piece1 4, 3
2023-09-05 03:49:24.856 [INFO]    Piece2 2, 1
2023-09-05 03:49:24.859 [INFO]    Max is Black
2023-09-05 03:49:25.062 [INFO]    Evaluating Node number: 1 - Score: 16
2023-09-05 03:49:25.087 [INFO]    Node Values: 17
2023-09-05 03:49:25.087 [INFO]    Piece1 1, 2
2023-09-05 03:49:25.087 [INFO]    Piece2 3, 0
2023-09-05 03:49:26.089 [INFO]    Piece1 3, 0
2023-09-05 03:49:26.089 [INFO]    Piece2 5, 2
2023-09-05 03:49:27.544 [INFO]    Row: 6 Column: 3
2023-09-05 03:49:28.183 [INFO]    Row: 4 Column: 1
2023-09-05 03:49:28.183 [INFO]    Piece1 6, 3
2023-09-05 03:49:28.183 [INFO]    Piece2 4, 1
2023-09-05 03:49:28.186 [INFO]    Max is Black
2023-09-05 03:49:28.389 [INFO]    Evaluating Node number: 1 - Score: -28
2023-09-05 03:49:29.850 [INFO]    Node Values: 18,18,18,18,35,18,18,18
2023-09-05 03:49:29.851 [INFO]    Piece1 2, 3
2023-09-05 03:49:29.851 [INFO]    Piece2 3, 4
2023-09-05 03:49:31.104 [INFO]    Row: 6 Column: 7
2023-09-05 03:49:31.685 [INFO]    Row: 5 Column: 6
2023-09-05 03:49:31.685 [INFO]    Piece1 6, 7
2023-09-05 03:49:31.685 [INFO]    Piece2 5, 6
2023-09-05 03:49:31.687 [INFO]    Max is Black
2023-09-05 03:49:31.890 [INFO]    Evaluating Node number: 1 - Score: -27
2023-09-05 03:49:33.405 [INFO]    Node Values: 35,35,35,18,35,35,18,35
2023-09-05 03:49:33.406 [INFO]    Piece1 0, 1
2023-09-05 03:49:33.406 [INFO]    Piece2 1, 0
2023-09-05 03:49:33.521 [INFO]    Row: 4 Column: 1
2023-09-05 03:49:34.432 [INFO]    Row: 3 Column: 2
2023-09-05 03:49:34.432 [INFO]    Piece1 4, 1
2023-09-05 03:49:34.432 [INFO]    Piece2 3, 2
2023-09-05 03:49:34.434 [INFO]    Max is Black
2023-09-05 03:49:34.636 [INFO]    Evaluating Node number: 1 - Score: 34
2023-09-05 03:49:35.890 [INFO]    Node Values: 34,5,21,35,35,34,35
2023-09-05 03:49:35.890 [INFO]    Piece1 1, 6
2023-09-05 03:49:35.890 [INFO]    Piece2 2, 7
2023-09-05 03:49:37.089 [INFO]    Row: 5 Column: 6
2023-09-05 03:49:37.504 [INFO]    Row: 4 Column: 5
2023-09-05 03:49:37.504 [INFO]    Piece1 5, 6
2023-09-05 03:49:37.504 [INFO]    Piece2 4, 5
2023-09-05 03:49:37.507 [INFO]    Max is Black
2023-09-05 03:49:37.708 [INFO]    Evaluating Node number: 1 - Score: 52
2023-09-05 03:49:37.709 [INFO]    Node Values: 52
2023-09-05 03:49:37.709 [INFO]    Piece1 3, 4
2023-09-05 03:49:37.709 [INFO]    Piece2 5, 6
2023-09-05 03:49:38.952 [INFO]    Row: 7 Column: 4
2023-09-05 03:49:39.583 [INFO]    Row: 6 Column: 5
2023-09-05 03:49:39.583 [INFO]    Piece1 7, 4
2023-09-05 03:49:39.583 [INFO]    Piece2 6, 5
2023-09-05 03:49:39.584 [INFO]    Max is Black
2023-09-05 03:49:39.786 [INFO]    Evaluating Node number: 1 - Score: 79
2023-09-05 03:49:39.790 [INFO]    Node Values: 79
2023-09-05 03:49:39.790 [INFO]    Piece1 5, 6
2023-09-05 03:49:39.791 [INFO]    Piece2 7, 4
2023-09-05 03:53:50.509 [INFO]    Row: 3 Column: 2
2023-09-05 03:53:51.529 [INFO]    Row: 3 Column: 2
2023-09-05 03:53:51.530 [INFO]    Piece1 3, 2
2023-09-05 03:53:51.530 [INFO]    Piece2 3, 2
2023-09-05 03:53:52.182 [INFO]    Row: 5 Column: 0
2023-09-05 03:53:52.626 [INFO]    Row: 4 Column: 1
2023-09-05 03:53:52.626 [INFO]    Piece1 5, 0
2023-09-05 03:53:52.626 [INFO]    Piece2 4, 1
2023-09-05 03:53:52.628 [INFO]    Max is Black
2023-09-05 03:53:52.832 [INFO]    Evaluating Node number: 1 - Score: 81
2023-09-05 03:53:54.843 [INFO]    Node Values: 96,96,96,53,61,80,96,96,63,90
2023-09-05 03:53:54.844 [INFO]    Piece1 2, 7
2023-09-05 03:53:54.844 [INFO]    Piece2 3, 6
2023-09-05 03:53:57.404 [INFO]    Row: 6 Column: 1
2023-09-05 03:53:58.145 [INFO]    Row: 5 Column: 2
2023-09-05 03:53:58.145 [INFO]    Piece1 6, 1
2023-09-05 03:53:58.145 [INFO]    Piece2 5, 2
2023-09-05 03:53:58.147 [INFO]    Max is Black
2023-09-05 03:53:58.352 [INFO]    Evaluating Node number: 1 - Score: 79
2023-09-05 03:54:00.361 [INFO]    Node Values: 98,98,98,53,62,123,98,98,62,62
2023-09-05 03:54:00.361 [INFO]    Piece1 2, 5
2023-09-05 03:54:00.361 [INFO]    Piece2 3, 4
2023-09-05 03:54:02.305 [INFO]    Row: 7 Column: 0
2023-09-05 03:54:03.001 [INFO]    Row: 6 Column: 1
2023-09-05 03:54:03.001 [INFO]    Piece1 7, 0
2023-09-05 03:54:03.001 [INFO]    Piece2 6, 1
2023-09-05 03:54:03.003 [INFO]    Max is Black
2023-09-05 03:54:03.206 [INFO]    Evaluating Node number: 1 - Score: 138
2023-09-05 03:54:05.730 [INFO]    Node Values: 138,138,138,53,81,63,80,81,138,138,91,91
2023-09-05 03:54:05.731 [INFO]    Piece1 0, 5
2023-09-05 03:54:05.731 [INFO]    Piece2 1, 6
2023-09-05 03:54:09.938 [INFO]    Row: 4 Column: 1
2023-09-05 03:54:11.341 [INFO]    Row: 3 Column: 0
2023-09-05 03:54:11.342 [INFO]    Piece1 4, 1
2023-09-05 03:54:11.342 [INFO]    Piece2 3, 0
2023-09-05 03:54:11.344 [INFO]    Max is Black
2023-09-05 03:54:11.547 [INFO]    Evaluating Node number: 1 - Score: 98
2023-09-05 03:54:14.114 [INFO]    Node Values: 125,82,82,110,82,82,81,66,82,82,94,46
2023-09-05 03:54:14.114 [INFO]    Piece1 0, 3
2023-09-05 03:54:14.114 [INFO]    Piece2 1, 2
2023-09-05 03:54:17.914 [INFO]    Row: 3 Column: 2
2023-09-05 03:54:20.041 [INFO]    Row: 2 Column: 1
2023-09-05 03:54:20.041 [INFO]    Piece1 3, 2
2023-09-05 03:54:20.042 [INFO]    Piece2 2, 1
2023-09-05 03:54:20.045 [INFO]    Max is Black
2023-09-05 03:54:20.248 [INFO]    Evaluating Node number: 1 - Score: 97
2023-09-05 03:54:20.256 [INFO]    Node Values: 139
2023-09-05 03:54:20.256 [INFO]    Piece1 1, 0
2023-09-05 03:54:20.256 [INFO]    Piece2 3, 2
2023-09-05 03:54:21.893 [INFO]    Row: 3 Column: 0
2023-09-05 03:54:22.421 [INFO]    Row: 2 Column: 1
2023-09-05 03:54:22.422 [INFO]    Piece1 3, 0
2023-09-05 03:54:22.422 [INFO]    Piece2 2, 1
2023-09-05 03:54:22.426 [INFO]    Max is Black
2023-09-05 03:54:22.627 [INFO]    Evaluating Node number: 1 - Score: 114
2023-09-05 03:54:22.643 [INFO]    Node Values: 139
2023-09-05 03:54:22.643 [INFO]    Piece1 1, 2
2023-09-05 03:54:22.643 [INFO]    Piece2 3, 0
2023-09-05 03:54:23.594 [INFO]    Row: 5 Column: 2
2023-09-05 03:54:24.233 [INFO]    Row: 4 Column: 1
2023-09-05 03:54:24.234 [INFO]    Piece1 5, 2
2023-09-05 03:54:24.234 [INFO]    Piece2 4, 1
2023-09-05 03:54:24.237 [INFO]    Max is Black
2023-09-05 03:54:24.440 [INFO]    Evaluating Node number: 1 - Score: 139
2023-09-05 03:54:24.723 [INFO]    Node Values: 2147483647,115
2023-09-05 03:54:24.723 [INFO]    Piece1 3, 0
2023-09-05 03:54:24.723 [INFO]    Piece2 5, 2
2023-09-05 03:54:25.724 [INFO]    Piece1 5, 2
2023-09-05 03:54:25.724 [INFO]    Piece2 7, 0
2023-09-05 03:54:27.062 [INFO]    Row: 7 Column: 2
2023-09-05 03:54:27.705 [INFO]    Row: 6 Column: 1
2023-09-05 03:54:27.706 [INFO]    Piece1 7, 2
2023-09-05 03:54:27.706 [INFO]    Piece2 6, 1
2023-09-05 03:54:27.709 [INFO]    Max is Black
2023-09-05 03:54:27.911 [INFO]    Evaluating Node number: 1 - Score: 140
2023-09-05 03:54:27.917 [INFO]    Node Values: 2147483647
2023-09-05 03:54:27.918 [INFO]    Piece1 7, 0
2023-09-05 03:54:27.918 [INFO]    Piece2 5, 2
2023-09-05 03:54:29.802 [INFO]    Row: 7 Column: 6
2023-09-05 03:54:30.177 [INFO]    Row: 6 Column: 5
2023-09-05 03:54:30.178 [INFO]    Piece1 7, 6
2023-09-05 03:54:30.178 [INFO]    Piece2 6, 5
2023-09-05 03:54:30.181 [INFO]    Max is Black
2023-09-05 03:54:30.382 [INFO]    Evaluating Node number: 1 - Score: 2147483647
2023-09-05 03:54:30.383 [INFO]    Node Values: 2147483647
2023-09-05 03:54:30.383 [INFO]    Piece1 7, 4
2023-09-05 03:54:30.384 [INFO]    Piece2 5, 6
2023-09-05 04:13:07.258 [INFO]    Row: 5 Column: 6
2023-09-05 04:13:07.701 [INFO]    Row: 4 Column: 5
2023-09-05 04:13:07.702 [INFO]    Piece1 5, 6
2023-09-05 04:13:07.702 [INFO]    Piece2 4, 5
2023-09-05 04:13:07.707 [INFO]    Max is Black
2023-09-05 04:13:07.912 [INFO]    Evaluating Node number: 1 - Score: 33
2023-09-05 04:13:09.200 [INFO]    Node Values: 34,35,18,34,19,18,0
2023-09-05 04:13:09.200 [INFO]    Piece1 2, 1
2023-09-05 04:13:09.201 [INFO]    Piece2 3, 0
2023-09-05 04:21:53.353 [INFO]    Row: 5 Column: 0
2023-09-05 04:21:56.373 [INFO]    Row: 5 Column: 0
2023-09-05 04:21:56.375 [INFO]    Piece1 5, 0
2023-09-05 04:21:56.376 [INFO]    Piece2 5, 0
2023-09-05 04:21:57.491 [INFO]    Row: 5 Column: 6
2023-09-05 04:21:57.907 [INFO]    Row: 4 Column: 7
2023-09-05 04:21:57.907 [INFO]    Piece1 5, 6
2023-09-05 04:21:57.907 [INFO]    Piece2 4, 7
2023-09-05 04:21:57.913 [INFO]    Max is Black
2023-09-05 04:21:58.124 [INFO]    Evaluating Node number: 1 - Score: 33
2023-09-05 04:21:59.415 [INFO]    Node Values: 34,35,18,34,19,18,18
2023-09-05 04:21:59.415 [INFO]    Piece1 2, 1
2023-09-05 04:21:59.415 [INFO]    Piece2 3, 0
2023-09-05 04:22:02.387 [INFO]    Row: 6 Column: 7
2023-09-05 04:22:02.863 [INFO]    Row: 5 Column: 6
2023-09-05 04:22:02.865 [INFO]    Piece1 6, 7
2023-09-05 04:22:02.865 [INFO]    Piece2 5, 6
2023-09-05 04:22:02.867 [INFO]    Max is Black
2023-09-05 04:22:03.071 [INFO]    Evaluating Node number: 1 - Score: 15
2023-09-05 04:22:04.589 [INFO]    Node Values: 52,52,51,51,19,51,33,16
2023-09-05 04:22:04.590 [INFO]    Piece1 1, 2
2023-09-05 04:22:04.590 [INFO]    Piece2 2, 1
2023-09-05 04:22:17.742 [INFO]    Row: 7 Column: 6
2023-09-05 04:22:20.731 [INFO]    Row: 7 Column: 6
2023-09-05 04:22:20.731 [INFO]    Piece1 7, 6
2023-09-05 04:22:20.731 [INFO]    Piece2 7, 6
2023-09-05 04:22:25.250 [INFO]    Row: 5 Column: 2
2023-09-05 04:22:26.039 [INFO]    Row: 5 Column: 2
2023-09-05 04:22:26.039 [INFO]    Piece1 5, 2
2023-09-05 04:22:26.039 [INFO]    Piece2 5, 2
2023-09-05 04:22:27.273 [INFO]    Row: 5 Column: 4
2023-09-05 04:22:30.630 [INFO]    Row: 4 Column: 5
2023-09-05 04:22:30.631 [INFO]    Piece1 5, 4
2023-09-05 04:22:30.631 [INFO]    Piece2 4, 5
2023-09-05 04:22:30.633 [INFO]    Max is Black
2023-09-05 04:22:30.838 [INFO]    Evaluating Node number: 1 - Score: 50
2023-09-05 04:22:32.502 [INFO]    Node Values: 51,51,69,53,69,35,53,38,18
2023-09-05 04:22:32.502 [INFO]    Piece1 2, 1
2023-09-05 04:22:32.502 [INFO]    Piece2 3, 2
2023-09-05 04:22:37.739 [INFO]    Row: 4 Column: 5
2023-09-05 04:22:38.836 [INFO]    Row: 4 Column: 5
2023-09-05 04:22:38.836 [INFO]    Piece1 4, 5
2023-09-05 04:22:38.836 [INFO]    Piece2 4, 5
2023-09-05 04:22:42.969 [INFO]    Row: 6 Column: 5
2023-09-05 04:22:43.799 [INFO]    Row: 5 Column: 4
2023-09-05 04:22:43.800 [INFO]    Piece1 6, 5
2023-09-05 04:22:43.800 [INFO]    Piece2 5, 4
2023-09-05 04:22:43.801 [INFO]    Max is Black
2023-09-05 04:22:44.004 [INFO]    Evaluating Node number: 1 - Score: 69
2023-09-05 04:22:45.934 [INFO]    Node Values: 69,69,69,36,53,52,37,34,36,52
2023-09-05 04:22:45.935 [INFO]    Piece1 0, 3
2023-09-05 04:22:45.935 [INFO]    Piece2 1, 2
2023-09-05 04:22:46.873 [INFO]    Row: 7 Column: 6
2023-09-05 04:22:47.403 [INFO]    Row: 6 Column: 7
2023-09-05 04:22:47.403 [INFO]    Piece1 7, 6
2023-09-05 04:22:47.403 [INFO]    Piece2 6, 7
2023-09-05 04:22:47.405 [INFO]    Max is Black
2023-09-05 04:22:47.608 [INFO]    Evaluating Node number: 1 - Score: -3
2023-09-05 04:22:49.366 [INFO]    Node Values: 15,15,16,-12,1,9,0,-5,-1
2023-09-05 04:22:49.367 [INFO]    Piece1 2, 3
2023-09-05 04:22:49.367 [INFO]    Piece2 3, 4
2023-09-05 04:22:58.585 [INFO]    Row: 4 Column: 5
2023-09-05 04:22:59.547 [INFO]    Row: 4 Column: 5
2023-09-05 04:22:59.547 [INFO]    Piece1 4, 5
2023-09-05 04:22:59.547 [INFO]    Piece2 4, 5
2023-09-05 04:23:00.370 [INFO]    Row: 4 Column: 5
2023-09-05 04:23:01.258 [INFO]    Row: 4 Column: 5
2023-09-05 04:23:01.258 [INFO]    Piece1 4, 5
2023-09-05 04:23:01.258 [INFO]    Piece2 4, 5
2023-09-05 04:23:01.757 [INFO]    Row: 4 Column: 5
2023-09-05 04:23:02.304 [INFO]    Row: 4 Column: 5
2023-09-05 04:23:02.304 [INFO]    Piece1 4, 5
2023-09-05 04:23:02.305 [INFO]    Piece2 4, 5
2023-09-05 04:23:02.775 [INFO]    Row: 4 Column: 5
2023-09-05 04:23:03.955 [INFO]    Row: 4 Column: 5
2023-09-05 04:23:03.955 [INFO]    Piece1 4, 5
2023-09-05 04:23:03.955 [INFO]    Piece2 4, 5
2023-09-05 04:23:06.010 [INFO]    Row: 4 Column: 5
2023-09-05 04:23:15.924 [INFO]    Row: 2 Column: 3
2023-09-05 04:23:15.924 [INFO]    Piece1 4, 5
2023-09-05 04:23:15.924 [INFO]    Piece2 2, 3
2023-09-05 04:23:15.927 [INFO]    Max is Black
2023-09-05 04:23:16.130 [INFO]    Evaluating Node number: 1 - Score: 31
2023-09-05 04:23:16.148 [INFO]    Node Values: 31
2023-09-05 04:23:16.149 [INFO]    Piece1 1, 2
2023-09-05 04:23:16.149 [INFO]    Piece2 3, 4
2023-09-05 04:23:17.863 [INFO]    Row: 5 Column: 6
2023-09-05 04:23:18.967 [INFO]    Row: 5 Column: 6
2023-09-05 04:23:18.968 [INFO]    Piece1 5, 6
2023-09-05 04:23:18.968 [INFO]    Piece2 5, 6
2023-09-05 04:23:19.626 [INFO]    Row: 7 Column: 4
2023-09-05 04:23:20.122 [INFO]    Row: 6 Column: 5
2023-09-05 04:23:20.123 [INFO]    Piece1 7, 4
2023-09-05 04:23:20.123 [INFO]    Piece2 6, 5
2023-09-05 04:23:20.126 [INFO]    Max is Black
2023-09-05 04:23:20.329 [INFO]    Evaluating Node number: 1 - Score: 81
2023-09-05 04:23:22.303 [INFO]    Node Values: 81,81,81,5,106,17,19,45,-17,1
2023-09-05 04:23:22.303 [INFO]    Piece1 2, 7
2023-09-05 04:23:22.305 [INFO]    Piece2 3, 6
2023-09-05 04:23:26.451 [INFO]    Row: 5 Column: 6
2023-09-05 04:23:26.978 [INFO]    Row: 5 Column: 6
2023-09-05 04:23:26.979 [INFO]    Piece1 5, 6
2023-09-05 04:23:26.979 [INFO]    Piece2 5, 6
2023-09-05 04:23:27.787 [INFO]    Row: 5 Column: 4
2023-09-05 04:23:28.219 [INFO]    Row: 5 Column: 4
2023-09-05 04:23:28.219 [INFO]    Piece1 5, 4
2023-09-05 04:23:28.220 [INFO]    Piece2 5, 4
2023-09-05 04:23:28.682 [INFO]    Row: 5 Column: 2
2023-09-05 04:23:29.191 [INFO]    Row: 5 Column: 2
2023-09-05 04:23:29.192 [INFO]    Piece1 5, 2
2023-09-05 04:23:29.192 [INFO]    Piece2 5, 2
2023-09-05 04:23:29.701 [INFO]    Row: 5 Column: 0
2023-09-05 04:23:30.374 [INFO]    Row: 5 Column: 0
2023-09-05 04:23:30.375 [INFO]    Piece1 5, 0
2023-09-05 04:23:30.375 [INFO]    Piece2 5, 0
2023-09-05 04:23:34.645 [INFO]    Row: 5 Column: 4
2023-09-05 04:23:36.514 [INFO]    Row: 5 Column: 4
2023-09-05 04:23:36.514 [INFO]    Piece1 5, 4
2023-09-05 04:23:36.515 [INFO]    Piece2 5, 4
2023-09-05 04:23:37.386 [INFO]    Row: 5 Column: 6
2023-09-05 04:23:42.641 [INFO]    Row: 5 Column: 6
2023-09-05 04:23:42.641 [INFO]    Piece1 5, 6
2023-09-05 04:23:42.641 [INFO]    Piece2 5, 6
2023-09-05 04:23:43.156 [INFO]    Row: 5 Column: 6
2023-09-05 04:23:43.627 [INFO]    Row: 4 Column: 5
2023-09-05 04:23:43.627 [INFO]    Piece1 5, 6
2023-09-05 04:23:43.627 [INFO]    Piece2 4, 5
2023-09-05 04:23:43.630 [INFO]    Max is Black
2023-09-05 04:23:43.831 [INFO]    Evaluating Node number: 1 - Score: 56
2023-09-05 04:23:43.834 [INFO]    Node Values: 108
2023-09-05 04:23:43.835 [INFO]    Piece1 3, 4
2023-09-05 04:23:43.835 [INFO]    Piece2 5, 6
2023-09-05 04:23:44.837 [INFO]    Piece1 5, 6
2023-09-05 04:23:44.837 [INFO]    Piece2 7, 4
2023-09-05 04:23:56.832 [INFO]    Row: 5 Column: 4
2023-09-05 04:24:00.666 [INFO]    Row: 5 Column: 4
2023-09-05 04:24:00.667 [INFO]    Piece1 5, 4
2023-09-05 04:24:00.667 [INFO]    Piece2 5, 4
2023-09-05 04:24:01.502 [INFO]    Row: 6 Column: 7
2023-09-05 04:24:02.015 [INFO]    Row: 5 Column: 6
2023-09-05 04:24:02.016 [INFO]    Piece1 6, 7
2023-09-05 04:24:02.016 [INFO]    Piece2 5, 6
2023-09-05 04:24:02.018 [INFO]    Max is Black
2023-09-05 04:24:02.220 [INFO]    Evaluating Node number: 1 - Score: 107
2023-09-05 04:24:04.173 [INFO]    Node Values: 107,107,107,105,50,9,45,75,78,96
2023-09-05 04:24:04.173 [INFO]    Piece1 0, 1
2023-09-05 04:24:04.173 [INFO]    Piece2 1, 2
2023-09-05 04:24:06.506 [INFO]    Row: 5 Column: 2
2023-09-05 04:24:07.190 [INFO]    Row: 5 Column: 2
2023-09-05 04:24:07.190 [INFO]    Piece1 5, 2
2023-09-05 04:24:07.191 [INFO]    Piece2 5, 2
2023-09-05 04:24:07.638 [INFO]    Row: 5 Column: 0
2023-09-05 04:24:09.490 [INFO]    Row: 4 Column: 1
2023-09-05 04:24:09.491 [INFO]    Piece1 5, 0
2023-09-05 04:24:09.491 [INFO]    Piece2 4, 1
2023-09-05 04:24:09.494 [INFO]    Max is Black
2023-09-05 04:24:09.696 [INFO]    Evaluating Node number: 1 - Score: 144
2023-09-05 04:24:09.697 [INFO]    Node Values: 144
2023-09-05 04:24:09.697 [INFO]    Piece1 3, 2
2023-09-05 04:24:09.697 [INFO]    Piece2 5, 0
2023-09-05 04:24:13.225 [INFO]    Row: 5 Column: 2
2023-09-05 04:24:13.942 [INFO]    Row: 4 Column: 1
2023-09-05 04:24:13.943 [INFO]    Piece1 5, 2
2023-09-05 04:24:13.943 [INFO]    Piece2 4, 1
2023-09-05 04:24:13.946 [INFO]    Max is Black
2023-09-05 04:24:14.150 [INFO]    Evaluating Node number: 1 - Score: 142
2023-09-05 04:24:14.357 [INFO]    Node Values: 142,51
2023-09-05 04:24:14.357 [INFO]    Piece1 3, 0
2023-09-05 04:24:14.358 [INFO]    Piece2 5, 2
2023-09-05 04:36:47.593 [INFO]    Row: 5 Column: 4
2023-09-05 04:36:48.011 [INFO]    Row: 4 Column: 3
2023-09-05 04:36:48.012 [INFO]    Piece1 5, 4
2023-09-05 04:36:48.012 [INFO]    Piece2 4, 3
2023-09-05 04:36:48.017 [INFO]    Max is Black
2023-09-05 04:36:48.221 [INFO]    Evaluating Node number: 1 - Score: 16
2023-09-05 04:36:49.491 [INFO]    Node Values: 19,-2,17,18,18,19,-1
2023-09-05 04:36:49.492 [INFO]    Piece1 2, 5
2023-09-05 04:36:49.492 [INFO]    Piece2 3, 4
2023-09-05 04:40:00.504 [INFO]    Row: 5 Column: 4
2023-09-05 04:40:00.916 [INFO]    Row: 4 Column: 3
2023-09-05 04:40:00.918 [INFO]    Piece1 5, 4
2023-09-05 04:40:00.918 [INFO]    Piece2 4, 3
2023-09-05 04:40:00.923 [INFO]    Max is Black
2023-09-05 04:40:01.137 [INFO]    Evaluating Node number: 1 - Score: 16
2023-09-05 04:40:02.420 [INFO]    Node Values: 19,-2,17,18,18,19,-1
2023-09-05 04:40:02.420 [INFO]    Piece1 2, 5
2023-09-05 04:40:02.421 [INFO]    Piece2 3, 4
2023-09-05 04:42:36.154 [INFO]    Row: 4 Column: 3
2023-09-05 04:42:37.697 [INFO]    Row: 2 Column: 5
2023-09-05 04:42:37.697 [INFO]    Piece1 4, 3
2023-09-05 04:42:37.698 [INFO]    Piece2 2, 5
2023-09-05 04:42:37.703 [INFO]    Max is Black
2023-09-05 04:42:37.918 [INFO]    Evaluating Node number: 1 - Score: 1
2023-09-05 04:42:38.166 [INFO]    Node Values: 20,19
2023-09-05 04:42:38.166 [INFO]    Piece1 1, 4
2023-09-05 04:42:38.166 [INFO]    Piece2 3, 6
2023-09-05 04:47:34.824 [INFO]    Row: 5 Column: 4
2023-09-05 04:47:35.284 [INFO]    Row: 4 Column: 5
2023-09-05 04:47:35.284 [INFO]    Piece1 5, 4
2023-09-05 04:47:35.284 [INFO]    Piece2 4, 5
2023-09-05 04:47:35.300 [INFO]    Max is Black
2023-09-05 04:47:35.522 [INFO]    Evaluating Node number: 1 - Score: 33
2023-09-05 04:47:36.857 [INFO]    Node Values: 34,35,19,34,18,35,0
2023-09-05 04:47:36.857 [INFO]    Piece1 2, 5
2023-09-05 04:47:36.857 [INFO]    Piece2 3, 4
2023-09-05 04:47:37.010 [INFO]    Row: 4 Column: 5
2023-09-05 04:47:47.238 [INFO]    Row: 4 Column: 5
2023-09-05 04:47:47.238 [INFO]    Piece1 4, 5
2023-09-05 04:47:47.238 [INFO]    Piece2 4, 5
2023-09-05 04:47:48.082 [INFO]    Row: 4 Column: 5
2023-09-05 04:47:49.257 [INFO]    Row: 4 Column: 5
2023-09-05 04:47:49.257 [INFO]    Piece1 4, 5
2023-09-05 04:47:49.257 [INFO]    Piece2 4, 5
2023-09-05 04:47:49.973 [INFO]    Row: 4 Column: 5
2023-09-05 04:47:50.951 [INFO]    Row: 4 Column: 5
2023-09-05 04:47:50.952 [INFO]    Piece1 4, 5
2023-09-05 04:47:50.952 [INFO]    Piece2 4, 5
2023-09-05 04:47:52.105 [INFO]    Row: 4 Column: 5
2023-09-05 04:57:20.807 [INFO]    Row: 4 Column: 5
2023-09-05 04:57:20.807 [INFO]    Piece1 4, 5
2023-09-05 04:57:20.808 [INFO]    Piece2 4, 5
