2023-09-14 14:20:30.526 D:\game\Draughts\Draughts\CheckersMinimax\bin\Debug\CheckersMinimax_14-09-2023.log is created.
2023-09-14 14:39:34.299 [INFO]    Row: 5 Column: 6
2023-09-14 14:39:34.977 [INFO]    Row: 4 Column: 5
2023-09-14 14:39:34.982 [INFO]    Piece1 5, 6
2023-09-14 14:39:34.985 [INFO]    Piece2 4, 5
2023-09-14 14:39:34.993 [INFO]    Max is Black
2023-09-14 14:39:35.200 [INFO]    Evaluating Node number: 1 - Score: 33
2023-09-14 14:39:36.471 [INFO]    Node Values: 34,35,18,34,19,18,0
2023-09-14 14:39:36.473 [INFO]    Piece1 2, 1
2023-09-14 14:39:36.475 [INFO]    Piece2 3, 0
2023-09-14 14:39:39.010 [INFO]    Row: 6 Column: 7
2023-09-14 14:39:41.762 [INFO]    Row: 6 Column: 7
2023-09-14 14:39:41.763 [INFO]    Piece1 6, 7
2023-09-14 14:39:41.766 [INFO]    Piece2 6, 7
2023-09-14 14:39:42.834 [INFO]    Row: 5 Column: 0
2023-09-14 14:39:44.170 [INFO]    Row: 4 Column: 1
2023-09-14 14:39:44.170 [INFO]    Piece1 5, 0
2023-09-14 14:39:44.173 [INFO]    Piece2 4, 1
2023-09-14 14:39:44.176 [INFO]    Max is Black
2023-09-14 14:39:44.381 [INFO]    Evaluating Node number: 1 - Score: 16
2023-09-14 14:39:45.633 [INFO]    Node Values: 35,35,20,19,36,19,0
2023-09-14 14:39:45.636 [INFO]    Piece1 2, 5
2023-09-14 14:39:45.639 [INFO]    Piece2 3, 6
2023-09-14 14:39:48.801 [INFO]    Row: 6 Column: 1
2023-09-14 14:39:49.322 [INFO]    Row: 5 Column: 0
2023-09-14 14:39:49.323 [INFO]    Piece1 6, 1
2023-09-14 14:39:49.324 [INFO]    Piece2 5, 0
2023-09-14 14:39:49.325 [INFO]    Max is Black
2023-09-14 14:39:49.529 [INFO]    Evaluating Node number: 1 - Score: 32
2023-09-14 14:39:50.799 [INFO]    Node Values: 48,48,17,17,19,19,17
2023-09-14 14:39:50.803 [INFO]    Piece1 1, 2
2023-09-14 14:39:50.806 [INFO]    Piece2 2, 1
2023-09-14 14:39:52.367 [INFO]    Row: 6 Column: 7
2023-09-14 14:39:55.244 [INFO]    Row: 5 Column: 6
2023-09-14 14:39:55.244 [INFO]    Piece1 6, 7
2023-09-14 14:39:55.250 [INFO]    Piece2 5, 6
2023-09-14 14:39:55.255 [INFO]    Max is Black
2023-09-14 14:39:55.461 [INFO]    Evaluating Node number: 1 - Score: 49
2023-09-14 14:39:56.919 [INFO]    Node Values: 49,49,49,49,53,4,21,49
2023-09-14 14:39:56.923 [INFO]    Piece1 2, 1
2023-09-14 14:39:56.926 [INFO]    Piece2 3, 2
2023-09-14 14:40:00.171 [INFO]    Row: 7 Column: 0
2023-09-14 14:40:01.034 [INFO]    Row: 6 Column: 1
2023-09-14 14:40:01.034 [INFO]    Piece1 7, 0
2023-09-14 14:40:01.035 [INFO]    Piece2 6, 1
2023-09-14 14:40:01.036 [INFO]    Max is Black
2023-09-14 14:40:01.238 [INFO]    Evaluating Node number: 1 - Score: 8
2023-09-14 14:40:02.683 [INFO]    Node Values: 23,53,53,47,53,3,65,80
2023-09-14 14:40:02.688 [INFO]    Piece1 3, 6
2023-09-14 14:40:02.691 [INFO]    Piece2 4, 7
2023-09-14 14:40:09.299 [INFO]    Row: 5 Column: 4
2023-09-14 14:40:10.930 [INFO]    Row: 4 Column: 3
2023-09-14 14:40:10.931 [INFO]    Piece1 5, 4
2023-09-14 14:40:10.931 [INFO]    Piece2 4, 3
2023-09-14 14:40:10.933 [INFO]    Max is Black
2023-09-14 14:40:11.134 [INFO]    Evaluating Node number: 1 - Score: -7
2023-09-14 14:40:11.139 [INFO]    Node Values: 11
2023-09-14 14:40:11.140 [INFO]    Piece1 3, 2
2023-09-14 14:40:11.140 [INFO]    Piece2 5, 4
2023-09-14 14:40:12.450 [INFO]    Row: 6 Column: 5
2023-09-14 14:40:13.226 [INFO]    Row: 4 Column: 3
2023-09-14 14:40:13.229 [INFO]    Piece1 6, 5
2023-09-14 14:40:13.233 [INFO]    Piece2 4, 3
2023-09-14 14:40:13.240 [INFO]    Max is Black
2023-09-14 14:40:13.441 [INFO]    Evaluating Node number: 1 - Score: -23
2023-09-14 14:40:13.457 [INFO]    Node Values: 29
2023-09-14 14:40:13.458 [INFO]    Piece1 4, 7
2023-09-14 14:40:13.459 [INFO]    Piece2 6, 5
2023-09-14 14:40:15.122 [INFO]    Row: 7 Column: 6
2023-09-14 14:40:15.826 [INFO]    Row: 5 Column: 4
2023-09-14 14:40:15.830 [INFO]    Piece1 7, 6
2023-09-14 14:40:15.832 [INFO]    Piece2 5, 4
2023-09-14 14:40:15.838 [INFO]    Max is Black
2023-09-14 14:40:16.040 [INFO]    Evaluating Node number: 1 - Score: -35
2023-09-14 14:40:17.516 [INFO]    Node Values: 28,28,-9,28,28,32,-3,-2
2023-09-14 14:40:17.520 [INFO]    Piece1 2, 3
2023-09-14 14:40:17.522 [INFO]    Piece2 3, 4
2023-09-14 14:40:18.785 [INFO]    Row: 4 Column: 5
2023-09-14 14:40:19.691 [INFO]    Row: 4 Column: 5
2023-09-14 14:40:19.691 [INFO]    Piece1 4, 5
2023-09-14 14:40:19.694 [INFO]    Piece2 4, 5
2023-09-14 14:40:20.203 [INFO]    Row: 4 Column: 5
2023-09-14 14:40:22.546 [INFO]    Row: 2 Column: 3
2023-09-14 14:40:22.547 [INFO]    Piece1 4, 5
2023-09-14 14:40:22.550 [INFO]    Piece2 2, 3
2023-09-14 14:40:22.554 [INFO]    Max is Black
2023-09-14 14:40:22.758 [INFO]    Evaluating Node number: 1 - Score: -48
2023-09-14 14:40:22.777 [INFO]    Node Values: 16
2023-09-14 14:40:22.778 [INFO]    Piece1 1, 4
2023-09-14 14:40:22.778 [INFO]    Piece2 3, 2
2023-09-14 14:40:23.867 [INFO]    Row: 4 Column: 3
2023-09-14 14:40:28.765 [INFO]    Row: 4 Column: 3
2023-09-14 14:40:28.765 [INFO]    Piece1 4, 3
2023-09-14 14:40:28.769 [INFO]    Piece2 4, 3
2023-09-14 14:40:29.451 [INFO]    Row: 4 Column: 1
2023-09-14 14:40:31.123 [INFO]    Row: 2 Column: 3
2023-09-14 14:40:31.124 [INFO]    Piece1 4, 1
2023-09-14 14:40:31.127 [INFO]    Piece2 2, 3
2023-09-14 14:40:31.131 [INFO]    Max is Black
2023-09-14 14:40:31.337 [INFO]    Evaluating Node number: 1 - Score: -14
2023-09-14 14:40:32.817 [INFO]    Node Values: 0,16,16,0,16,13,16,-19
2023-09-14 14:40:32.817 [INFO]    Piece1 2, 7
2023-09-14 14:40:32.821 [INFO]    Piece2 3, 6
2023-09-14 14:40:34.340 [INFO]    Row: 7 Column: 4
2023-09-14 14:40:37.299 [INFO]    Row: 7 Column: 4
2023-09-14 14:40:37.299 [INFO]    Piece1 7, 4
2023-09-14 14:40:37.303 [INFO]    Piece2 7, 4
2023-09-14 14:40:39.755 [INFO]    Row: 7 Column: 4
2023-09-14 14:40:40.588 [INFO]    Row: 6 Column: 5
2023-09-14 14:40:40.588 [INFO]    Piece1 7, 4
2023-09-14 14:40:40.593 [INFO]    Piece2 6, 5
2023-09-14 14:40:40.596 [INFO]    Max is Black
2023-09-14 14:40:40.802 [INFO]    Evaluating Node number: 1 - Score: -14
2023-09-14 14:40:42.773 [INFO]    Node Values: -14,16,16,-15,15,16,16,-19,-2,-1
2023-09-14 14:40:42.774 [INFO]    Piece1 0, 3
2023-09-14 14:40:42.777 [INFO]    Piece2 1, 4
2023-09-14 14:40:44.788 [INFO]    Row: 4 Column: 3
2023-09-14 14:40:45.443 [INFO]    Row: 3 Column: 2
2023-09-14 14:40:45.443 [INFO]    Piece1 4, 3
2023-09-14 14:40:45.447 [INFO]    Piece2 3, 2
2023-09-14 14:40:45.451 [INFO]    Max is Black
2023-09-14 14:40:45.656 [INFO]    Evaluating Node number: 1 - Score: -76
2023-09-14 14:40:47.167 [INFO]    Node Values: -43,-2,14,18,18,-19,18,-2
2023-09-14 14:40:47.167 [INFO]    Piece1 1, 6
2023-09-14 14:40:47.170 [INFO]    Piece2 2, 7
2023-09-14 14:40:48.147 [INFO]    Row: 5 Column: 4
2023-09-14 14:40:49.276 [INFO]    Row: 4 Column: 3
2023-09-14 14:40:49.276 [INFO]    Piece1 5, 4
2023-09-14 14:40:49.279 [INFO]    Piece2 4, 3
2023-09-14 14:40:49.284 [INFO]    Max is Black
2023-09-14 14:40:49.489 [INFO]    Evaluating Node number: 1 - Score: -76
2023-09-14 14:40:51.036 [INFO]    Node Values: -46,-14,64,27,18,-19,64,64
2023-09-14 14:40:51.037 [INFO]    Piece1 3, 6
2023-09-14 14:40:51.040 [INFO]    Piece2 4, 5
2023-09-14 14:40:52.956 [INFO]    Row: 5 Column: 2
2023-09-14 14:40:54.211 [INFO]    Row: 5 Column: 2
2023-09-14 14:40:54.212 [INFO]    Piece1 5, 2
2023-09-14 14:40:54.215 [INFO]    Piece2 5, 2
2023-09-14 14:40:55.434 [INFO]    Row: 5 Column: 0
2023-09-14 14:40:56.115 [INFO]    Row: 4 Column: 1
2023-09-14 14:40:56.116 [INFO]    Piece1 5, 0
2023-09-14 14:40:56.120 [INFO]    Piece2 4, 1
2023-09-14 14:40:56.124 [INFO]    Max is Black
2023-09-14 14:40:56.329 [INFO]    Evaluating Node number: 1 - Score: -76
2023-09-14 14:40:57.868 [INFO]    Node Values: -46,-29,81,45,-29,81,15,42
2023-09-14 14:40:57.869 [INFO]    Piece1 2, 7
2023-09-14 14:40:57.873 [INFO]    Piece2 3, 6
2023-09-14 14:41:01.364 [INFO]    Row: 6 Column: 1
2023-09-14 14:41:01.995 [INFO]    Row: 5 Column: 0
2023-09-14 14:41:01.996 [INFO]    Piece1 6, 1
2023-09-14 14:41:02.000 [INFO]    Piece2 5, 0
2023-09-14 14:41:02.004 [INFO]    Max is Black
2023-09-14 14:41:02.210 [INFO]    Evaluating Node number: 1 - Score: -76
2023-09-14 14:41:03.729 [INFO]    Node Values: -19,-15,63,45,-29,63,-96,24
2023-09-14 14:41:03.729 [INFO]    Piece1 0, 7
2023-09-14 14:41:03.734 [INFO]    Piece2 1, 6
2023-09-14 14:41:04.667 [INFO]    Row: 4 Column: 3
2023-09-14 14:41:06.379 [INFO]    Row: 3 Column: 4
2023-09-14 14:41:06.380 [INFO]    Piece1 4, 3
2023-09-14 14:41:06.383 [INFO]    Piece2 3, 4
2023-09-14 14:41:06.388 [INFO]    Max is Black
2023-09-14 14:41:06.593 [INFO]    Evaluating Node number: 1 - Score: -43
2023-09-14 14:41:08.065 [INFO]    Node Values: 33,-32,80,-4,-18,-26,-81,-20
2023-09-14 14:41:08.065 [INFO]    Piece1 1, 4
2023-09-14 14:41:08.069 [INFO]    Piece2 2, 5
2023-09-14 14:41:09.403 [INFO]    Row: 5 Column: 2
2023-09-14 14:41:11.269 [INFO]    Row: 5 Column: 2
2023-09-14 14:41:11.269 [INFO]    Piece1 5, 2
2023-09-14 14:41:11.272 [INFO]    Piece2 5, 2
2023-09-14 14:41:12.156 [INFO]    Row: 5 Column: 2
2023-09-14 14:41:13.059 [INFO]    Row: 5 Column: 2
2023-09-14 14:41:13.060 [INFO]    Piece1 5, 2
2023-09-14 14:41:13.063 [INFO]    Piece2 5, 2
2023-09-14 14:41:15.997 [INFO]    Row: 7 Column: 2
2023-09-14 14:41:18.852 [INFO]    Row: 6 Column: 1
2023-09-14 14:41:18.852 [INFO]    Piece1 7, 2
2023-09-14 14:41:18.855 [INFO]    Piece2 6, 1
2023-09-14 14:41:18.860 [INFO]    Max is Black
2023-09-14 14:41:19.065 [INFO]    Evaluating Node number: 1 - Score: 57
2023-09-14 14:41:19.070 [INFO]    Node Values: 57
2023-09-14 14:41:19.070 [INFO]    Piece1 2, 5
2023-09-14 14:41:19.071 [INFO]    Piece2 4, 3
2023-09-14 14:41:20.676 [INFO]    Row: 5 Column: 2
2023-09-14 14:41:23.548 [INFO]    Row: 3 Column: 4
2023-09-14 14:41:23.549 [INFO]    Piece1 5, 2
2023-09-14 14:41:23.549 [INFO]    Piece2 3, 4
2023-09-14 14:41:23.555 [INFO]    Max is Black
2023-09-14 14:41:23.757 [INFO]    Evaluating Node number: 1 - Score: 30
2023-09-14 14:41:23.977 [INFO]    Node Values: 77,44
2023-09-14 14:41:23.980 [INFO]    Piece1 3, 0
2023-09-14 14:41:23.983 [INFO]    Piece2 5, 2
2023-09-14 14:41:24.987 [INFO]    Piece1 5, 2
2023-09-14 14:41:24.987 [INFO]    Piece2 7, 4
2023-09-14 14:41:32.597 [INFO]    Row: 5 Column: 0
2023-09-14 14:41:34.741 [INFO]    Row: 4 Column: 1
2023-09-14 14:41:34.741 [INFO]    Piece1 5, 0
2023-09-14 14:41:34.745 [INFO]    Piece2 4, 1
2023-09-14 14:41:34.749 [INFO]    Max is Black
2023-09-14 14:41:34.954 [INFO]    Evaluating Node number: 1 - Score: 15
2023-09-14 14:41:34.969 [INFO]    Node Values: 29
2023-09-14 14:41:34.969 [INFO]    Piece1 7, 4
2023-09-14 14:41:34.969 [INFO]    Piece2 5, 6
2023-09-14 14:41:36.988 [INFO]    Row: 6 Column: 1
2023-09-14 14:41:37.629 [INFO]    Row: 5 Column: 2
2023-09-14 14:41:37.630 [INFO]    Piece1 6, 1
2023-09-14 14:41:37.631 [INFO]    Piece2 5, 2
2023-09-14 14:41:37.632 [INFO]    Max is Black
2023-09-14 14:41:37.835 [INFO]    Evaluating Node number: 1 - Score: -5
2023-09-14 14:41:39.885 [INFO]    Node Values: 47,45,59,29,29,29,75,28,28,28
2023-09-14 14:41:39.886 [INFO]    Piece1 4, 5
2023-09-14 14:41:39.888 [INFO]    Piece2 5, 4
2023-09-14 14:41:40.847 [INFO]    Row: 5 Column: 2
2023-09-14 14:41:41.635 [INFO]    Row: 4 Column: 3
2023-09-14 14:41:41.637 [INFO]    Piece1 5, 2
2023-09-14 14:41:41.641 [INFO]    Piece2 4, 3
2023-09-14 14:41:41.644 [INFO]    Max is Black
2023-09-14 14:41:41.850 [INFO]    Evaluating Node number: 1 - Score: -3
2023-09-14 14:41:44.630 [INFO]    Node Values: 56,27,71,75,41,75,29,75,75,74,74,74,74
2023-09-14 14:41:44.631 [INFO]    Piece1 5, 4
2023-09-14 14:41:44.634 [INFO]    Piece2 6, 3
2023-09-14 14:41:46.108 [INFO]    Row: 4 Column: 1
2023-09-14 14:41:46.741 [INFO]    Row: 3 Column: 0
2023-09-14 14:41:46.741 [INFO]    Piece1 4, 1
2023-09-14 14:41:46.747 [INFO]    Piece2 3, 0
2023-09-14 14:41:46.753 [INFO]    Max is Black
2023-09-14 14:41:46.959 [INFO]    Evaluating Node number: 1 - Score: -18
2023-09-14 14:41:49.869 [INFO]    Node Values: 67,34,32,126,51,2147483647,2147483647,2147483647,2147483647,2147483647,2147483647,2147483647,2147483647
2023-09-14 14:41:49.869 [INFO]    Piece1 6, 3
2023-09-14 14:41:49.872 [INFO]    Piece2 7, 2
2023-09-14 14:41:50.781 [INFO]    Row: 3 Column: 0
2023-09-14 14:41:51.932 [INFO]    Row: 2 Column: 1
2023-09-14 14:41:51.933 [INFO]    Piece1 3, 0
2023-09-14 14:41:51.936 [INFO]    Piece2 2, 1
2023-09-14 14:41:51.939 [INFO]    Max is Black
2023-09-14 14:41:52.144 [INFO]    Evaluating Node number: 1 - Score: -68
2023-09-14 14:41:55.828 [INFO]    Evaluating Node number: 10001 - Score: 36
2023-09-14 14:41:55.928 [INFO]    Node Values: 27,48,62,41,48,50,47,47,46,47,47,47
2023-09-14 14:41:55.932 [INFO]    Piece1 1, 6
2023-09-14 14:41:55.934 [INFO]    Piece2 2, 7
2023-09-14 14:41:56.501 [INFO]    Row: 2 Column: 1
2023-09-14 14:41:58.069 [INFO]    Row: 2 Column: 1
2023-09-14 14:41:58.070 [INFO]    Piece1 2, 1
2023-09-14 14:41:58.070 [INFO]    Piece2 2, 1
2023-09-14 14:41:58.524 [INFO]    Row: 2 Column: 1
2023-09-14 14:41:59.294 [INFO]    Row: 1 Column: 2
2023-09-14 14:41:59.294 [INFO]    Piece1 2, 1
2023-09-14 14:41:59.298 [INFO]    Piece2 1, 2
2023-09-14 14:41:59.301 [INFO]    Max is Black
2023-09-14 14:41:59.507 [INFO]    Evaluating Node number: 1 - Score: -5
2023-09-14 14:42:03.373 [INFO]    Evaluating Node number: 10001 - Score: 19
2023-09-14 14:42:03.494 [INFO]    Node Values: 58,63,34,63,65,62,62,65,63,62,62
2023-09-14 14:42:03.497 [INFO]    Piece1 3, 6
2023-09-14 14:42:03.500 [INFO]    Piece2 4, 5
2023-09-14 14:42:04.725 [INFO]    Row: 1 Column: 2
2023-09-14 14:42:06.125 [INFO]    Row: 1 Column: 2
2023-09-14 14:42:06.126 [INFO]    Piece1 1, 2
2023-09-14 14:42:06.126 [INFO]    Piece2 1, 2
2023-09-14 14:42:08.093 [INFO]    Row: 1 Column: 2
2023-09-14 14:42:08.846 [INFO]    Row: 1 Column: 2
2023-09-14 14:42:08.846 [INFO]    Piece1 1, 2
2023-09-14 14:42:08.850 [INFO]    Piece2 1, 2
2023-09-14 14:42:10.532 [INFO]    Row: 1 Column: 2
2023-09-14 14:42:11.190 [INFO]    Row: 0 Column: 3
2023-09-14 14:42:11.190 [INFO]    Piece1 1, 2
2023-09-14 14:42:11.195 [INFO]    Piece2 0, 3
2023-09-14 14:42:11.201 [INFO]    Max is Black
2023-09-14 14:42:11.407 [INFO]    Evaluating Node number: 1 - Score: -6
2023-09-14 14:42:14.765 [INFO]    Node Values: 64,38,44,85,78,90,77,84,105,84,77
2023-09-14 14:42:14.765 [INFO]    Piece1 5, 6
2023-09-14 14:42:14.769 [INFO]    Piece2 4, 7
2023-09-14 14:42:15.654 [INFO]    Row: 0 Column: 3
2023-09-14 14:42:17.344 [INFO]    Row: 1 Column: 4
2023-09-14 14:42:17.344 [INFO]    Piece1 0, 3
2023-09-14 14:42:17.348 [INFO]    Piece2 1, 4
2023-09-14 14:42:17.352 [INFO]    Max is Black
2023-09-14 14:42:17.557 [INFO]    Evaluating Node number: 1 - Score: 31
2023-09-14 14:42:19.855 [INFO]    Node Values: 64,38,85,78,110,110,109,123,109,109
2023-09-14 14:42:19.856 [INFO]    Piece1 4, 7
2023-09-14 14:42:19.859 [INFO]    Piece2 3, 6
2023-09-14 14:42:20.886 [INFO]    Row: 3 Column: 2
2023-09-14 14:42:24.990 [INFO]    Row: 3 Column: 2
2023-09-14 14:42:24.990 [INFO]    Piece1 3, 2
2023-09-14 14:42:24.994 [INFO]    Piece2 3, 2
2023-09-14 14:42:26.502 [INFO]    Row: 3 Column: 4
2023-09-14 14:42:28.317 [INFO]    Row: 2 Column: 5
2023-09-14 14:42:28.319 [INFO]    Piece1 3, 4
2023-09-14 14:42:28.322 [INFO]    Piece2 2, 5
2023-09-14 14:42:28.328 [INFO]    Max is Black
2023-09-14 14:42:28.534 [INFO]    Evaluating Node number: 1 - Score: 2147483647
2023-09-14 14:42:30.217 [INFO]    Node Values: 2147483647,11,106,69,61,61,60,60
2023-09-14 14:42:30.217 [INFO]    Piece1 0, 1
2023-09-14 14:42:30.220 [INFO]    Piece2 1, 2
2023-09-14 14:42:31.454 [INFO]    Row: 2 Column: 3
2023-09-14 14:42:36.767 [INFO]    Row: 0 Column: 1
2023-09-14 14:42:36.767 [INFO]    Piece1 2, 3
2023-09-14 14:42:36.771 [INFO]    Piece2 0, 1
2023-09-14 14:42:36.776 [INFO]    Max is Black
2023-09-14 14:42:36.981 [INFO]    Evaluating Node number: 1 - Score: 2147483647
2023-09-14 14:42:36.982 [INFO]    Node Values: 2147483647
2023-09-14 14:42:36.982 [INFO]    Piece1 0, 5
2023-09-14 14:42:36.982 [INFO]    Piece2 2, 3
2023-09-14 14:42:37.984 [INFO]    Piece1 2, 3
2023-09-14 14:42:37.984 [INFO]    Piece2 4, 1
2023-09-14 14:42:39.461 [INFO]    Row: 0 Column: 1
2023-09-14 14:42:40.206 [INFO]    Row: 1 Column: 2
2023-09-14 14:42:40.206 [INFO]    Piece1 0, 1
2023-09-14 14:42:40.210 [INFO]    Piece2 1, 2
2023-09-14 14:42:40.216 [INFO]    Max is Black
2023-09-14 14:42:40.421 [INFO]    Evaluating Node number: 1 - Score: 2147483647
2023-09-14 14:42:40.421 [INFO]    Node Values: 2147483647
2023-09-14 14:42:40.421 [INFO]    Piece1 3, 6
2023-09-14 14:42:40.421 [INFO]    Piece2 1, 4
2023-09-14 14:42:41.469 [INFO]    Row: 1 Column: 2
2023-09-14 14:42:44.967 [INFO]    Row: 1 Column: 2
2023-09-14 14:42:44.967 [INFO]    Piece1 1, 2
2023-09-14 14:42:44.967 [INFO]    Piece2 1, 2
2023-09-14 14:42:45.677 [INFO]    Row: 1 Column: 2
2023-09-14 14:42:46.358 [INFO]    Row: 1 Column: 2
2023-09-14 14:42:46.359 [INFO]    Piece1 1, 2
2023-09-14 14:42:46.363 [INFO]    Piece2 1, 2
2023-09-14 14:42:47.238 [INFO]    Row: 4 Column: 3
2023-09-14 14:42:47.887 [INFO]    Row: 3 Column: 2
2023-09-14 14:42:47.887 [INFO]    Piece1 4, 3
2023-09-14 14:42:47.890 [INFO]    Piece2 3, 2
2023-09-14 14:42:47.894 [INFO]    Max is Black
2023-09-14 14:42:48.100 [INFO]    Evaluating Node number: 1 - Score: 32
2023-09-14 14:42:50.676 [INFO]    Node Values: 2147483647,2147483647,50,96,96,2147483647,2147483647,2147483647,2147483647,2147483647,2147483647,2147483647
2023-09-14 14:42:50.676 [INFO]    Piece1 1, 4
2023-09-14 14:42:50.681 [INFO]    Piece2 2, 5
2023-09-14 14:42:51.686 [INFO]    Row: 3 Column: 2
2023-09-14 14:42:52.278 [INFO]    Row: 2 Column: 3
2023-09-14 14:42:52.279 [INFO]    Piece1 3, 2
2023-09-14 14:42:52.282 [INFO]    Piece2 2, 3
2023-09-14 14:42:52.286 [INFO]    Max is Black
2023-09-14 14:42:52.490 [INFO]    Evaluating Node number: 1 - Score: 33
2023-09-14 14:42:54.824 [INFO]    Node Values: 2147483647,99,2147483647,99,46,2147483647,2147483647,2147483647,2147483647,2147483647,2147483647,2147483647
2023-09-14 14:42:54.825 [INFO]    Piece1 4, 1
2023-09-14 14:42:54.828 [INFO]    Piece2 5, 0
2023-09-14 14:42:56.159 [INFO]    Row: 1 Column: 2
2023-09-14 14:42:57.270 [INFO]    Row: 1 Column: 2
2023-09-14 14:42:57.271 [INFO]    Piece1 1, 2
2023-09-14 14:42:57.275 [INFO]    Piece2 1, 2
2023-09-14 14:42:57.694 [INFO]    Row: 1 Column: 2
2023-09-14 14:43:02.358 [INFO]    Row: 1 Column: 2
2023-09-14 14:43:02.360 [INFO]    Piece1 1, 2
2023-09-14 14:43:02.363 [INFO]    Piece2 1, 2
2023-09-14 14:43:02.879 [INFO]    Row: 1 Column: 2
2023-09-14 14:43:03.789 [INFO]    Row: 1 Column: 2
2023-09-14 14:43:03.790 [INFO]    Piece1 1, 2
2023-09-14 14:43:03.794 [INFO]    Piece2 1, 2
2023-09-14 14:43:04.686 [INFO]    Row: 2 Column: 3
2023-09-14 14:43:07.104 [INFO]    Row: 1 Column: 4
2023-09-14 14:43:07.104 [INFO]    Piece1 2, 3
2023-09-14 14:43:07.107 [INFO]    Piece2 1, 4
2023-09-14 14:43:07.112 [INFO]    Max is Black
2023-09-14 14:43:07.316 [INFO]    Evaluating Node number: 1 - Score: 2147483647
2023-09-14 14:43:07.316 [INFO]    Node Values: 2147483647
2023-09-14 14:43:07.317 [INFO]    Piece1 2, 5
2023-09-14 14:43:07.317 [INFO]    Piece2 0, 3
2023-09-14 14:43:08.318 [INFO]    Piece1 0, 3
2023-09-14 14:43:08.318 [INFO]    Piece2 2, 1
2023-09-14 14:45:51.611 [INFO]    Row: 5 Column: 6
2023-09-14 14:45:52.050 [INFO]    Row: 4 Column: 5
2023-09-14 14:45:52.055 [INFO]    Piece1 5, 6
2023-09-14 14:45:52.060 [INFO]    Piece2 4, 5
2023-09-14 14:45:52.069 [INFO]    Max is Black
2023-09-14 14:45:52.275 [INFO]    Evaluating Node number: 1 - Score: 33
2023-09-14 14:45:53.541 [INFO]    Node Values: 34,35,18,34,19,18,0
2023-09-14 14:45:53.544 [INFO]    Piece1 2, 1
2023-09-14 14:45:53.547 [INFO]    Piece2 3, 0
2023-09-14 14:45:54.451 [INFO]    Row: 6 Column: 7
2023-09-14 14:45:57.290 [INFO]    Row: 6 Column: 7
2023-09-14 14:45:57.292 [INFO]    Piece1 6, 7
2023-09-14 14:45:57.296 [INFO]    Piece2 6, 7
2023-09-14 14:45:57.739 [INFO]    Row: 6 Column: 7
2023-09-14 14:45:59.074 [INFO]    Row: 5 Column: 6
2023-09-14 14:45:59.078 [INFO]    Piece1 6, 7
2023-09-14 14:45:59.081 [INFO]    Piece2 5, 6
2023-09-14 14:45:59.085 [INFO]    Max is Black
2023-09-14 14:45:59.287 [INFO]    Evaluating Node number: 1 - Score: 15
2023-09-14 14:46:00.767 [INFO]    Node Values: 52,52,18,51,52,51,1,16
2023-09-14 14:46:00.770 [INFO]    Piece1 1, 0
2023-09-14 14:46:00.774 [INFO]    Piece2 2, 1
2023-09-14 14:46:01.354 [INFO]    Row: 5 Column: 0
2023-09-14 14:46:01.818 [INFO]    Row: 4 Column: 1
2023-09-14 14:46:01.819 [INFO]    Piece1 5, 0
2023-09-14 14:46:01.819 [INFO]    Piece2 4, 1
2023-09-14 14:46:01.821 [INFO]    Max is Black
2023-09-14 14:46:02.024 [INFO]    Evaluating Node number: 1 - Score: 15
2023-09-14 14:46:03.274 [INFO]    Node Values: 52,69,54,36,36,19,34
2023-09-14 14:46:03.275 [INFO]    Piece1 2, 1
2023-09-14 14:46:03.275 [INFO]    Piece2 3, 2
2023-09-14 14:46:04.803 [INFO]    Row: 6 Column: 1
2023-09-14 14:46:05.330 [INFO]    Row: 5 Column: 0
2023-09-14 14:46:05.330 [INFO]    Piece1 6, 1
2023-09-14 14:46:05.332 [INFO]    Piece2 5, 0
2023-09-14 14:46:05.332 [INFO]    Max is Black
2023-09-14 14:46:05.535 [INFO]    Evaluating Node number: 1 - Score: 17
2023-09-14 14:46:06.760 [INFO]    Node Values: 34,32,19,53,51,0,-23
2023-09-14 14:46:06.763 [INFO]    Piece1 2, 5
2023-09-14 14:46:06.766 [INFO]    Piece2 3, 6
2023-09-14 14:46:10.276 [INFO]    Row: 7 Column: 0
2023-09-14 14:46:10.811 [INFO]    Row: 6 Column: 1
2023-09-14 14:46:10.811 [INFO]    Piece1 7, 0
2023-09-14 14:46:10.811 [INFO]    Piece2 6, 1
2023-09-14 14:46:10.813 [INFO]    Max is Black
2023-09-14 14:46:11.016 [INFO]    Evaluating Node number: 1 - Score: 8
2023-09-14 14:46:12.240 [INFO]    Node Values: 23,53,62,53,18,44,80
2023-09-14 14:46:12.240 [INFO]    Piece1 3, 6
2023-09-14 14:46:12.244 [INFO]    Piece2 4, 7
2023-09-14 14:46:17.876 [INFO]    Row: 7 Column: 6
2023-09-14 14:46:18.355 [INFO]    Row: 6 Column: 7
2023-09-14 14:46:18.359 [INFO]    Piece1 7, 6
2023-09-14 14:46:18.362 [INFO]    Piece2 6, 7
2023-09-14 14:46:18.366 [INFO]    Max is Black
2023-09-14 14:46:18.568 [INFO]    Evaluating Node number: 1 - Score: -5
2023-09-14 14:46:19.809 [INFO]    Node Values: 25,14,45,8,18,29,45
2023-09-14 14:46:19.809 [INFO]    Piece1 3, 2
2023-09-14 14:46:19.812 [INFO]    Piece2 4, 3
2023-09-14 14:46:20.884 [INFO]    Row: 5 Column: 4
2023-09-14 14:46:21.707 [INFO]    Row: 3 Column: 2
2023-09-14 14:46:21.707 [INFO]    Piece1 5, 4
2023-09-14 14:46:21.712 [INFO]    Piece2 3, 2
2023-09-14 14:46:21.718 [INFO]    Max is Black
2023-09-14 14:46:21.924 [INFO]    Evaluating Node number: 1 - Score: -27
2023-09-14 14:46:22.987 [INFO]    Node Values: -27,-33,-16,25,-16,26
2023-09-14 14:46:22.988 [INFO]    Piece1 2, 7
2023-09-14 14:46:22.992 [INFO]    Piece2 3, 6
2023-09-14 14:46:24.115 [INFO]    Row: 4 Column: 5
2023-09-14 14:46:25.084 [INFO]    Row: 2 Column: 7
2023-09-14 14:46:25.084 [INFO]    Piece1 4, 5
2023-09-14 14:46:25.087 [INFO]    Piece2 2, 7
2023-09-14 14:46:25.092 [INFO]    Max is Black
2023-09-14 14:46:25.296 [INFO]    Evaluating Node number: 1 - Score: 29
2023-09-14 14:46:26.144 [INFO]    Node Values: 29,-32,-26,-16,1
2023-09-14 14:46:26.144 [INFO]    Piece1 0, 1
2023-09-14 14:46:26.149 [INFO]    Piece2 1, 0
2023-09-14 14:46:29.235 [INFO]    Row: 5 Column: 6
2023-09-14 14:46:30.172 [INFO]    Row: 4 Column: 5
2023-09-14 14:46:30.173 [INFO]    Piece1 5, 6
2023-09-14 14:46:30.176 [INFO]    Piece2 4, 5
2023-09-14 14:46:30.180 [INFO]    Max is Black
2023-09-14 14:46:30.386 [INFO]    Evaluating Node number: 1 - Score: -107
2023-09-14 14:46:31.466 [INFO]    Node Values: -17,-15,-27,17,-1,-17
2023-09-14 14:46:31.467 [INFO]    Piece1 1, 6
2023-09-14 14:46:31.470 [INFO]    Piece2 2, 5
2023-09-14 14:46:32.028 [INFO]    Row: 6 Column: 7
2023-09-14 14:46:34.243 [INFO]    Row: 5 Column: 6
2023-09-14 14:46:34.244 [INFO]    Piece1 6, 7
2023-09-14 14:46:34.249 [INFO]    Piece2 5, 6
2023-09-14 14:46:34.254 [INFO]    Max is Black
2023-09-14 14:46:34.459 [INFO]    Evaluating Node number: 1 - Score: -104
2023-09-14 14:46:35.754 [INFO]    Node Values: -10,25,-18,60,-2,52,32
2023-09-14 14:46:35.755 [INFO]    Piece1 1, 2
2023-09-14 14:46:35.759 [INFO]    Piece2 2, 1
2023-09-14 14:46:40.595 [INFO]    Row: 6 Column: 3
2023-09-14 14:46:41.194 [INFO]    Row: 5 Column: 4
2023-09-14 14:46:41.195 [INFO]    Piece1 6, 3
2023-09-14 14:46:41.199 [INFO]    Piece2 5, 4
2023-09-14 14:46:41.204 [INFO]    Max is Black
2023-09-14 14:46:41.408 [INFO]    Evaluating Node number: 1 - Score: -13
2023-09-14 14:46:41.412 [INFO]    Node Values: 68
2023-09-14 14:46:41.412 [INFO]    Piece1 2, 1
2023-09-14 14:46:41.413 [INFO]    Piece2 4, 3
2023-09-14 14:46:42.172 [INFO]    Row: 5 Column: 4
2023-09-14 14:46:46.523 [INFO]    Row: 3 Column: 2
2023-09-14 14:46:46.524 [INFO]    Piece1 5, 4
2023-09-14 14:46:46.524 [INFO]    Piece2 3, 2
2023-09-14 14:46:46.525 [INFO]    Max is Black
2023-09-14 14:46:46.729 [INFO]    Evaluating Node number: 1 - Score: 34
2023-09-14 14:46:48.007 [INFO]    Node Values: 34,-10,26,12,12,53,32
2023-09-14 14:46:48.008 [INFO]    Piece1 2, 5
2023-09-14 14:46:48.011 [INFO]    Piece2 3, 6
2023-09-14 14:46:53.723 [INFO]    Row: 6 Column: 5
2023-09-14 14:46:54.547 [INFO]    Row: 5 Column: 4
2023-09-14 14:46:54.549 [INFO]    Piece1 6, 5
2023-09-14 14:46:54.553 [INFO]    Piece2 5, 4
2023-09-14 14:46:54.557 [INFO]    Max is Black
2023-09-14 14:46:54.763 [INFO]    Evaluating Node number: 1 - Score: -5
2023-09-14 14:46:54.786 [INFO]    Node Values: -1
2023-09-14 14:46:54.786 [INFO]    Piece1 4, 7
2023-09-14 14:46:54.787 [INFO]    Piece2 6, 5
2023-09-14 14:46:55.908 [INFO]    Row: 7 Column: 4
2023-09-14 14:46:56.764 [INFO]    Row: 5 Column: 6
2023-09-14 14:46:56.765 [INFO]    Piece1 7, 4
2023-09-14 14:46:56.765 [INFO]    Piece2 5, 6
2023-09-14 14:46:56.770 [INFO]    Max is Black
2023-09-14 14:46:56.972 [INFO]    Evaluating Node number: 1 - Score: -11
2023-09-14 14:46:58.273 [INFO]    Node Values: -11,-15,15,-20,-31,19,32
2023-09-14 14:46:58.273 [INFO]    Piece1 3, 6
2023-09-14 14:46:58.277 [INFO]    Piece2 4, 7
2023-09-14 14:47:05.797 [INFO]    Row: 7 Column: 2
2023-09-14 14:47:07.524 [INFO]    Row: 6 Column: 3
2023-09-14 14:47:07.525 [INFO]    Piece1 7, 2
2023-09-14 14:47:07.528 [INFO]    Piece2 6, 3
2023-09-14 14:47:07.532 [INFO]    Max is Black
2023-09-14 14:47:07.737 [INFO]    Evaluating Node number: 1 - Score: 15
2023-09-14 14:47:07.738 [INFO]    Node Values: 29
2023-09-14 14:47:07.738 [INFO]    Piece1 4, 7
2023-09-14 14:47:07.739 [INFO]    Piece2 6, 5
2023-09-14 14:47:12.709 [INFO]    Row: 5 Column: 4
2023-09-14 14:47:13.308 [INFO]    Row: 4 Column: 3
2023-09-14 14:47:13.308 [INFO]    Piece1 5, 4
2023-09-14 14:47:13.309 [INFO]    Piece2 4, 3
2023-09-14 14:47:13.310 [INFO]    Max is Black
2023-09-14 14:47:13.511 [INFO]    Evaluating Node number: 1 - Score: 95
2023-09-14 14:47:15.023 [INFO]    Node Values: 95,58,86,8,-17,55,107,107
2023-09-14 14:47:15.023 [INFO]    Piece1 6, 5
2023-09-14 14:47:15.027 [INFO]    Piece2 7, 4
2023-09-14 14:47:15.899 [INFO]    Row: 6 Column: 3
2023-09-14 14:47:16.420 [INFO]    Row: 5 Column: 4
2023-09-14 14:47:16.420 [INFO]    Piece1 6, 3
2023-09-14 14:47:16.425 [INFO]    Piece2 5, 4
2023-09-14 14:47:16.430 [INFO]    Max is Black
2023-09-14 14:47:16.637 [INFO]    Evaluating Node number: 1 - Score: -45
2023-09-14 14:47:19.083 [INFO]    Node Values: -17,8,9,-6,-5,9,-29,8,8,-29,40,8
2023-09-14 14:47:19.083 [INFO]    Piece1 7, 4
2023-09-14 14:47:19.087 [INFO]    Piece2 5, 6
2023-09-14 14:47:20.829 [INFO]    Row: 4 Column: 5
2023-09-14 14:47:21.516 [INFO]    Row: 3 Column: 6
2023-09-14 14:47:21.516 [INFO]    Piece1 4, 5
2023-09-14 14:47:21.520 [INFO]    Piece2 3, 6
2023-09-14 14:47:21.525 [INFO]    Max is Black
2023-09-14 14:47:21.731 [INFO]    Evaluating Node number: 1 - Score: 80
2023-09-14 14:47:25.197 [INFO]    Node Values: 80,14,8,7,63,44,79,79,79,57,57,11,79,79,79,79
2023-09-14 14:47:25.198 [INFO]    Piece1 0, 3
2023-09-14 14:47:25.201 [INFO]    Piece2 1, 2
2023-09-14 14:47:38.189 [INFO]    Row: 4 Column: 3
2023-09-14 14:47:38.725 [INFO]    Row: 4 Column: 3
2023-09-14 14:47:38.725 [INFO]    Piece1 4, 3
2023-09-14 14:47:38.729 [INFO]    Piece2 4, 3
2023-09-14 14:47:39.189 [INFO]    Row: 4 Column: 3
2023-09-14 14:47:43.021 [INFO]    Row: 4 Column: 3
2023-09-14 14:47:43.021 [INFO]    Piece1 4, 3
2023-09-14 14:47:43.026 [INFO]    Piece2 4, 3
2023-09-14 14:47:54.292 [INFO]    Row: 3 Column: 2
2023-09-14 14:47:55.213 [INFO]    Row: 2 Column: 1
2023-09-14 14:47:55.214 [INFO]    Piece1 3, 2
2023-09-14 14:47:55.218 [INFO]    Piece2 2, 1
2023-09-14 14:47:55.223 [INFO]    Max is Black
2023-09-14 14:47:55.427 [INFO]    Evaluating Node number: 1 - Score: 18
2023-09-14 14:47:55.596 [INFO]    Node Values: 18
2023-09-14 14:47:55.597 [INFO]    Piece1 1, 0
2023-09-14 14:47:55.597 [INFO]    Piece2 3, 2
2023-09-14 14:47:56.733 [INFO]    Row: 4 Column: 3
2023-09-14 14:47:57.757 [INFO]    Row: 2 Column: 1
2023-09-14 14:47:57.758 [INFO]    Piece1 4, 3
2023-09-14 14:47:57.758 [INFO]    Piece2 2, 1
2023-09-14 14:47:58.229 [INFO]    Row: 2 Column: 1
2023-09-14 14:47:59.774 [INFO]    Row: 0 Column: 3
2023-09-14 14:47:59.775 [INFO]    Piece1 2, 1
2023-09-14 14:47:59.778 [INFO]    Piece2 0, 3
2023-09-14 14:47:59.783 [INFO]    Max is Black
2023-09-14 14:47:59.989 [INFO]    Evaluating Node number: 1 - Score: 53
2023-09-14 14:48:03.578 [INFO]    Node Values: 53,0,0,16,43,36,-55,36,32,32,-10,36,-55,36,36
2023-09-14 14:48:03.578 [INFO]    Piece1 0, 5
2023-09-14 14:48:03.582 [INFO]    Piece2 1, 6
2023-09-14 14:48:04.469 [INFO]    Row: 0 Column: 3
2023-09-14 14:48:05.517 [INFO]    Row: 0 Column: 3
2023-09-14 14:48:05.518 [INFO]    Piece1 0, 3
2023-09-14 14:48:05.521 [INFO]    Piece2 0, 3
2023-09-14 14:48:05.974 [INFO]    Row: 0 Column: 3
2023-09-14 14:48:10.341 [INFO]    Row: 0 Column: 3
2023-09-14 14:48:10.341 [INFO]    Piece1 0, 3
2023-09-14 14:48:10.345 [INFO]    Piece2 0, 3
2023-09-14 14:48:10.798 [INFO]    Row: 0 Column: 3
2023-09-14 14:48:17.669 [INFO]    Row: 0 Column: 3
2023-09-14 14:48:17.669 [INFO]    Piece1 0, 3
2023-09-14 14:48:17.673 [INFO]    Piece2 0, 3
2023-09-14 14:48:18.117 [INFO]    Row: 0 Column: 3
2023-09-14 14:48:30.366 [INFO]    Row: 0 Column: 3
2023-09-14 14:48:30.367 [INFO]    Piece1 0, 3
2023-09-14 14:48:30.370 [INFO]    Piece2 0, 3
2023-09-14 14:48:35.133 [INFO]    Row: 2 Column: 7
2023-09-14 14:48:35.910 [INFO]    Row: 0 Column: 5
2023-09-14 14:48:35.911 [INFO]    Piece1 2, 7
2023-09-14 14:48:35.914 [INFO]    Piece2 0, 5
2023-09-14 14:48:35.918 [INFO]    Max is Black
2023-09-14 14:48:36.123 [INFO]    Evaluating Node number: 1 - Score: -74
2023-09-14 14:48:39.529 [INFO]    Node Values: -15,-32,3,-35,-30,-83,-30,-30,-30,-140,-30,-83,-15,-30
2023-09-14 14:48:39.529 [INFO]    Piece1 2, 3
2023-09-14 14:48:39.534 [INFO]    Piece2 3, 4
2023-09-14 14:48:39.863 [INFO]    Row: 0 Column: 5
2023-09-14 14:48:41.430 [INFO]    Row: 0 Column: 5
2023-09-14 14:48:41.431 [INFO]    Piece1 0, 5
2023-09-14 14:48:41.435 [INFO]    Piece2 0, 5
2023-09-14 14:48:41.878 [INFO]    Row: 0 Column: 5
2023-09-14 14:48:49.935 [INFO]    Row: 0 Column: 5
2023-09-14 14:48:49.935 [INFO]    Piece1 0, 5
2023-09-14 14:48:49.940 [INFO]    Piece2 0, 5
2023-09-14 14:48:50.326 [INFO]    Row: 0 Column: 5
2023-09-14 14:48:51.622 [INFO]    Row: 0 Column: 5
2023-09-14 14:48:51.623 [INFO]    Piece1 0, 5
2023-09-14 14:48:51.627 [INFO]    Piece2 0, 5
2023-09-14 14:48:58.446 [INFO]    Row: 0 Column: 5
2023-09-14 14:49:05.440 [INFO]    Row: 0 Column: 5
2023-09-14 14:49:05.440 [INFO]    Piece1 0, 5
2023-09-14 14:49:05.444 [INFO]    Piece2 0, 5
2023-09-14 14:49:06.183 [INFO]    Row: 0 Column: 3
2023-09-14 14:50:16.425 [INFO]    Row: 0 Column: 3
2023-09-14 14:50:16.425 [INFO]    Piece1 0, 3
2023-09-14 14:50:16.430 [INFO]    Piece2 0, 3
2023-09-14 14:50:16.913 [INFO]    Row: 0 Column: 3
2023-09-14 14:50:17.793 [INFO]    Row: 0 Column: 3
2023-09-14 14:50:17.797 [INFO]    Piece1 0, 3
2023-09-14 14:50:17.801 [INFO]    Piece2 0, 3
2023-09-14 14:50:18.532 [INFO]    Row: 0 Column: 3
2023-09-14 14:51:37.395 [INFO]    Row: 0 Column: 3
2023-09-14 14:51:37.396 [INFO]    Piece1 0, 3
2023-09-14 14:51:37.397 [INFO]    Piece2 0, 3
2023-09-14 14:51:38.386 [INFO]    Row: 0 Column: 5
2023-09-14 14:51:39.610 [INFO]    Row: 2 Column: 3
2023-09-14 14:51:39.611 [INFO]    Piece1 0, 5
2023-09-14 14:51:39.616 [INFO]    Piece2 2, 3
2023-09-14 14:51:40.338 [INFO]    Row: 2 Column: 3
2023-09-14 14:51:42.611 [INFO]    Row: 4 Column: 5
2023-09-14 14:51:42.611 [INFO]    Piece1 2, 3
2023-09-14 14:51:42.616 [INFO]    Piece2 4, 5
2023-09-14 14:51:43.219 [INFO]    Row: 4 Column: 5
2023-09-14 14:51:44.147 [INFO]    Row: 6 Column: 7
2023-09-14 14:51:44.148 [INFO]    Piece1 4, 5
2023-09-14 14:51:44.151 [INFO]    Piece2 6, 7
2023-09-14 14:51:44.156 [INFO]    Max is Black
2023-09-14 14:51:44.361 [INFO]    Evaluating Node number: 1 - Score: -76
2023-09-14 14:51:44.363 [INFO]    Node Values: -76
2023-09-14 14:51:44.363 [INFO]    Piece1 0, 7
2023-09-14 14:51:44.363 [INFO]    Piece2 1, 6
2023-09-14 14:52:27.596 [INFO]    Row: 6 Column: 7
2023-09-14 14:52:30.995 [INFO]    Row: 3 Column: 4
2023-09-14 14:52:30.997 [INFO]    Piece1 6, 7
2023-09-14 14:52:30.999 [INFO]    Piece2 3, 4
2023-09-14 14:52:31.000 [INFO]    Max is Black
2023-09-14 14:52:31.202 [INFO]    Evaluating Node number: 1 - Score: -76
2023-09-14 14:52:31.406 [INFO]    Node Values: -76,-140
2023-09-14 14:52:31.409 [INFO]    Piece1 1, 6
2023-09-14 14:52:31.412 [INFO]    Piece2 2, 7
2023-09-14 14:52:34.284 [INFO]    Row: 3 Column: 4
2023-09-14 14:52:35.532 [INFO]    Row: 3 Column: 4
2023-09-14 14:52:35.532 [INFO]    Piece1 3, 4
2023-09-14 14:52:35.532 [INFO]    Piece2 3, 4
2023-09-14 14:52:36.083 [INFO]    Row: 3 Column: 4
2023-09-14 14:52:36.581 [INFO]    Row: 3 Column: 4
2023-09-14 14:52:36.584 [INFO]    Piece1 3, 4
2023-09-14 14:52:36.588 [INFO]    Piece2 3, 4
2023-09-14 14:52:37.420 [INFO]    Row: 5 Column: 4
2023-09-14 14:52:37.932 [INFO]    Row: 4 Column: 5
2023-09-14 14:52:37.933 [INFO]    Piece1 5, 4
2023-09-14 14:52:37.934 [INFO]    Piece2 4, 5
2023-09-14 14:52:37.935 [INFO]    Max is Black
2023-09-14 14:55:48.138 [INFO]    Row: 5 Column: 6
2023-09-14 14:55:48.536 [INFO]    Row: 4 Column: 5
2023-09-14 14:55:48.541 [INFO]    Piece1 5, 6
2023-09-14 14:55:48.545 [INFO]    Piece2 4, 5
2023-09-14 14:55:48.555 [INFO]    Max is Black
2023-09-14 14:55:48.761 [INFO]    Evaluating Node number: 1 - Score: 33
2023-09-14 14:55:50.025 [INFO]    Node Values: 34,35,18,34,19,18,0
2023-09-14 14:55:50.028 [INFO]    Piece1 2, 1
2023-09-14 14:55:50.031 [INFO]    Piece2 3, 0
2023-09-14 14:56:11.368 [INFO]    Row: 6 Column: 7
2023-09-14 14:56:13.657 [INFO]    Row: 6 Column: 7
2023-09-14 14:56:13.657 [INFO]    Piece1 6, 7
2023-09-14 14:56:13.657 [INFO]    Piece2 6, 7
2023-09-14 14:56:17.074 [INFO]    Row: 5 Column: 0
2023-09-14 14:56:17.536 [INFO]    Row: 4 Column: 1
2023-09-14 14:56:17.543 [INFO]    Piece1 5, 0
2023-09-14 14:56:17.547 [INFO]    Piece2 4, 1
2023-09-14 14:56:17.552 [INFO]    Max is Black
2023-09-14 14:56:17.754 [INFO]    Evaluating Node number: 1 - Score: 16
2023-09-14 14:56:19.010 [INFO]    Node Values: 35,35,20,19,36,19,0
2023-09-14 14:56:19.011 [INFO]    Piece1 2, 5
2023-09-14 14:56:19.014 [INFO]    Piece2 3, 6
2023-09-14 14:56:50.667 [INFO]    Row: 6 Column: 7
2023-09-14 14:56:51.385 [INFO]    Row: 5 Column: 6
2023-09-14 14:56:51.386 [INFO]    Piece1 6, 7
2023-09-14 14:56:51.392 [INFO]    Piece2 5, 6
2023-09-14 14:56:51.397 [INFO]    Max is Black
2023-09-14 14:56:51.603 [INFO]    Evaluating Node number: 1 - Score: 16
2023-09-14 14:56:52.861 [INFO]    Node Values: 36,36,16,17,53,19,52
2023-09-14 14:56:52.862 [INFO]    Piece1 2, 3
2023-09-14 14:56:52.865 [INFO]    Piece2 3, 4
2023-09-14 14:56:54.051 [INFO]    Row: 4 Column: 5
2023-09-14 14:56:55.393 [INFO]    Row: 2 Column: 3
2023-09-14 14:56:55.394 [INFO]    Piece1 4, 5
2023-09-14 14:56:55.398 [INFO]    Piece2 2, 3
2023-09-14 14:56:55.402 [INFO]    Max is Black
2023-09-14 14:56:55.606 [INFO]    Evaluating Node number: 1 - Score: -1
2023-09-14 14:56:55.876 [INFO]    Node Values: 35,52
2023-09-14 14:56:55.881 [INFO]    Piece1 1, 4
2023-09-14 14:56:55.883 [INFO]    Piece2 3, 2
2023-09-14 14:56:56.887 [INFO]    Piece1 3, 2
2023-09-14 14:56:56.888 [INFO]    Piece2 5, 0
2023-09-14 14:57:00.179 [INFO]    Row: 7 Column: 6
2023-09-14 14:57:00.690 [INFO]    Row: 6 Column: 7
2023-09-14 14:57:00.691 [INFO]    Piece1 7, 6
2023-09-14 14:57:00.694 [INFO]    Piece2 6, 7
2023-09-14 14:57:00.698 [INFO]    Max is Black
2023-09-14 14:57:00.904 [INFO]    Evaluating Node number: 1 - Score: 36
2023-09-14 14:57:02.693 [INFO]    Node Values: 38,38,46,66,66,37,65,38,20
2023-09-14 14:57:02.693 [INFO]    Piece1 1, 2
2023-09-14 14:57:02.697 [INFO]    Piece2 2, 1
2023-09-14 14:57:03.282 [INFO]    Row: 5 Column: 4
2023-09-14 14:57:03.730 [INFO]    Row: 4 Column: 3
2023-09-14 14:57:03.733 [INFO]    Piece1 5, 4
2023-09-14 14:57:03.736 [INFO]    Piece2 4, 3
2023-09-14 14:57:03.740 [INFO]    Max is Black
2023-09-14 14:57:03.943 [INFO]    Evaluating Node number: 1 - Score: 36
2023-09-14 14:57:05.656 [INFO]    Node Values: 83,83,83,83,38,66,23,82,22
2023-09-14 14:57:05.657 [INFO]    Piece1 0, 3
2023-09-14 14:57:05.659 [INFO]    Piece2 1, 2
2023-09-14 14:57:06.243 [INFO]    Row: 6 Column: 5
2023-09-14 14:57:07.066 [INFO]    Row: 6 Column: 5
2023-09-14 14:57:07.067 [INFO]    Piece1 6, 5
2023-09-14 14:57:07.070 [INFO]    Piece2 6, 5
2023-09-14 14:57:07.507 [INFO]    Row: 6 Column: 5
2023-09-14 14:57:08.210 [INFO]    Row: 5 Column: 4
2023-09-14 14:57:08.211 [INFO]    Piece1 6, 5
2023-09-14 14:57:08.214 [INFO]    Piece2 5, 4
2023-09-14 14:57:08.218 [INFO]    Max is Black
2023-09-14 14:57:08.424 [INFO]    Evaluating Node number: 1 - Score: 20
2023-09-14 14:57:09.699 [INFO]    Node Values: 37,37,66,8,31,34,20
2023-09-14 14:57:09.700 [INFO]    Piece1 1, 6
2023-09-14 14:57:09.704 [INFO]    Piece2 2, 5
2023-09-14 14:57:10.411 [INFO]    Row: 5 Column: 6
2023-09-14 14:57:10.811 [INFO]    Row: 4 Column: 5
2023-09-14 14:57:10.815 [INFO]    Piece1 5, 6
2023-09-14 14:57:10.818 [INFO]    Piece2 4, 5
2023-09-14 14:57:10.822 [INFO]    Max is Black
2023-09-14 14:57:11.025 [INFO]    Evaluating Node number: 1 - Score: 31
2023-09-14 14:57:12.502 [INFO]    Node Values: 31,31,31,31,26,40,31,68
2023-09-14 14:57:12.502 [INFO]    Piece1 3, 6
2023-09-14 14:57:12.507 [INFO]    Piece2 4, 7
2023-09-14 14:57:14.866 [INFO]    Row: 7 Column: 4
2023-09-14 14:57:17.675 [INFO]    Row: 7 Column: 4
2023-09-14 14:57:17.676 [INFO]    Piece1 7, 4
2023-09-14 14:57:17.679 [INFO]    Piece2 7, 4
2023-09-14 14:57:18.531 [INFO]    Row: 7 Column: 4
2023-09-14 14:57:19.380 [INFO]    Row: 6 Column: 5
2023-09-14 14:57:19.380 [INFO]    Piece1 7, 4
2023-09-14 14:57:19.383 [INFO]    Piece2 6, 5
2023-09-14 14:57:19.387 [INFO]    Max is Black
2023-09-14 14:57:19.592 [INFO]    Evaluating Node number: 1 - Score: 22
2023-09-14 14:57:21.655 [INFO]    Node Values: 83,83,83,22,53,111,5,22,64,53
2023-09-14 14:57:21.656 [INFO]    Piece1 2, 5
2023-09-14 14:57:21.659 [INFO]    Piece2 3, 6
2023-09-14 14:57:22.323 [INFO]    Row: 6 Column: 7
2023-09-14 14:57:23.209 [INFO]    Row: 5 Column: 6
2023-09-14 14:57:23.210 [INFO]    Piece1 6, 7
2023-09-14 14:57:23.214 [INFO]    Piece2 5, 6
2023-09-14 14:57:23.218 [INFO]    Max is Black
2023-09-14 14:57:23.424 [INFO]    Evaluating Node number: 1 - Score: 58
2023-09-14 14:57:24.487 [INFO]    Node Values: 58,58,58,58,43,20
2023-09-14 14:57:24.487 [INFO]    Piece1 0, 5
2023-09-14 14:57:24.491 [INFO]    Piece2 1, 4
2023-09-14 14:57:30.540 [INFO]    Row: 4 Column: 5
2023-09-14 14:57:32.419 [INFO]    Row: 4 Column: 5
2023-09-14 14:57:32.420 [INFO]    Piece1 4, 5
2023-09-14 14:57:32.423 [INFO]    Piece2 4, 5
2023-09-14 14:57:32.628 [INFO]    Row: 4 Column: 5
2023-09-14 14:57:33.668 [INFO]    Row: 3 Column: 4
2023-09-14 14:57:33.668 [INFO]    Piece1 4, 5
2023-09-14 14:57:33.672 [INFO]    Piece2 3, 4
2023-09-14 14:57:33.677 [INFO]    Max is Black
2023-09-14 14:57:33.883 [INFO]    Evaluating Node number: 1 - Score: -21
2023-09-14 14:57:35.153 [INFO]    Node Values: 11,70,23,54,29,111,66
2023-09-14 14:57:35.153 [INFO]    Piece1 3, 0
2023-09-14 14:57:35.158 [INFO]    Piece2 4, 1
2023-09-14 14:57:36.771 [INFO]    Row: 5 Column: 2
2023-09-14 14:57:38.603 [INFO]    Row: 3 Column: 0
2023-09-14 14:57:38.604 [INFO]    Piece1 5, 2
2023-09-14 14:57:38.608 [INFO]    Piece2 3, 0
2023-09-14 14:57:38.612 [INFO]    Max is Black
2023-09-14 14:57:38.819 [INFO]    Evaluating Node number: 1 - Score: 95
2023-09-14 14:57:39.865 [INFO]    Node Values: 110,22,21,37,-20,48
2023-09-14 14:57:39.866 [INFO]    Piece1 0, 7
2023-09-14 14:57:39.870 [INFO]    Piece2 1, 6
2023-09-14 14:57:41.556 [INFO]    Row: 6 Column: 3
2023-09-14 14:57:42.595 [INFO]    Row: 6 Column: 3
2023-09-14 14:57:42.596 [INFO]    Piece1 6, 3
2023-09-14 14:57:42.600 [INFO]    Piece2 6, 3
2023-09-14 14:57:43.591 [INFO]    Row: 6 Column: 3
2023-09-14 14:57:45.516 [INFO]    Row: 5 Column: 2
2023-09-14 14:57:45.516 [INFO]    Piece1 6, 3
2023-09-14 14:57:45.520 [INFO]    Piece2 5, 2
2023-09-14 14:57:45.524 [INFO]    Max is Black
2023-09-14 14:57:45.728 [INFO]    Evaluating Node number: 1 - Score: -18
2023-09-14 14:57:46.795 [INFO]    Node Values: 54,57,20,1,-2,47
2023-09-14 14:57:46.796 [INFO]    Piece1 1, 4
2023-09-14 14:57:46.798 [INFO]    Piece2 2, 5
2023-09-14 14:57:51.395 [INFO]    Row: 5 Column: 6
2023-09-14 14:57:52.947 [INFO]    Row: 4 Column: 5
2023-09-14 14:57:52.948 [INFO]    Piece1 5, 6
2023-09-14 14:57:52.954 [INFO]    Piece2 4, 5
2023-09-14 14:57:52.959 [INFO]    Max is Black
2023-09-14 14:57:53.164 [INFO]    Evaluating Node number: 1 - Score: -72
2023-09-14 14:57:53.580 [INFO]    Node Values: -16,-24,-45
2023-09-14 14:57:53.583 [INFO]    Piece1 1, 2
2023-09-14 14:57:53.587 [INFO]    Piece2 2, 3
2023-09-14 14:57:54.596 [INFO]    Row: 3 Column: 4
2023-09-14 14:57:55.588 [INFO]    Row: 1 Column: 2
2023-09-14 14:57:55.589 [INFO]    Piece1 3, 4
2023-09-14 14:57:55.589 [INFO]    Piece2 1, 2
2023-09-14 14:57:55.591 [INFO]    Max is Black
2023-09-14 14:57:55.793 [INFO]    Evaluating Node number: 1 - Score: -57
2023-09-14 14:57:55.809 [INFO]    Node Values: -37
2023-09-14 14:57:55.809 [INFO]    Piece1 0, 1
2023-09-14 14:57:55.809 [INFO]    Piece2 2, 3
2023-09-14 14:57:57.324 [INFO]    Row: 3 Column: 0
2023-09-14 14:57:58.155 [INFO]    Row: 1 Column: 2
2023-09-14 14:57:58.156 [INFO]    Piece1 3, 0
2023-09-14 14:57:58.156 [INFO]    Piece2 1, 2
2023-09-14 14:57:58.157 [INFO]    Max is Black
2023-09-14 14:57:58.360 [INFO]    Evaluating Node number: 1 - Score: -56
2023-09-14 14:57:59.224 [INFO]    Node Values: 10,-20,-37,-57,-56
2023-09-14 14:57:59.225 [INFO]    Piece1 1, 0
2023-09-14 14:57:59.229 [INFO]    Piece2 2, 1
2023-09-14 14:58:00.554 [INFO]    Row: 1 Column: 2
2023-09-14 14:58:01.523 [INFO]    Row: 0 Column: 3
2023-09-14 14:58:01.523 [INFO]    Piece1 1, 2
2023-09-14 14:58:01.527 [INFO]    Piece2 0, 3
2023-09-14 14:58:01.531 [INFO]    Max is Black
2023-09-14 14:58:01.741 [INFO]    Evaluating Node number: 1 - Score: -19
2023-09-14 14:58:02.830 [INFO]    Node Values: 11,40,8,-19,-53,-38
2023-09-14 14:58:02.831 [INFO]    Piece1 2, 1
2023-09-14 14:58:02.833 [INFO]    Piece2 3, 0
2023-09-14 14:58:04.212 [INFO]    Row: 0 Column: 3
2023-09-14 14:58:04.996 [INFO]    Row: 1 Column: 4
2023-09-14 14:58:04.997 [INFO]    Piece1 0, 3
2023-09-14 14:58:05.000 [INFO]    Piece2 1, 4
2023-09-14 14:58:05.003 [INFO]    Max is Black
2023-09-14 14:58:05.208 [INFO]    Evaluating Node number: 1 - Score: -3
2023-09-14 14:58:06.055 [INFO]    Node Values: 39,9,73,23,70
2023-09-14 14:58:06.056 [INFO]    Piece1 2, 5
2023-09-14 14:58:06.059 [INFO]    Piece2 3, 4
2023-09-14 14:58:07.476 [INFO]    Row: 4 Column: 3
2023-09-14 14:58:08.540 [INFO]    Row: 2 Column: 5
2023-09-14 14:58:08.540 [INFO]    Piece1 4, 3
2023-09-14 14:58:08.543 [INFO]    Piece2 2, 5
2023-09-14 14:58:09.220 [INFO]    Row: 2 Column: 5
2023-09-14 14:58:10.116 [INFO]    Row: 0 Column: 7
2023-09-14 14:58:10.116 [INFO]    Piece1 2, 5
2023-09-14 14:58:10.120 [INFO]    Piece2 0, 7
2023-09-14 14:58:10.124 [INFO]    Max is Black
2023-09-14 14:58:10.330 [INFO]    Evaluating Node number: 1 - Score: -67
2023-09-14 14:58:10.962 [INFO]    Node Values: -36,-4,11,-5
2023-09-14 14:58:10.962 [INFO]    Piece1 3, 0
2023-09-14 14:58:10.966 [INFO]    Piece2 4, 1
2023-09-14 14:58:11.803 [INFO]    Row: 1 Column: 4
2023-09-14 14:58:16.764 [INFO]    Row: 1 Column: 4
2023-09-14 14:58:16.765 [INFO]    Piece1 1, 4
2023-09-14 14:58:16.769 [INFO]    Piece2 1, 4
2023-09-14 14:58:17.452 [INFO]    Row: 1 Column: 4
2023-09-14 14:58:19.508 [INFO]    Row: 1 Column: 4
2023-09-14 14:58:19.509 [INFO]    Piece1 1, 4
2023-09-14 14:58:19.512 [INFO]    Piece2 1, 4
2023-09-14 14:58:20.436 [INFO]    Row: 5 Column: 2
2023-09-14 14:58:21.251 [INFO]    Row: 3 Column: 0
2023-09-14 14:58:21.253 [INFO]    Piece1 5, 2
2023-09-14 14:58:21.255 [INFO]    Piece2 3, 0
2023-09-14 14:58:21.259 [INFO]    Max is Black
2023-09-14 14:58:21.466 [INFO]    Evaluating Node number: 1 - Score: -59
2023-09-14 14:58:21.889 [INFO]    Node Values: -54,-6,-24
2023-09-14 14:58:21.893 [INFO]    Piece1 2, 3
2023-09-14 14:58:21.895 [INFO]    Piece2 3, 2
2023-09-14 14:58:23.308 [INFO]    Row: 1 Column: 4
2023-09-14 14:58:25.364 [INFO]    Row: 2 Column: 3
2023-09-14 14:58:25.365 [INFO]    Piece1 1, 4
2023-09-14 14:58:25.365 [INFO]    Piece2 2, 3
2023-09-14 14:58:25.366 [INFO]    Max is Black
2023-09-14 14:58:25.569 [INFO]    Evaluating Node number: 1 - Score: -37
2023-09-14 14:58:25.998 [INFO]    Node Values: -37,-84,-24
2023-09-14 14:58:26.002 [INFO]    Piece1 4, 7
2023-09-14 14:58:26.005 [INFO]    Piece2 5, 6
2023-09-14 14:58:28.168 [INFO]    Row: 6 Column: 5
2023-09-14 14:58:29.300 [INFO]    Row: 4 Column: 7
2023-09-14 14:58:29.302 [INFO]    Piece1 6, 5
2023-09-14 14:58:29.302 [INFO]    Piece2 4, 7
2023-09-14 14:58:29.741 [INFO]    Row: 4 Column: 7
2023-09-14 14:58:30.468 [INFO]    Row: 2 Column: 5
2023-09-14 14:58:30.469 [INFO]    Piece1 4, 7
2023-09-14 14:58:30.473 [INFO]    Piece2 2, 5
2023-09-14 14:58:30.477 [INFO]    Max is Black
2023-09-14 14:58:30.683 [INFO]    Evaluating Node number: 1 - Score: -99
2023-09-14 14:58:31.088 [INFO]    Node Values: -99,-84,-51
2023-09-14 14:58:31.093 [INFO]    Piece1 3, 2
2023-09-14 14:58:31.096 [INFO]    Piece2 4, 1
2023-09-14 14:58:32.805 [INFO]    Row: 2 Column: 3
2023-09-14 14:58:33.452 [INFO]    Row: 1 Column: 4
2023-09-14 14:58:33.452 [INFO]    Piece1 2, 3
2023-09-14 14:58:33.452 [INFO]    Piece2 1, 4
2023-09-14 14:58:33.455 [INFO]    Max is Black
2023-09-14 14:58:33.655 [INFO]    Evaluating Node number: 1 - Score: -104
2023-09-14 14:58:33.861 [INFO]    Node Values: -104,-55
2023-09-14 14:58:33.865 [INFO]    Piece1 4, 1
2023-09-14 14:58:33.868 [INFO]    Piece2 5, 2
2023-09-14 14:58:35.573 [INFO]    Row: 6 Column: 1
2023-09-14 14:58:36.325 [INFO]    Row: 4 Column: 3
2023-09-14 14:58:36.325 [INFO]    Piece1 6, 1
2023-09-14 14:58:36.326 [INFO]    Piece2 4, 3
2023-09-14 14:58:36.326 [INFO]    Max is Black
2023-09-14 14:58:36.530 [INFO]    Evaluating Node number: 1 - Score: -137
2023-09-14 14:58:36.730 [INFO]    Node Values: -137,-120
2023-09-14 14:58:36.731 [INFO]    Piece1 5, 0
2023-09-14 14:58:36.734 [INFO]    Piece2 6, 1
2023-09-14 14:58:37.676 [INFO]    Row: 7 Column: 2
2023-09-14 14:58:38.550 [INFO]    Row: 5 Column: 0
2023-09-14 14:58:38.550 [INFO]    Piece1 7, 2
2023-09-14 14:58:38.553 [INFO]    Piece2 5, 0
2023-09-14 14:58:38.560 [INFO]    Max is Black
2023-09-14 14:58:38.765 [INFO]    Evaluating Node number: 1 - Score: -2147483648
2023-09-14 14:58:38.765 [INFO]    Node Values: -2147483648
2023-09-14 14:58:38.765 [INFO]    Piece1 2, 7
2023-09-14 14:58:38.766 [INFO]    Piece2 3, 6
2023-09-14 14:58:44.853 [INFO]    Row: 4 Column: 5
2023-09-14 14:58:46.204 [INFO]    Row: 2 Column: 7
2023-09-14 14:58:46.205 [INFO]    Piece1 4, 5
2023-09-14 14:58:46.205 [INFO]    Piece2 2, 7
2023-09-14 14:58:47.476 [INFO]    Max is Black
2023-09-14 14:59:22.073 [INFO]    Row: 5 Column: 6
2023-09-14 14:59:22.594 [INFO]    Row: 4 Column: 5
2023-09-14 14:59:22.601 [INFO]    Piece1 5, 6
2023-09-14 14:59:22.607 [INFO]    Piece2 4, 5
2023-09-14 14:59:22.618 [INFO]    Max is Black
2023-09-14 14:59:22.845 [INFO]    Evaluating Node number: 1 - Score: 33
2023-09-14 14:59:24.113 [INFO]    Node Values: 34,35,18,34,19,18,0
2023-09-14 14:59:24.116 [INFO]    Piece1 2, 1
2023-09-14 14:59:24.119 [INFO]    Piece2 3, 0
2023-09-14 14:59:26.380 [INFO]    Row: 6 Column: 7
2023-09-14 14:59:27.094 [INFO]    Row: 5 Column: 6
2023-09-14 14:59:27.098 [INFO]    Piece1 6, 7
2023-09-14 14:59:27.101 [INFO]    Piece2 5, 6
2023-09-14 14:59:27.105 [INFO]    Max is Black
2023-09-14 14:59:27.308 [INFO]    Evaluating Node number: 1 - Score: 15
2023-09-14 14:59:28.783 [INFO]    Node Values: 52,52,18,51,52,51,1,16
2023-09-14 14:59:28.783 [INFO]    Piece1 1, 2
2023-09-14 14:59:28.787 [INFO]    Piece2 2, 1
2023-09-14 14:59:30.245 [INFO]    Row: 5 Column: 2
2023-09-14 14:59:30.966 [INFO]    Row: 4 Column: 3
2023-09-14 14:59:30.966 [INFO]    Piece1 5, 2
2023-09-14 14:59:30.970 [INFO]    Piece2 4, 3
2023-09-14 14:59:30.974 [INFO]    Max is Black
2023-09-14 14:59:31.181 [INFO]    Evaluating Node number: 1 - Score: 51
2023-09-14 14:59:32.811 [INFO]    Node Values: 51,51,53,17,50,37,34,15,15
2023-09-14 14:59:32.815 [INFO]    Piece1 2, 1
2023-09-14 14:59:32.818 [INFO]    Piece2 3, 2
2023-09-14 14:59:34.109 [INFO]    Row: 4 Column: 3
2023-09-14 14:59:34.758 [INFO]    Row: 2 Column: 1
2023-09-14 14:59:34.759 [INFO]    Piece1 4, 3
2023-09-14 14:59:34.765 [INFO]    Piece2 2, 1
2023-09-14 14:59:34.770 [INFO]    Max is Black
2023-09-14 14:59:34.975 [INFO]    Evaluating Node number: 1 - Score: -1
2023-09-14 14:59:34.983 [INFO]    Node Values: 53
2023-09-14 14:59:34.983 [INFO]    Piece1 1, 0
2023-09-14 14:59:34.983 [INFO]    Piece2 3, 2
2023-09-14 14:59:36.016 [INFO]    Row: 6 Column: 1
2023-09-14 14:59:36.479 [INFO]    Row: 5 Column: 2
2023-09-14 14:59:36.483 [INFO]    Piece1 6, 1
2023-09-14 14:59:36.486 [INFO]    Piece2 5, 2
2023-09-14 14:59:36.490 [INFO]    Max is Black
2023-09-14 14:59:36.693 [INFO]    Evaluating Node number: 1 - Score: 34
2023-09-14 14:59:38.606 [INFO]    Node Values: 53,53,53,21,53,50,1,35,19,36
2023-09-14 14:59:38.610 [INFO]    Piece1 2, 5
2023-09-14 14:59:38.614 [INFO]    Piece2 3, 6
2023-09-14 14:59:42.216 [INFO]    Row: 7 Column: 6
2023-09-14 14:59:43.006 [INFO]    Row: 6 Column: 7
2023-09-14 14:59:43.006 [INFO]    Piece1 7, 6
2023-09-14 14:59:43.007 [INFO]    Piece2 6, 7
2023-09-14 14:59:43.009 [INFO]    Max is Black
2023-09-14 14:59:43.211 [INFO]    Evaluating Node number: 1 - Score: 4
2023-09-14 14:59:45.146 [INFO]    Node Values: 19,19,19,33,33,21,10,4,20,19
2023-09-14 14:59:45.147 [INFO]    Piece1 1, 4
2023-09-14 14:59:45.152 [INFO]    Piece2 2, 5
2023-09-14 14:59:48.350 [INFO]    Row: 7 Column: 2
2023-09-14 14:59:49.462 [INFO]    Row: 6 Column: 1
2023-09-14 14:59:49.462 [INFO]    Piece1 7, 2
2023-09-14 14:59:49.465 [INFO]    Piece2 6, 1
2023-09-14 14:59:49.469 [INFO]    Max is Black
2023-09-14 14:59:49.677 [INFO]    Evaluating Node number: 1 - Score: 0
2023-09-14 14:59:51.803 [INFO]    Node Values: 0,45,45,0,45,49,59,17,-12,-14,45
2023-09-14 14:59:51.803 [INFO]    Piece1 2, 5
2023-09-14 14:59:51.806 [INFO]    Piece2 3, 4
2023-09-14 14:59:56.902 [INFO]    Row: 5 Column: 0
2023-09-14 14:59:57.909 [INFO]    Row: 4 Column: 1
2023-09-14 14:59:57.911 [INFO]    Piece1 5, 0
2023-09-14 14:59:57.915 [INFO]    Piece2 4, 1
2023-09-14 14:59:57.919 [INFO]    Max is Black
2023-09-14 14:59:58.124 [INFO]    Evaluating Node number: 1 - Score: 96
2023-09-14 14:59:58.124 [INFO]    Node Values: 96
2023-09-14 14:59:58.125 [INFO]    Piece1 3, 2
2023-09-14 14:59:58.125 [INFO]    Piece2 5, 0
2023-09-14 14:59:59.128 [INFO]    Piece1 5, 0
2023-09-14 14:59:59.128 [INFO]    Piece2 7, 2
2023-09-14 15:00:06.767 [INFO]    Row: 5 Column: 6
2023-09-14 15:00:07.191 [INFO]    Row: 4 Column: 5
2023-09-14 15:00:07.194 [INFO]    Piece1 5, 6
2023-09-14 15:00:07.197 [INFO]    Piece2 4, 5
2023-09-14 15:00:07.207 [INFO]    Max is Black
2023-09-14 15:00:07.410 [INFO]    Evaluating Node number: 1 - Score: 33
2023-09-14 15:00:08.668 [INFO]    Node Values: 34,35,18,34,19,18,0
2023-09-14 15:00:08.669 [INFO]    Piece1 2, 1
2023-09-14 15:00:08.672 [INFO]    Piece2 3, 0
2023-09-14 15:00:09.343 [INFO]    Row: 6 Column: 7
2023-09-14 15:00:11.343 [INFO]    Row: 6 Column: 7
2023-09-14 15:00:11.343 [INFO]    Piece1 6, 7
2023-09-14 15:00:11.347 [INFO]    Piece2 6, 7
2023-09-14 15:00:12.582 [INFO]    Row: 5 Column: 2
2023-09-14 15:00:12.990 [INFO]    Row: 4 Column: 3
2023-09-14 15:00:12.994 [INFO]    Piece1 5, 2
2023-09-14 15:00:12.997 [INFO]    Piece2 4, 3
2023-09-14 15:00:13.002 [INFO]    Max is Black
2023-09-14 15:00:13.205 [INFO]    Evaluating Node number: 1 - Score: -1
2023-09-14 15:00:14.648 [INFO]    Node Values: -1,34,20,36,35,17,3,-2
2023-09-14 15:00:14.648 [INFO]    Piece1 2, 3
2023-09-14 15:00:14.651 [INFO]    Piece2 3, 2
2023-09-14 15:00:15.607 [INFO]    Row: 4 Column: 3
2023-09-14 15:00:17.902 [INFO]    Row: 2 Column: 1
2023-09-14 15:00:17.903 [INFO]    Piece1 4, 3
2023-09-14 15:00:17.906 [INFO]    Piece2 2, 1
2023-09-14 15:00:17.912 [INFO]    Max is Black
2023-09-14 15:00:18.117 [INFO]    Evaluating Node number: 1 - Score: 18
2023-09-14 15:00:18.120 [INFO]    Node Values: 36
2023-09-14 15:00:18.120 [INFO]    Piece1 1, 0
2023-09-14 15:00:18.120 [INFO]    Piece2 3, 2
2023-09-14 15:00:19.095 [INFO]    Row: 6 Column: 1
2023-09-14 15:00:19.759 [INFO]    Row: 5 Column: 2
2023-09-14 15:00:19.760 [INFO]    Piece1 6, 1
2023-09-14 15:00:19.760 [INFO]    Piece2 5, 2
2023-09-14 15:00:19.762 [INFO]    Max is Black
2023-09-14 15:00:19.963 [INFO]    Evaluating Node number: 1 - Score: 36
2023-09-14 15:00:21.893 [INFO]    Node Values: 36,36,36,35,37,17,1,18,2,20
2023-09-14 15:00:21.893 [INFO]    Piece1 2, 5
2023-09-14 15:00:21.897 [INFO]    Piece2 3, 6
2023-09-14 15:00:26.112 [INFO]    Row: 5 Column: 2
2023-09-14 15:00:26.624 [INFO]    Row: 4 Column: 3
2023-09-14 15:00:26.624 [INFO]    Piece1 5, 2
2023-09-14 15:00:26.629 [INFO]    Piece2 4, 3
2023-09-14 15:00:26.634 [INFO]    Max is Black
2023-09-14 15:00:26.844 [INFO]    Evaluating Node number: 1 - Score: 5
2023-09-14 15:00:28.671 [INFO]    Node Values: 20,21,21,21,39,21,4,20,20
2023-09-14 15:00:28.671 [INFO]    Piece1 1, 4
2023-09-14 15:00:28.675 [INFO]    Piece2 2, 3
2023-09-14 15:00:30.199 [INFO]    Row: 4 Column: 3
2023-09-14 15:00:32.119 [INFO]    Row: 2 Column: 1
2023-09-14 15:00:32.119 [INFO]    Piece1 4, 3
2023-09-14 15:00:32.123 [INFO]    Piece2 2, 1
2023-09-14 15:00:32.127 [INFO]    Max is Black
2023-09-14 15:00:32.333 [INFO]    Evaluating Node number: 1 - Score: 19
2023-09-14 15:00:33.867 [INFO]    Node Values: 39,-25,1,1,4,19,7,-14
2023-09-14 15:00:33.867 [INFO]    Piece1 0, 1
2023-09-14 15:00:33.870 [INFO]    Piece2 1, 0
2023-09-14 15:00:39.927 [INFO]    Row: 7 Column: 2
2023-09-14 15:00:40.591 [INFO]    Row: 6 Column: 1
2023-09-14 15:00:40.592 [INFO]    Piece1 7, 2
2023-09-14 15:00:40.596 [INFO]    Piece2 6, 1
2023-09-14 15:00:40.601 [INFO]    Max is Black
2023-09-14 15:00:40.807 [INFO]    Evaluating Node number: 1 - Score: 20
2023-09-14 15:00:40.808 [INFO]    Node Values: 95
2023-09-14 15:00:40.808 [INFO]    Piece1 1, 0
2023-09-14 15:00:40.808 [INFO]    Piece2 3, 2
2023-09-14 15:00:41.832 [INFO]    Row: 6 Column: 1
2023-09-14 15:00:43.519 [INFO]    Row: 5 Column: 2
2023-09-14 15:00:43.520 [INFO]    Piece1 6, 1
2023-09-14 15:00:43.520 [INFO]    Piece2 5, 2
2023-09-14 15:00:43.521 [INFO]    Max is Black
2023-09-14 15:00:43.724 [INFO]    Evaluating Node number: 1 - Score: 38
2023-09-14 15:00:45.419 [INFO]    Node Values: 38,38,38,37,9,20,15,6,6
2023-09-14 15:00:45.420 [INFO]    Piece1 0, 3
2023-09-14 15:00:45.423 [INFO]    Piece2 1, 4
2023-09-14 15:00:48.095 [INFO]    Row: 5 Column: 2
2023-09-14 15:00:49.927 [INFO]    Row: 5 Column: 2
2023-09-14 15:00:49.928 [INFO]    Piece1 5, 2
2023-09-14 15:00:49.931 [INFO]    Piece2 5, 2
2023-09-14 15:00:50.399 [INFO]    Row: 5 Column: 2
2023-09-14 15:00:51.024 [INFO]    Row: 4 Column: 3
2023-09-14 15:00:51.024 [INFO]    Piece1 5, 2
2023-09-14 15:00:51.027 [INFO]    Piece2 4, 3
2023-09-14 15:00:51.033 [INFO]    Max is Black
2023-09-14 15:00:51.239 [INFO]    Evaluating Node number: 1 - Score: -24
2023-09-14 15:00:52.639 [INFO]    Node Values: 23,8,-8,8,-38,22,-24
2023-09-14 15:00:52.639 [INFO]    Piece1 1, 2
2023-09-14 15:00:52.643 [INFO]    Piece2 2, 1
2023-09-14 15:00:55.480 [INFO]    Row: 6 Column: 3
2023-09-14 15:00:56.247 [INFO]    Row: 5 Column: 2
2023-09-14 15:00:56.248 [INFO]    Piece1 6, 3
2023-09-14 15:00:56.252 [INFO]    Piece2 5, 2
2023-09-14 15:00:56.255 [INFO]    Max is Black
2023-09-14 15:00:56.463 [INFO]    Evaluating Node number: 1 - Score: 52
2023-09-14 15:00:57.589 [INFO]    Node Values: 52,52,26,-43,-41,41
2023-09-14 15:00:57.590 [INFO]    Piece1 1, 6
2023-09-14 15:00:57.594 [INFO]    Piece2 2, 5
2023-09-14 15:01:01.048 [INFO]    Row: 6 Column: 7
2023-09-14 15:01:01.657 [INFO]    Row: 5 Column: 6
2023-09-14 15:01:01.657 [INFO]    Piece1 6, 7
2023-09-14 15:01:01.660 [INFO]    Piece2 5, 6
2023-09-14 15:01:01.664 [INFO]    Max is Black
2023-09-14 15:01:01.870 [INFO]    Evaluating Node number: 1 - Score: 52
2023-09-14 15:01:03.270 [INFO]    Node Values: 52,52,1,-11,-43,-55,52
2023-09-14 15:01:03.271 [INFO]    Piece1 0, 7
2023-09-14 15:01:03.275 [INFO]    Piece2 1, 6
2023-09-14 15:01:04.920 [INFO]    Row: 7 Column: 4
2023-09-14 15:01:05.415 [INFO]    Row: 6 Column: 3
2023-09-14 15:01:05.418 [INFO]    Piece1 7, 4
2023-09-14 15:01:05.421 [INFO]    Piece2 6, 3
2023-09-14 15:01:05.426 [INFO]    Max is Black
2023-09-14 15:01:05.629 [INFO]    Evaluating Node number: 1 - Score: -88
2023-09-14 15:01:06.557 [INFO]    Node Values: 36,-35,-34,-57,52
2023-09-14 15:01:06.557 [INFO]    Piece1 3, 6
2023-09-14 15:01:06.561 [INFO]    Piece2 4, 7
2023-09-14 15:01:10.480 [INFO]    Row: 7 Column: 0
2023-09-14 15:01:11.704 [INFO]    Row: 7 Column: 0
2023-09-14 15:01:11.705 [INFO]    Piece1 7, 0
2023-09-14 15:01:11.708 [INFO]    Piece2 7, 0
2023-09-14 15:01:14.953 [INFO]    Row: 7 Column: 6
2023-09-14 15:01:15.591 [INFO]    Row: 6 Column: 7
2023-09-14 15:01:15.592 [INFO]    Piece1 7, 6
2023-09-14 15:01:15.596 [INFO]    Piece2 6, 7
2023-09-14 15:01:15.600 [INFO]    Max is Black
2023-09-14 15:01:15.807 [INFO]    Evaluating Node number: 1 - Score: -25
2023-09-14 15:01:16.964 [INFO]    Node Values: 1,-24,-40,18,-43,-57
2023-09-14 15:01:16.964 [INFO]    Piece1 2, 7
2023-09-14 15:01:16.967 [INFO]    Piece2 3, 6
2023-09-14 15:01:18.287 [INFO]    Row: 4 Column: 5
2023-09-14 15:01:20.360 [INFO]    Row: 2 Column: 7
2023-09-14 15:01:20.361 [INFO]    Piece1 4, 5
2023-09-14 15:01:20.364 [INFO]    Piece2 2, 7
2023-09-14 15:01:20.369 [INFO]    Max is Black
2023-09-14 15:01:20.574 [INFO]    Evaluating Node number: 1 - Score: 16
2023-09-14 15:01:21.461 [INFO]    Node Values: 16,-15,-56,-60,-33
2023-09-14 15:01:21.462 [INFO]    Piece1 2, 3
2023-09-14 15:01:21.465 [INFO]    Piece2 3, 4
2023-09-14 15:01:28.360 [INFO]    Row: 5 Column: 4
2023-09-14 15:01:31.065 [INFO]    Row: 5 Column: 4
2023-09-14 15:01:31.066 [INFO]    Piece1 5, 4
2023-09-14 15:01:31.069 [INFO]    Piece2 5, 4
2023-09-14 15:01:31.713 [INFO]    Row: 5 Column: 4
2023-09-14 15:01:32.224 [INFO]    Row: 5 Column: 4
2023-09-14 15:01:32.224 [INFO]    Piece1 5, 4
2023-09-14 15:01:32.228 [INFO]    Piece2 5, 4
2023-09-14 15:01:33.417 [INFO]    Row: 7 Column: 0
2023-09-14 15:01:34.520 [INFO]    Row: 6 Column: 1
2023-09-14 15:01:34.521 [INFO]    Piece1 7, 0
2023-09-14 15:01:34.525 [INFO]    Piece2 6, 1
2023-09-14 15:01:34.529 [INFO]    Max is Black
2023-09-14 15:01:34.736 [INFO]    Evaluating Node number: 1 - Score: 92
2023-09-14 15:01:35.635 [INFO]    Node Values: 94,-70,-14,-33,71
2023-09-14 15:01:35.635 [INFO]    Piece1 1, 4
2023-09-14 15:01:35.639 [INFO]    Piece2 2, 3
2023-09-14 15:01:44.105 [INFO]    Row: 5 Column: 6
2023-09-14 15:01:46.824 [INFO]    Row: 5 Column: 6
2023-09-14 15:01:46.825 [INFO]    Piece1 5, 6
2023-09-14 15:01:46.829 [INFO]    Piece2 5, 6
2023-09-14 15:01:47.416 [INFO]    Row: 5 Column: 6
2023-09-14 15:01:49.705 [INFO]    Row: 5 Column: 6
2023-09-14 15:01:49.705 [INFO]    Piece1 5, 6
2023-09-14 15:01:49.709 [INFO]    Piece2 5, 6
2023-09-14 15:01:50.698 [INFO]    Row: 5 Column: 4
2023-09-14 15:01:55.706 [INFO]    Row: 5 Column: 4
2023-09-14 15:01:55.706 [INFO]    Piece1 5, 4
2023-09-14 15:01:55.710 [INFO]    Piece2 5, 4
2023-09-14 15:02:04.457 [INFO]    Row: 5 Column: 0
2023-09-14 15:02:11.497 [INFO]    Row: 5 Column: 0
2023-09-14 15:02:11.497 [INFO]    Piece1 5, 0
2023-09-14 15:02:11.501 [INFO]    Piece2 5, 0
2023-09-14 15:02:13.601 [INFO]    Row: 5 Column: 6
2023-09-14 15:02:17.890 [INFO]    Row: 4 Column: 5
2023-09-14 15:02:17.891 [INFO]    Piece1 5, 6
2023-09-14 15:02:17.894 [INFO]    Piece2 4, 5
2023-09-14 15:02:17.902 [INFO]    Max is Black
2023-09-14 15:02:18.106 [INFO]    Evaluating Node number: 1 - Score: 8
2023-09-14 15:02:18.110 [INFO]    Node Values: 140
2023-09-14 15:02:18.111 [INFO]    Piece1 3, 4
2023-09-14 15:02:18.111 [INFO]    Piece2 5, 6
2023-09-14 15:02:19.113 [INFO]    Piece1 5, 6
2023-09-14 15:02:19.113 [INFO]    Piece2 7, 4
2023-09-14 15:02:23.698 [INFO]    Row: 4 Column: 3
2023-09-14 15:02:24.465 [INFO]    Row: 4 Column: 3
2023-09-14 15:02:24.466 [INFO]    Piece1 4, 3
2023-09-14 15:02:24.470 [INFO]    Piece2 4, 3
2023-09-14 15:02:27.922 [INFO]    Row: 5 Column: 4
2023-09-14 15:02:34.929 [INFO]    Row: 5 Column: 4
2023-09-14 15:02:34.931 [INFO]    Piece1 5, 4
2023-09-14 15:02:34.934 [INFO]    Piece2 5, 4
2023-09-14 15:02:35.977 [INFO]    Row: 6 Column: 7
2023-09-14 15:02:36.554 [INFO]    Row: 5 Column: 6
2023-09-14 15:02:36.554 [INFO]    Piece1 6, 7
2023-09-14 15:02:36.558 [INFO]    Piece2 5, 6
2023-09-14 15:02:36.564 [INFO]    Max is Black
2023-09-14 15:02:36.769 [INFO]    Evaluating Node number: 1 - Score: 24
2023-09-14 15:02:36.776 [INFO]    Node Values: 57
2023-09-14 15:02:36.776 [INFO]    Piece1 4, 7
2023-09-14 15:02:36.776 [INFO]    Piece2 6, 5
2023-09-14 15:02:51.475 [INFO]    Row: 5 Column: 6
2023-09-14 15:02:52.202 [INFO]    Row: 4 Column: 5
2023-09-14 15:02:52.203 [INFO]    Piece1 5, 6
2023-09-14 15:02:52.203 [INFO]    Piece2 4, 5
2023-09-14 15:02:52.204 [INFO]    Max is Black
2023-09-14 15:02:52.408 [INFO]    Evaluating Node number: 1 - Score: 33
2023-09-14 15:02:53.670 [INFO]    Node Values: 34,35,18,34,19,18,0
2023-09-14 15:02:53.671 [INFO]    Piece1 2, 1
2023-09-14 15:02:53.674 [INFO]    Piece2 3, 0
2023-09-14 15:02:56.155 [INFO]    Row: 5 Column: 2
2023-09-14 15:02:58.114 [INFO]    Row: 5 Column: 2
2023-09-14 15:02:58.115 [INFO]    Piece1 5, 2
2023-09-14 15:02:58.118 [INFO]    Piece2 5, 2
2023-09-14 15:03:00.194 [INFO]    Row: 5 Column: 2
2023-09-14 15:03:00.810 [INFO]    Row: 4 Column: 3
2023-09-14 15:03:00.811 [INFO]    Piece1 5, 2
2023-09-14 15:03:00.814 [INFO]    Piece2 4, 3
2023-09-14 15:03:00.818 [INFO]    Max is Black
2023-09-14 15:03:01.024 [INFO]    Evaluating Node number: 1 - Score: -1
2023-09-14 15:03:02.472 [INFO]    Node Values: -1,34,20,36,35,17,3,-2
2023-09-14 15:03:02.473 [INFO]    Piece1 2, 3
2023-09-14 15:03:02.477 [INFO]    Piece2 3, 2
2023-09-14 15:03:03.331 [INFO]    Row: 4 Column: 3
2023-09-14 15:03:05.010 [INFO]    Row: 2 Column: 1
2023-09-14 15:03:05.012 [INFO]    Piece1 4, 3
2023-09-14 15:03:05.015 [INFO]    Piece2 2, 1
2023-09-14 15:03:05.020 [INFO]    Max is Black
2023-09-14 15:03:05.225 [INFO]    Evaluating Node number: 1 - Score: 18
2023-09-14 15:03:05.228 [INFO]    Node Values: 36
2023-09-14 15:03:05.229 [INFO]    Piece1 1, 0
2023-09-14 15:03:05.229 [INFO]    Piece2 3, 2
2023-09-14 15:03:05.971 [INFO]    Row: 6 Column: 1
2023-09-14 15:03:07.475 [INFO]    Row: 5 Column: 2
2023-09-14 15:03:07.476 [INFO]    Piece1 6, 1
2023-09-14 15:03:07.476 [INFO]    Piece2 5, 2
2023-09-14 15:03:07.478 [INFO]    Max is Black
2023-09-14 15:03:07.680 [INFO]    Evaluating Node number: 1 - Score: 36
2023-09-14 15:03:09.608 [INFO]    Node Values: 36,36,36,35,37,17,1,18,2,20
2023-09-14 15:03:09.609 [INFO]    Piece1 2, 5
2023-09-14 15:03:09.612 [INFO]    Piece2 3, 6
2023-09-14 15:03:12.739 [INFO]    Row: 6 Column: 7
2023-09-14 15:03:14.027 [INFO]    Row: 5 Column: 6
2023-09-14 15:03:14.028 [INFO]    Piece1 6, 7
2023-09-14 15:03:14.031 [INFO]    Piece2 5, 6
2023-09-14 15:03:14.036 [INFO]    Max is Black
2023-09-14 15:03:14.242 [INFO]    Evaluating Node number: 1 - Score: 36
2023-09-14 15:03:16.176 [INFO]    Node Values: 37,53,38,33,53,33,35,21,37,53
2023-09-14 15:03:16.176 [INFO]    Piece1 1, 2
2023-09-14 15:03:16.181 [INFO]    Piece2 2, 3
2023-09-14 15:03:19.492 [INFO]    Row: 7 Column: 6
2023-09-14 15:03:21.756 [INFO]    Row: 6 Column: 7
2023-09-14 15:03:21.757 [INFO]    Piece1 7, 6
2023-09-14 15:03:21.760 [INFO]    Piece2 6, 7
2023-09-14 15:03:21.764 [INFO]    Max is Black
2023-09-14 15:03:21.970 [INFO]    Evaluating Node number: 1 - Score: 4
2023-09-14 15:03:23.910 [INFO]    Node Values: 19,19,19,33,33,21,10,4,20,19
2023-09-14 15:03:23.910 [INFO]    Piece1 1, 4
2023-09-14 15:03:23.913 [INFO]    Piece2 2, 5
2023-09-14 15:03:26.796 [INFO]    Row: 5 Column: 2
2023-09-14 15:03:27.586 [INFO]    Row: 4 Column: 3
2023-09-14 15:03:27.586 [INFO]    Piece1 5, 2
2023-09-14 15:03:27.589 [INFO]    Piece2 4, 3
2023-09-14 15:03:27.593 [INFO]    Max is Black
2023-09-14 15:03:27.798 [INFO]    Evaluating Node number: 1 - Score: -41
2023-09-14 15:03:29.896 [INFO]    Node Values: -1,19,20,6,20,49,48,20,2,4
2023-09-14 15:03:29.896 [INFO]    Piece1 2, 3
2023-09-14 15:03:29.900 [INFO]    Piece2 3, 4
2023-09-14 15:03:31.419 [INFO]    Row: 4 Column: 3
2023-09-14 15:03:32.731 [INFO]    Row: 2 Column: 1
2023-09-14 15:03:32.732 [INFO]    Piece1 4, 3
2023-09-14 15:03:32.735 [INFO]    Piece2 2, 1
2023-09-14 15:03:32.739 [INFO]    Max is Black
2023-09-14 15:03:32.944 [INFO]    Evaluating Node number: 1 - Score: -59
2023-09-14 15:03:34.559 [INFO]    Node Values: -26,21,21,19,-8,-30,48,6
2023-09-14 15:03:34.559 [INFO]    Piece1 3, 4
2023-09-14 15:03:34.562 [INFO]    Piece2 4, 3
2023-09-14 15:03:36.051 [INFO]    Row: 5 Column: 4
2023-09-14 15:03:38.645 [INFO]    Row: 5 Column: 4
2023-09-14 15:03:38.645 [INFO]    Piece1 5, 4
2023-09-14 15:03:38.649 [INFO]    Piece2 5, 4
2023-09-14 15:03:48.188 [INFO]    Row: 5 Column: 4
2023-09-14 15:03:49.332 [INFO]    Row: 3 Column: 2
2023-09-14 15:03:49.332 [INFO]    Piece1 5, 4
2023-09-14 15:03:49.335 [INFO]    Piece2 3, 2
2023-09-14 15:03:49.341 [INFO]    Max is Black
2023-09-14 15:03:49.546 [INFO]    Evaluating Node number: 1 - Score: 51
2023-09-14 15:03:49.569 [INFO]    Node Values: 51
2023-09-14 15:03:49.569 [INFO]    Piece1 3, 6
2023-09-14 15:03:49.569 [INFO]    Piece2 5, 4
2023-09-14 15:03:50.572 [INFO]    Piece1 5, 4
2023-09-14 15:03:50.572 [INFO]    Piece2 7, 6
2023-09-14 15:03:55.771 [INFO]    Row: 6 Column: 3
2023-09-14 15:03:58.436 [INFO]    Row: 5 Column: 4
2023-09-14 15:03:58.436 [INFO]    Piece1 6, 3
2023-09-14 15:03:58.440 [INFO]    Piece2 5, 4
2023-09-14 15:03:58.447 [INFO]    Max is Black
2023-09-14 15:03:58.654 [INFO]    Evaluating Node number: 1 - Score: 0
2023-09-14 15:04:00.895 [INFO]    Node Values: 68,66,51,49,64,66,67,67,68,79,79
2023-09-14 15:04:00.895 [INFO]    Piece1 7, 6
2023-09-14 15:04:00.899 [INFO]    Piece2 6, 5
2023-09-14 15:04:01.763 [INFO]    Row: 5 Column: 4
2023-09-14 15:04:02.708 [INFO]    Row: 4 Column: 3
2023-09-14 15:04:02.708 [INFO]    Piece1 5, 4
2023-09-14 15:04:02.713 [INFO]    Piece2 4, 3
2023-09-14 15:04:02.717 [INFO]    Max is Black
2023-09-14 15:04:02.922 [INFO]    Evaluating Node number: 1 - Score: 81
2023-09-14 15:04:02.949 [INFO]    Node Values: 81
2023-09-14 15:04:02.949 [INFO]    Piece1 6, 5
2023-09-14 15:04:02.949 [INFO]    Piece2 4, 7
2023-09-14 15:04:06.356 [INFO]    Row: 7 Column: 2
2023-09-14 15:04:07.044 [INFO]    Row: 6 Column: 3
2023-09-14 15:04:07.045 [INFO]    Piece1 7, 2
2023-09-14 15:04:07.045 [INFO]    Piece2 6, 3
2023-09-14 15:04:07.046 [INFO]    Max is Black
2023-09-14 15:04:07.249 [INFO]    Evaluating Node number: 1 - Score: 13
2023-09-14 15:04:10.325 [INFO]    Node Values: 30,63,109,34,109,109,63,109,12,56,109,109,56,29
2023-09-14 15:04:10.325 [INFO]    Piece1 4, 7
2023-09-14 15:04:10.328 [INFO]    Piece2 3, 6
2023-09-14 15:04:11.091 [INFO]    Row: 6 Column: 3
2023-09-14 15:04:11.827 [INFO]    Row: 5 Column: 4
2023-09-14 15:04:11.828 [INFO]    Piece1 6, 3
2023-09-14 15:04:11.831 [INFO]    Piece2 5, 4
2023-09-14 15:04:11.836 [INFO]    Max is Black
2023-09-14 15:04:12.042 [INFO]    Evaluating Node number: 1 - Score: 12
2023-09-14 15:04:14.287 [INFO]    Node Values: 58,59,46,33,80,60,42,80,32,32,80
2023-09-14 15:04:14.288 [INFO]    Piece1 3, 6
2023-09-14 15:04:14.291 [INFO]    Piece2 4, 7
2023-09-14 15:04:15.716 [INFO]    Row: 7 Column: 4
2023-09-14 15:04:17.339 [INFO]    Row: 6 Column: 5
2023-09-14 15:04:17.341 [INFO]    Piece1 7, 4
2023-09-14 15:04:17.345 [INFO]    Piece2 6, 5
2023-09-14 15:04:17.349 [INFO]    Max is Black
2023-09-14 15:04:17.556 [INFO]    Evaluating Node number: 1 - Score: 11
2023-09-14 15:04:20.355 [INFO]    Node Values: 47,60,45,32,80,78,45,78,26,64,77,77,64
2023-09-14 15:04:20.355 [INFO]    Piece1 0, 5
2023-09-14 15:04:20.358 [INFO]    Piece2 1, 4
2023-09-14 15:04:27.109 [INFO]    Row: 7 Column: 0
2023-09-14 15:04:27.741 [INFO]    Row: 6 Column: 1
2023-09-14 15:04:27.742 [INFO]    Piece1 7, 0
2023-09-14 15:04:27.746 [INFO]    Piece2 6, 1
2023-09-14 15:04:27.749 [INFO]    Max is Black
2023-09-14 15:04:27.959 [INFO]    Evaluating Node number: 1 - Score: 12
2023-09-14 15:04:30.841 [INFO]    Node Values: 74,75,78,77,106,45,106,67,91,105,105,91
2023-09-14 15:04:30.842 [INFO]    Piece1 2, 5
2023-09-14 15:04:30.846 [INFO]    Piece2 3, 6
2023-09-14 15:04:31.932 [INFO]    Row: 6 Column: 1
2023-09-14 15:04:32.964 [INFO]    Row: 5 Column: 2
2023-09-14 15:04:32.965 [INFO]    Piece1 6, 1
2023-09-14 15:04:32.968 [INFO]    Piece2 5, 2
2023-09-14 15:04:32.973 [INFO]    Max is Black
2023-09-14 15:04:33.178 [INFO]    Evaluating Node number: 1 - Score: 79
2023-09-14 15:04:35.189 [INFO]    Node Values: 105,44,65,90,81,89,45,91,56,56
2023-09-14 15:04:35.190 [INFO]    Piece1 0, 1
2023-09-14 15:04:35.193 [INFO]    Piece2 1, 2
2023-09-14 15:04:37.749 [INFO]    Row: 2 Column: 1
2023-09-14 15:04:38.820 [INFO]    Row: 2 Column: 1
2023-09-14 15:04:38.821 [INFO]    Piece1 2, 1
2023-09-14 15:04:38.825 [INFO]    Piece2 2, 1
2023-09-14 15:04:40.766 [INFO]    Row: 2 Column: 1
2023-09-14 15:04:41.606 [INFO]    Row: 1 Column: 0
2023-09-14 15:04:41.606 [INFO]    Piece1 2, 1
2023-09-14 15:04:41.610 [INFO]    Piece2 1, 0
2023-09-14 15:04:41.614 [INFO]    Max is Black
2023-09-14 15:04:41.819 [INFO]    Evaluating Node number: 1 - Score: 79
2023-09-14 15:04:43.743 [INFO]    Node Values: 90,105,122,48,122,12,88,44,44
2023-09-14 15:04:43.743 [INFO]    Piece1 1, 4
2023-09-14 15:04:43.747 [INFO]    Piece2 2, 5
2023-09-14 15:04:45.742 [INFO]    Row: 1 Column: 0
2023-09-14 15:04:46.558 [INFO]    Row: 0 Column: 1
2023-09-14 15:04:46.558 [INFO]    Piece1 1, 0
2023-09-14 15:04:46.562 [INFO]    Piece2 0, 1
2023-09-14 15:04:46.566 [INFO]    Max is Black
2023-09-14 15:04:46.772 [INFO]    Evaluating Node number: 1 - Score: 139
2023-09-14 15:04:48.458 [INFO]    Node Values: 139,59,59,73,72,90,105,105
2023-09-14 15:04:48.462 [INFO]    Piece1 0, 3
2023-09-14 15:04:48.465 [INFO]    Piece2 1, 4
2023-09-14 15:04:51.174 [INFO]    Row: 0 Column: 1
2023-09-14 15:04:52.566 [INFO]    Row: 2 Column: 3
2023-09-14 15:04:52.567 [INFO]    Piece1 0, 1
2023-09-14 15:04:52.569 [INFO]    Piece2 2, 3
2023-09-14 15:04:53.277 [INFO]    Row: 2 Column: 3
2023-09-14 15:04:56.670 [INFO]    Row: 2 Column: 3
2023-09-14 15:04:56.671 [INFO]    Piece1 2, 3
2023-09-14 15:04:56.674 [INFO]    Piece2 2, 3
2023-09-14 15:04:58.430 [INFO]    Row: 2 Column: 3
2023-09-14 15:05:01.373 [INFO]    Row: 2 Column: 3
2023-09-14 15:05:01.374 [INFO]    Piece1 2, 3
2023-09-14 15:05:01.379 [INFO]    Piece2 2, 3
2023-09-14 15:05:01.814 [INFO]    Row: 2 Column: 3
2023-09-14 15:05:06.182 [INFO]    Row: 2 Column: 3
2023-09-14 15:05:06.182 [INFO]    Piece1 2, 3
2023-09-14 15:05:06.186 [INFO]    Piece2 2, 3
2023-09-14 15:05:06.573 [INFO]    Row: 2 Column: 3
2023-09-14 15:05:12.246 [INFO]    Row: 2 Column: 3
2023-09-14 15:05:12.246 [INFO]    Piece1 2, 3
2023-09-14 15:05:12.250 [INFO]    Piece2 2, 3
2023-09-14 15:05:13.125 [INFO]    Row: 2 Column: 3
2023-09-14 15:05:35.527 [INFO]    Row: 2 Column: 3
2023-09-14 15:05:35.527 [INFO]    Piece1 2, 3
2023-09-14 15:05:35.531 [INFO]    Piece2 2, 3
2023-09-14 15:05:36.014 [INFO]    Row: 2 Column: 3
2023-09-14 15:05:36.638 [INFO]    Row: 2 Column: 3
2023-09-14 15:05:36.639 [INFO]    Piece1 2, 3
2023-09-14 15:05:36.642 [INFO]    Piece2 2, 3
2023-09-14 15:05:37.853 [INFO]    Row: 2 Column: 3
2023-09-14 15:05:38.958 [INFO]    Row: 2 Column: 3
2023-09-14 15:05:38.959 [INFO]    Piece1 2, 3
2023-09-14 15:05:38.962 [INFO]    Piece2 2, 3
2023-09-14 15:05:40.270 [INFO]    Row: 2 Column: 3
2023-09-14 15:05:43.318 [INFO]    Row: 2 Column: 3
2023-09-14 15:05:43.319 [INFO]    Piece1 2, 3
2023-09-14 15:05:43.323 [INFO]    Piece2 2, 3
2023-09-14 15:05:45.142 [INFO]    Row: 2 Column: 3
2023-09-14 15:05:46.831 [INFO]    Row: 0 Column: 5
2023-09-14 15:05:46.831 [INFO]    Piece1 2, 3
2023-09-14 15:05:46.835 [INFO]    Piece2 0, 5
2023-09-14 15:05:46.838 [INFO]    Max is Black
2023-09-14 15:05:47.044 [INFO]    Evaluating Node number: 1 - Score: 1
2023-09-14 15:05:47.944 [INFO]    Node Values: 18,1,77,-32,-32
2023-09-14 15:05:47.944 [INFO]    Piece1 3, 6
2023-09-14 15:05:47.948 [INFO]    Piece2 4, 5
2023-09-14 15:05:57.200 [INFO]    Row: 5 Column: 4
2023-09-14 15:05:58.326 [INFO]    Row: 3 Column: 6
2023-09-14 15:05:58.328 [INFO]    Piece1 5, 4
2023-09-14 15:05:58.333 [INFO]    Piece2 3, 6
2023-09-14 15:05:58.782 [INFO]    Row: 3 Column: 6
2023-09-14 15:06:00.167 [INFO]    Row: 1 Column: 4
2023-09-14 15:06:00.168 [INFO]    Piece1 3, 6
2023-09-14 15:06:00.171 [INFO]    Piece2 1, 4
2023-09-14 15:06:00.175 [INFO]    Max is Black
2023-09-14 15:06:00.381 [INFO]    Evaluating Node number: 1 - Score: 80
2023-09-14 15:06:02.085 [INFO]    Node Values: 80,-61,45,77,80,80,78,77
2023-09-14 15:06:02.085 [INFO]    Piece1 4, 7
2023-09-14 15:06:02.088 [INFO]    Piece2 3, 6
2023-09-14 15:06:04.681 [INFO]    Row: 0 Column: 5
2023-09-14 15:06:07.304 [INFO]    Row: 0 Column: 5
2023-09-14 15:06:07.305 [INFO]    Piece1 0, 5
2023-09-14 15:06:07.313 [INFO]    Piece2 0, 5
2023-09-14 15:06:07.768 [INFO]    Row: 0 Column: 5
2023-09-14 15:06:18.312 [INFO]    Row: 0 Column: 5
2023-09-14 15:06:18.313 [INFO]    Piece1 0, 5
2023-09-14 15:06:18.319 [INFO]    Piece2 0, 5
2023-09-14 15:06:22.128 [INFO]    Row: 0 Column: 5
2023-09-14 15:06:23.519 [INFO]    Row: 2 Column: 3
2023-09-14 15:06:23.520 [INFO]    Piece1 0, 5
2023-09-14 15:06:23.524 [INFO]    Piece2 2, 3
2023-09-14 15:10:28.055 [INFO]    Row: 2 Column: 3
2023-09-14 15:10:30.661 [INFO]    Row: 4 Column: 1
2023-09-14 15:10:30.663 [INFO]    Piece1 2, 3
2023-09-14 15:10:30.663 [INFO]    Piece2 4, 1
2023-09-14 15:10:31.884 [INFO]    Row: 4 Column: 1
2023-09-14 15:10:33.063 [INFO]    Row: 2 Column: 3
2023-09-14 15:10:33.063 [INFO]    Piece1 4, 1
2023-09-14 15:10:33.067 [INFO]    Piece2 2, 3
2023-09-14 15:10:33.071 [INFO]    Max is Black
2023-09-14 15:10:33.276 [INFO]    Evaluating Node number: 1 - Score: 65
2023-09-14 15:10:36.677 [INFO]    Node Values: 65,45,46,31,76,76,-33,46,31,34,63,46,46
2023-09-14 15:10:36.678 [INFO]    Piece1 3, 6
2023-09-14 15:10:36.682 [INFO]    Piece2 2, 5
2023-09-14 15:10:37.854 [INFO]    Row: 2 Column: 3
2023-09-14 15:10:39.933 [INFO]    Row: 2 Column: 3
2023-09-14 15:10:39.934 [INFO]    Piece1 2, 3
2023-09-14 15:10:39.938 [INFO]    Piece2 2, 3
2023-09-14 15:10:40.982 [INFO]    Row: 2 Column: 3
2023-09-14 15:10:42.982 [INFO]    Row: 2 Column: 3
2023-09-14 15:10:42.982 [INFO]    Piece1 2, 3
2023-09-14 15:10:42.986 [INFO]    Piece2 2, 3
2023-09-14 15:10:43.542 [INFO]    Row: 2 Column: 3
2023-09-14 15:10:44.270 [INFO]    Row: 2 Column: 3
2023-09-14 15:10:44.270 [INFO]    Piece1 2, 3
2023-09-14 15:10:44.274 [INFO]    Piece2 2, 3
2023-09-14 15:10:44.759 [INFO]    Row: 2 Column: 3
2023-09-14 15:10:46.548 [INFO]    Row: 2 Column: 3
2023-09-14 15:10:46.550 [INFO]    Piece1 2, 3
2023-09-14 15:10:46.553 [INFO]    Piece2 2, 3
2023-09-14 15:10:46.966 [INFO]    Row: 2 Column: 3
2023-09-14 15:10:50.253 [INFO]    Row: 2 Column: 3
2023-09-14 15:10:50.254 [INFO]    Piece1 2, 3
2023-09-14 15:10:50.258 [INFO]    Piece2 2, 3
2023-09-14 15:10:51.118 [INFO]    Row: 5 Column: 2
2023-09-14 15:10:53.925 [INFO]    Row: 5 Column: 2
2023-09-14 15:10:53.925 [INFO]    Piece1 5, 2
2023-09-14 15:10:53.930 [INFO]    Piece2 5, 2
2023-09-14 15:10:57.046 [INFO]    Row: 2 Column: 3
2023-09-14 15:10:57.550 [INFO]    Row: 3 Column: 2
2023-09-14 15:10:57.553 [INFO]    Piece1 2, 3
2023-09-14 15:10:57.557 [INFO]    Piece2 3, 2
2023-09-14 15:10:57.561 [INFO]    Max is Black
2023-09-14 15:10:57.764 [INFO]    Evaluating Node number: 1 - Score: 14
2023-09-14 15:11:00.698 [INFO]    Evaluating Node number: 10001 - Score: 13
2023-09-14 15:11:01.367 [INFO]    Node Values: 44,44,44,44,44,44,44,43,44,46
2023-09-14 15:11:01.367 [INFO]    Piece1 3, 0
2023-09-14 15:11:01.370 [INFO]    Piece2 4, 1
2023-09-14 15:11:02.311 [INFO]    Row: 3 Column: 2
2023-09-14 15:11:03.845 [INFO]    Row: 3 Column: 2
2023-09-14 15:11:03.846 [INFO]    Piece1 3, 2
2023-09-14 15:11:03.849 [INFO]    Piece2 3, 2
2023-09-14 15:11:04.334 [INFO]    Row: 3 Column: 2
2023-09-14 15:11:08.989 [INFO]    Row: 3 Column: 2
2023-09-14 15:11:08.989 [INFO]    Piece1 3, 2
2023-09-14 15:11:08.993 [INFO]    Piece2 3, 2
2023-09-14 15:11:09.798 [INFO]    Row: 5 Column: 2
2023-09-14 15:11:12.286 [INFO]    Row: 5 Column: 2
2023-09-14 15:11:12.286 [INFO]    Piece1 5, 2
2023-09-14 15:11:12.290 [INFO]    Piece2 5, 2
2023-09-14 15:11:13.046 [INFO]    Row: 3 Column: 2
