2023-09-06 00:45:51.937 C:\Users\shubh\Desktop\code\Final\5\CheckersMinimax-master\CheckersMinimax-master\CheckersMinimax\bin\Debug\CheckersMinimax_06-09-2023.log is created.
2023-09-06 01:10:03.910 [INFO]    Row: 5 Column: 6
2023-09-06 01:10:04.432 [INFO]    Row: 4 Column: 5
2023-09-06 01:10:04.433 [INFO]    Piece1 5, 6
2023-09-06 01:10:04.434 [INFO]    Piece2 4, 5
2023-09-06 01:10:04.442 [INFO]    Max is Black
2023-09-06 01:10:04.656 [INFO]    Evaluating Node number: 1 - Score: 33
2023-09-06 01:10:06.004 [INFO]    Node Values: 34,35,18,34,19,18,0
2023-09-06 01:10:06.004 [INFO]    Piece1 2, 1
2023-09-06 01:10:06.005 [INFO]    Piece2 3, 0
2023-09-06 01:10:30.291 [INFO]    Row: 5 Column: 6
2023-09-06 01:10:30.717 [INFO]    Row: 4 Column: 5
2023-09-06 01:10:30.718 [INFO]    Piece1 5, 6
2023-09-06 01:10:30.718 [INFO]    Piece2 4, 5
2023-09-06 01:10:30.726 [INFO]    Max is Black
2023-09-06 01:10:30.936 [INFO]    Evaluating Node number: 1 - Score: 33
2023-09-06 01:10:32.262 [INFO]    Node Values: 34,35,18,34,19,18,0
2023-09-06 01:10:32.262 [INFO]    Piece1 2, 1
2023-09-06 01:10:32.262 [INFO]    Piece2 3, 0
2023-09-06 01:10:55.804 [INFO]    Row: 5 Column: 6
2023-09-06 01:10:56.312 [INFO]    Row: 4 Column: 5
2023-09-06 01:10:56.327 [INFO]    Piece1 5, 6
2023-09-06 01:10:56.327 [INFO]    Piece2 4, 5
2023-09-06 01:10:56.335 [INFO]    Max is Black
2023-09-06 01:10:56.545 [INFO]    Evaluating Node number: 1 - Score: 33
2023-09-06 01:10:57.890 [INFO]    Node Values: 34,35,18,34,19,18,0
2023-09-06 01:10:57.890 [INFO]    Piece1 2, 1
2023-09-06 01:10:57.890 [INFO]    Piece2 3, 0
2023-09-06 01:14:33.387 [INFO]    Row: 5 Column: 4
2023-09-06 01:14:34.177 [INFO]    Row: 4 Column: 3
2023-09-06 01:14:34.179 [INFO]    Piece1 5, 4
2023-09-06 01:14:34.179 [INFO]    Piece2 4, 3
2023-09-06 01:14:34.188 [INFO]    Max is Black
2023-09-06 01:14:34.401 [INFO]    Evaluating Node number: 1 - Score: 16
2023-09-06 01:14:35.717 [INFO]    Node Values: 19,-2,17,18,18,19,-1
2023-09-06 01:14:35.717 [INFO]    Piece1 2, 5
2023-09-06 01:14:35.718 [INFO]    Piece2 3, 4
2023-09-06 01:14:49.065 [INFO]    Row: 4 Column: 3
2023-09-06 01:14:49.937 [INFO]    Row: 2 Column: 5
2023-09-06 01:14:49.937 [INFO]    Piece1 4, 3
2023-09-06 01:14:49.937 [INFO]    Piece2 2, 5
2023-09-06 01:14:49.953 [INFO]    Max is Black
2023-09-06 01:14:50.164 [INFO]    Evaluating Node number: 1 - Score: 1
2023-09-06 01:14:50.446 [INFO]    Node Values: 20,19
2023-09-06 01:14:50.446 [INFO]    Piece1 1, 4
2023-09-06 01:14:50.446 [INFO]    Piece2 3, 6
2023-09-06 01:15:01.575 [INFO]    Row: 5 Column: 6
2023-09-06 01:15:02.276 [INFO]    Row: 4 Column: 7
2023-09-06 01:15:02.279 [INFO]    Piece1 5, 6
2023-09-06 01:15:02.279 [INFO]    Piece2 4, 7
2023-09-06 01:15:02.301 [INFO]    Max is Black
2023-09-06 01:15:02.513 [INFO]    Evaluating Node number: 1 - Score: 33
2023-09-06 01:15:03.880 [INFO]    Node Values: 34,35,18,34,19,18,18
2023-09-06 01:15:03.880 [INFO]    Piece1 2, 1
2023-09-06 01:15:03.883 [INFO]    Piece2 3, 0
2023-09-06 01:35:24.044 [INFO]    Row: 5 Column: 6
2023-09-06 01:35:24.619 [INFO]    Row: 4 Column: 5
2023-09-06 01:35:24.621 [INFO]    Piece1 5, 6
2023-09-06 01:35:24.621 [INFO]    Piece2 4, 5
2023-09-06 01:35:24.633 [INFO]    Max is Black
2023-09-06 01:35:24.845 [INFO]    Evaluating Node number: 1 - Score: 33
2023-09-06 01:35:26.163 [INFO]    Node Values: 34,35,18,34,19,18,0
2023-09-06 01:35:26.163 [INFO]    Piece1 2, 1
2023-09-06 01:35:26.163 [INFO]    Piece2 3, 0
2023-09-06 01:40:36.463 [INFO]    Row: 4 Column: 5
2023-09-06 01:40:37.602 [INFO]    Row: 3 Column: 6
2023-09-06 01:40:37.603 [INFO]    Piece1 4, 5
2023-09-06 01:40:37.603 [INFO]    Piece2 3, 6
2023-09-06 01:40:37.611 [INFO]    Max is Black
2023-09-06 01:40:37.815 [INFO]    Evaluating Node number: 1 - Score: 16
2023-09-06 01:40:38.084 [INFO]    Node Values: 35,35
2023-09-06 01:40:38.085 [INFO]    Piece1 2, 5
2023-09-06 01:40:38.085 [INFO]    Piece2 4, 7
2023-09-06 01:40:40.605 [INFO]    Row: 6 Column: 5
2023-09-06 01:40:42.783 [INFO]    Row: 6 Column: 5
2023-09-06 01:40:42.783 [INFO]    Piece1 6, 5
2023-09-06 01:40:42.784 [INFO]    Piece2 6, 5
2023-09-06 01:40:43.269 [INFO]    Row: 5 Column: 4
2023-09-06 01:40:44.265 [INFO]    Row: 4 Column: 5
2023-09-06 01:40:44.265 [INFO]    Piece1 5, 4
2023-09-06 01:40:44.265 [INFO]    Piece2 4, 5
2023-09-06 01:40:44.274 [INFO]    Max is Black
2023-09-06 01:40:44.477 [INFO]    Evaluating Node number: 1 - Score: 35
2023-09-06 01:40:46.325 [INFO]    Node Values: 53,53,53,53,36,52,20,17,34
2023-09-06 01:40:46.326 [INFO]    Piece1 1, 4
2023-09-06 01:40:46.326 [INFO]    Piece2 2, 5
2023-09-06 01:40:47.626 [INFO]    Row: 6 Column: 7
2023-09-06 01:40:48.076 [INFO]    Row: 5 Column: 6
2023-09-06 01:40:48.076 [INFO]    Piece1 6, 7
2023-09-06 01:40:48.076 [INFO]    Piece2 5, 6
2023-09-06 01:40:48.086 [INFO]    Max is Black
2023-09-06 01:40:48.291 [INFO]    Evaluating Node number: 1 - Score: 50
2023-09-06 01:40:50.336 [INFO]    Node Values: 70,70,70,70,36,69,70,70,19,37
2023-09-06 01:40:50.336 [INFO]    Piece1 0, 5
2023-09-06 01:40:50.336 [INFO]    Piece2 1, 4
2023-09-06 01:41:06.525 [INFO]    Row: 4 Column: 5
2023-09-06 01:41:07.280 [INFO]    Row: 3 Column: 6
2023-09-06 01:41:07.280 [INFO]    Piece1 4, 5
2023-09-06 01:41:07.287 [INFO]    Piece2 3, 6
2023-09-06 01:41:07.294 [INFO]    Max is Black
2023-09-06 01:41:07.497 [INFO]    Evaluating Node number: 1 - Score: 70
2023-09-06 01:41:07.561 [INFO]    Node Values: 70
2023-09-06 01:41:07.561 [INFO]    Piece1 2, 7
2023-09-06 01:41:07.561 [INFO]    Piece2 4, 5
2023-09-06 01:41:08.571 [INFO]    Piece1 4, 5
2023-09-06 01:41:08.571 [INFO]    Piece2 6, 7
2023-09-06 01:41:21.853 [INFO]    Row: 5 Column: 2
2023-09-06 01:43:21.212 [INFO]    Row: 5 Column: 4
2023-09-06 01:43:23.177 [INFO]    Row: 4 Column: 3
2023-09-06 01:43:23.179 [INFO]    Piece1 5, 4
2023-09-06 01:43:23.179 [INFO]    Piece2 4, 3
2023-09-06 01:43:23.184 [INFO]    Max is Black
2023-09-06 01:43:28.151 [INFO]    Evaluating Node number: 1 - Score: 16
2023-09-06 01:45:39.086 [INFO]    Row: 5 Column: 4
2023-09-06 01:45:39.658 [INFO]    Row: 4 Column: 3
2023-09-06 01:45:39.660 [INFO]    Piece1 5, 4
2023-09-06 01:45:39.660 [INFO]    Piece2 4, 3
2023-09-06 01:45:39.674 [INFO]    Max is Black
2023-09-06 01:45:39.890 [INFO]    Evaluating Node number: 1 - Score: 16
2023-09-06 01:45:41.222 [INFO]    Node Values: 19,-2,17,18,18,19,-1
2023-09-06 01:45:41.222 [INFO]    Piece1 2, 5
2023-09-06 01:45:41.222 [INFO]    Piece2 3, 4
2023-09-06 01:45:42.373 [INFO]    Row: 4 Column: 3
2023-09-06 01:45:48.602 [INFO]    Row: 2 Column: 5
2023-09-06 01:45:48.602 [INFO]    Piece1 4, 3
2023-09-06 01:45:48.602 [INFO]    Piece2 2, 5
2023-09-06 01:45:48.614 [INFO]    Max is Black
2023-09-06 01:45:48.817 [INFO]    Evaluating Node number: 1 - Score: 1
2023-09-06 01:45:49.087 [INFO]    Node Values: 20,19
2023-09-06 01:45:49.088 [INFO]    Piece1 1, 4
2023-09-06 01:45:49.088 [INFO]    Piece2 3, 6
2023-09-06 01:57:14.383 [INFO]    Row: 5 Column: 0
2023-09-06 01:57:14.799 [INFO]    Row: 4 Column: 1
2023-09-06 01:57:14.800 [INFO]    Piece1 5, 0
2023-09-06 01:57:14.801 [INFO]    Piece2 4, 1
2023-09-06 01:57:14.808 [INFO]    Max is Black
2023-09-06 01:57:40.702 [INFO]    Row: 5 Column: 0
2023-09-06 01:57:41.435 [INFO]    Row: 4 Column: 1
2023-09-06 01:57:41.436 [INFO]    Piece1 5, 0
2023-09-06 01:57:41.436 [INFO]    Piece2 4, 1
2023-09-06 01:57:41.443 [INFO]    Max is Black
2023-09-06 01:57:41.656 [INFO]    Evaluating Node number: 1 - Score: -3
2023-09-06 01:57:42.980 [INFO]    Node Values: 18,19,16,19,17,18,17
2023-09-06 01:57:42.981 [INFO]    Piece1 2, 3
2023-09-06 01:57:42.981 [INFO]    Piece2 3, 2
2023-09-06 01:58:13.874 [INFO]    Row: 4 Column: 1
2023-09-06 01:58:25.846 [INFO]    Row: 4 Column: 1
2023-09-06 01:58:25.846 [INFO]    Piece1 4, 1
2023-09-06 01:58:25.846 [INFO]    Piece2 4, 1
2023-09-06 01:58:27.999 [INFO]    Row: 4 Column: 1
2023-09-06 01:58:30.246 [INFO]    Row: 4 Column: 1
2023-09-06 01:58:30.247 [INFO]    Piece1 4, 1
2023-09-06 01:58:30.247 [INFO]    Piece2 4, 1
2023-09-06 01:58:32.107 [INFO]    Row: 4 Column: 1
2023-09-06 01:58:32.812 [INFO]    Row: 2 Column: 3
2023-09-06 01:58:32.812 [INFO]    Piece1 4, 1
2023-09-06 01:58:32.812 [INFO]    Piece2 2, 3
2023-09-06 01:58:32.822 [INFO]    Max is Black
2023-09-06 01:58:33.023 [INFO]    Evaluating Node number: 1 - Score: -2
2023-09-06 01:58:33.271 [INFO]    Node Values: 1,20
2023-09-06 01:58:33.272 [INFO]    Piece1 1, 4
2023-09-06 01:58:33.272 [INFO]    Piece2 3, 2
2023-09-06 01:58:35.997 [INFO]    Row: 5 Column: 4
2023-09-06 01:58:48.613 [INFO]    Row: 5 Column: 4
2023-09-06 01:58:48.613 [INFO]    Piece1 5, 4
2023-09-06 01:58:48.614 [INFO]    Piece2 5, 4
2023-09-06 01:58:50.559 [INFO]    Row: 5 Column: 6
2023-09-06 01:58:55.506 [INFO]    Row: 5 Column: 6
2023-09-06 01:58:55.506 [INFO]    Piece1 5, 6
2023-09-06 01:58:55.506 [INFO]    Piece2 5, 6
2023-09-06 01:58:56.273 [INFO]    Row: 5 Column: 2
2023-09-06 01:58:59.982 [INFO]    Row: 5 Column: 2
2023-09-06 01:58:59.983 [INFO]    Piece1 5, 2
2023-09-06 01:58:59.983 [INFO]    Piece2 5, 2
2023-09-06 01:59:03.383 [INFO]    Row: 6 Column: 1
2023-09-06 01:59:05.240 [INFO]    Row: 6 Column: 1
2023-09-06 01:59:05.241 [INFO]    Piece1 6, 1
2023-09-06 01:59:05.241 [INFO]    Piece2 6, 1
2023-09-06 01:59:06.192 [INFO]    Row: 5 Column: 2
2023-09-06 01:59:06.919 [INFO]    Row: 5 Column: 2
2023-09-06 01:59:06.919 [INFO]    Piece1 5, 2
2023-09-06 01:59:06.920 [INFO]    Piece2 5, 2
2023-09-06 01:59:09.252 [INFO]    Row: 5 Column: 2
2023-09-06 01:59:11.406 [INFO]    Row: 5 Column: 2
2023-09-06 01:59:11.406 [INFO]    Piece1 5, 2
2023-09-06 01:59:11.406 [INFO]    Piece2 5, 2
2023-09-06 01:59:16.802 [INFO]    Row: 5 Column: 2
2023-09-06 02:07:27.582 [INFO]    Row: 5 Column: 2
2023-09-06 02:07:28.122 [INFO]    Row: 4 Column: 1
2023-09-06 02:07:28.124 [INFO]    Piece1 5, 2
2023-09-06 02:07:28.124 [INFO]    Piece2 4, 1
2023-09-06 02:07:28.133 [INFO]    Max is Black
2023-09-06 02:07:28.343 [INFO]    Evaluating Node number: 1 - Score: 14
2023-09-06 02:07:29.636 [INFO]    Node Values: 35,18,18,19,-2,-1,-2
2023-09-06 02:07:29.636 [INFO]    Piece1 2, 1
2023-09-06 02:07:29.636 [INFO]    Piece2 3, 2
2023-09-06 02:07:32.331 [INFO]    Row: 5 Column: 6
2023-09-06 02:07:32.729 [INFO]    Row: 4 Column: 7
2023-09-06 02:07:32.729 [INFO]    Piece1 5, 6
2023-09-06 02:07:32.730 [INFO]    Piece2 4, 7
2023-09-06 02:07:32.739 [INFO]    Max is Black
2023-09-06 02:07:32.943 [INFO]    Evaluating Node number: 1 - Score: 34
2023-09-06 02:07:34.270 [INFO]    Node Values: 34,34,35,18,34,34,16
2023-09-06 02:07:34.271 [INFO]    Piece1 2, 3
2023-09-06 02:07:34.271 [INFO]    Piece2 3, 4
2023-09-06 02:07:45.527 [INFO]    Row: 4 Column: 1
2023-09-06 02:07:46.203 [INFO]    Row: 2 Column: 3
2023-09-06 02:07:46.203 [INFO]    Piece1 4, 1
2023-09-06 02:07:46.203 [INFO]    Piece2 2, 3
2023-09-06 02:07:46.221 [INFO]    Max is Black
2023-09-06 02:07:46.423 [INFO]    Evaluating Node number: 1 - Score: 34
2023-09-06 02:07:46.426 [INFO]    Node Values: 34
2023-09-06 02:07:46.426 [INFO]    Piece1 1, 4
2023-09-06 02:07:46.426 [INFO]    Piece2 3, 2
2023-09-06 02:07:48.063 [INFO]    Row: 6 Column: 7
2023-09-06 02:07:51.386 [INFO]    Row: 5 Column: 6
2023-09-06 02:07:51.386 [INFO]    Piece1 6, 7
2023-09-06 02:07:51.387 [INFO]    Piece2 5, 6
2023-09-06 02:07:51.394 [INFO]    Max is Black
2023-09-06 02:07:51.599 [INFO]    Evaluating Node number: 1 - Score: 17
2023-09-06 02:07:53.805 [INFO]    Node Values: 51,51,51,51,51,21,16,37,36,38,35
2023-09-06 02:07:53.805 [INFO]    Piece1 1, 2
2023-09-06 02:07:53.806 [INFO]    Piece2 2, 3
2023-09-06 02:07:56.965 [INFO]    Row: 6 Column: 3
2023-09-06 02:07:59.758 [INFO]    Row: 5 Column: 2
2023-09-06 02:07:59.758 [INFO]    Piece1 6, 3
2023-09-06 02:07:59.759 [INFO]    Piece2 5, 2
2023-09-06 02:07:59.766 [INFO]    Max is Black
2023-09-06 02:07:59.975 [INFO]    Evaluating Node number: 1 - Score: 34
2023-09-06 02:08:02.158 [INFO]    Node Values: 60,60,60,60,60,20,16,19,19,38,38
2023-09-06 02:08:02.158 [INFO]    Piece1 0, 1
2023-09-06 02:08:02.158 [INFO]    Piece2 1, 2
2023-09-06 02:08:05.577 [INFO]    Row: 7 Column: 2
2023-09-06 02:08:06.036 [INFO]    Row: 6 Column: 3
2023-09-06 02:08:06.037 [INFO]    Piece1 7, 2
2023-09-06 02:08:06.037 [INFO]    Piece2 6, 3
2023-09-06 02:08:06.039 [INFO]    Max is Black
2023-09-06 02:08:06.242 [INFO]    Evaluating Node number: 1 - Score: 62
2023-09-06 02:08:08.125 [INFO]    Node Values: 79,79,79,79,48,44,20,19,64,79
2023-09-06 02:08:08.125 [INFO]    Piece1 0, 5
2023-09-06 02:08:08.126 [INFO]    Piece2 1, 4
2023-09-06 02:08:10.495 [INFO]    Row: 5 Column: 0
2023-09-06 02:08:20.135 [INFO]    Row: 4 Column: 1
2023-09-06 02:08:20.135 [INFO]    Piece1 5, 0
2023-09-06 02:08:20.135 [INFO]    Piece2 4, 1
2023-09-06 02:08:20.140 [INFO]    Max is Black
2023-09-06 02:08:20.343 [INFO]    Evaluating Node number: 1 - Score: 60
2023-09-06 02:08:20.351 [INFO]    Node Values: 79
2023-09-06 02:08:20.352 [INFO]    Piece1 3, 2
2023-09-06 02:08:20.354 [INFO]    Piece2 5, 0
2023-09-06 02:08:21.356 [INFO]    Piece1 5, 0
2023-09-06 02:08:21.356 [INFO]    Piece2 7, 2
2023-09-06 02:08:23.755 [INFO]    Row: 5 Column: 2
2023-09-06 02:08:26.828 [INFO]    Row: 5 Column: 2
2023-09-06 02:08:26.828 [INFO]    Piece1 5, 2
2023-09-06 02:08:26.829 [INFO]    Piece2 5, 2
2023-09-06 02:08:28.515 [INFO]    Row: 4 Column: 7
2023-09-06 02:08:29.134 [INFO]    Row: 4 Column: 7
2023-09-06 02:08:29.135 [INFO]    Piece1 4, 7
2023-09-06 02:08:29.135 [INFO]    Piece2 4, 7
2023-09-06 02:08:29.964 [INFO]    Row: 7 Column: 6
2023-09-06 02:08:30.370 [INFO]    Row: 6 Column: 7
2023-09-06 02:08:30.371 [INFO]    Piece1 7, 6
2023-09-06 02:08:30.371 [INFO]    Piece2 6, 7
2023-09-06 02:08:30.378 [INFO]    Max is Black
2023-09-06 02:08:30.581 [INFO]    Evaluating Node number: 1 - Score: 60
2023-09-06 02:08:32.077 [INFO]    Node Values: 92,92,106,46,60,73,73,63
2023-09-06 02:08:32.077 [INFO]    Piece1 2, 3
2023-09-06 02:08:32.077 [INFO]    Piece2 3, 2
2023-09-06 02:12:00.988 [INFO]    Row: 5 Column: 6
2023-09-06 02:12:01.289 [INFO]    Row: 4 Column: 5
2023-09-06 02:12:01.290 [INFO]    Piece1 5, 6
2023-09-06 02:12:01.290 [INFO]    Piece2 4, 5
2023-09-06 02:12:01.298 [INFO]    Max is Black
2023-09-06 02:12:01.509 [INFO]    Evaluating Node number: 1 - Score: 33
2023-09-06 02:12:02.833 [INFO]    Node Values: 34,35,18,34,19,18,0
2023-09-06 02:12:02.834 [INFO]    Piece1 2, 1
2023-09-06 02:12:02.834 [INFO]    Piece2 3, 0
2023-09-06 02:12:23.932 [INFO]    Row: 5 Column: 4
2023-09-06 02:12:24.340 [INFO]    Row: 4 Column: 3
2023-09-06 02:12:24.357 [INFO]    Piece1 5, 4
2023-09-06 02:12:24.357 [INFO]    Piece2 4, 3
2023-09-06 02:12:24.366 [INFO]    Max is Black
2023-09-06 02:12:24.578 [INFO]    Evaluating Node number: 1 - Score: 16
2023-09-06 02:12:25.876 [INFO]    Node Values: 19,-2,17,18,18,19,-1
2023-09-06 02:12:25.876 [INFO]    Piece1 2, 5
2023-09-06 02:12:25.877 [INFO]    Piece2 3, 4
2023-09-06 02:17:20.798 [INFO]    Row: 5 Column: 4
2023-09-06 02:17:21.147 [INFO]    Row: 4 Column: 3
2023-09-06 02:17:21.149 [INFO]    Piece1 5, 4
2023-09-06 02:17:21.149 [INFO]    Piece2 4, 3
2023-09-06 02:17:21.167 [INFO]    Max is Black
2023-09-06 02:17:21.382 [INFO]    Evaluating Node number: 1 - Score: 16
2023-09-06 02:17:22.692 [INFO]    Node Values: 19,-2,17,18,18,19,-1
2023-09-06 02:17:22.693 [INFO]    Piece1 2, 5
2023-09-06 02:17:22.693 [INFO]    Piece2 3, 4
2023-09-06 02:19:12.585 [INFO]    Row: 5 Column: 4
2023-09-06 02:19:12.943 [INFO]    Row: 4 Column: 3
2023-09-06 02:19:12.944 [INFO]    Piece1 5, 4
2023-09-06 02:19:12.945 [INFO]    Piece2 4, 3
2023-09-06 02:19:12.957 [INFO]    Max is Black
2023-09-06 02:19:13.169 [INFO]    Evaluating Node number: 1 - Score: 16
2023-09-06 02:19:14.478 [INFO]    Node Values: 19,-2,17,18,18,19,-1
2023-09-06 02:19:14.478 [INFO]    Piece1 2, 5
2023-09-06 02:19:14.479 [INFO]    Piece2 3, 4
2023-09-06 02:19:17.231 [INFO]    Row: 4 Column: 3
2023-09-06 02:19:17.774 [INFO]    Row: 2 Column: 5
2023-09-06 02:19:17.774 [INFO]    Piece1 4, 3
2023-09-06 02:19:17.775 [INFO]    Piece2 2, 5
2023-09-06 02:19:17.786 [INFO]    Max is Black
2023-09-06 02:19:17.989 [INFO]    Evaluating Node number: 1 - Score: 1
2023-09-06 02:19:18.265 [INFO]    Node Values: 20,19
2023-09-06 02:19:18.266 [INFO]    Piece1 1, 4
2023-09-06 02:19:18.266 [INFO]    Piece2 3, 6
2023-09-06 02:19:19.153 [INFO]    Row: 5 Column: 6
2023-09-06 02:19:19.526 [INFO]    Row: 4 Column: 5
2023-09-06 02:19:19.527 [INFO]    Piece1 5, 6
2023-09-06 02:19:19.527 [INFO]    Piece2 4, 5
2023-09-06 02:19:19.537 [INFO]    Max is Black
2023-09-06 02:19:19.741 [INFO]    Evaluating Node number: 1 - Score: 14
2023-09-06 02:19:19.789 [INFO]    Node Values: 34
2023-09-06 02:19:19.789 [INFO]    Piece1 3, 6
2023-09-06 02:19:19.789 [INFO]    Piece2 5, 4
2023-09-06 02:19:22.665 [INFO]    Row: 6 Column: 5
2023-09-06 02:19:23.120 [INFO]    Row: 4 Column: 3
2023-09-06 02:19:23.120 [INFO]    Piece1 6, 5
2023-09-06 02:19:23.120 [INFO]    Piece2 4, 3
2023-09-06 02:19:23.128 [INFO]    Max is Black
2023-09-06 02:19:23.331 [INFO]    Evaluating Node number: 1 - Score: -1
2023-09-06 02:19:24.882 [INFO]    Node Values: 18,17,35,19,35,19,35,18
2023-09-06 02:19:24.882 [INFO]    Piece1 1, 6
2023-09-06 02:19:24.883 [INFO]    Piece2 2, 5
2023-09-06 02:19:29.396 [INFO]    Row: 5 Column: 0
2023-09-06 02:19:29.975 [INFO]    Row: 4 Column: 1
2023-09-06 02:19:29.975 [INFO]    Piece1 5, 0
2023-09-06 02:19:29.975 [INFO]    Piece2 4, 1
2023-09-06 02:19:29.988 [INFO]    Max is Black
2023-09-06 02:19:30.193 [INFO]    Evaluating Node number: 1 - Score: 16
2023-09-06 02:19:32.404 [INFO]    Node Values: 17,16,17,16,37,17,36,19,2,20,16
2023-09-06 02:19:32.405 [INFO]    Piece1 2, 1
2023-09-06 02:19:32.405 [INFO]    Piece2 3, 2
2023-09-06 02:19:33.758 [INFO]    Row: 4 Column: 3
2023-09-06 02:19:35.463 [INFO]    Row: 4 Column: 3
2023-09-06 02:19:35.463 [INFO]    Piece1 4, 3
2023-09-06 02:19:35.464 [INFO]    Piece2 4, 3
2023-09-06 02:19:37.102 [INFO]    Row: 4 Column: 3
2023-09-06 02:19:37.606 [INFO]    Row: 2 Column: 1
2023-09-06 02:19:37.606 [INFO]    Piece1 4, 3
2023-09-06 02:19:37.606 [INFO]    Piece2 2, 1
2023-09-06 02:19:37.617 [INFO]    Max is Black
2023-09-06 02:19:37.820 [INFO]    Evaluating Node number: 1 - Score: 37
2023-09-06 02:19:38.096 [INFO]    Node Values: 38,36
2023-09-06 02:19:38.097 [INFO]    Piece1 1, 0
2023-09-06 02:19:38.097 [INFO]    Piece2 3, 2
2023-09-06 02:19:39.099 [INFO]    Piece1 3, 2
2023-09-06 02:19:39.099 [INFO]    Piece2 5, 0
2023-09-06 02:19:41.683 [INFO]    Row: 5 Column: 2
2023-09-06 02:19:42.862 [INFO]    Row: 5 Column: 2
2023-09-06 02:19:42.863 [INFO]    Piece1 5, 2
2023-09-06 02:19:42.863 [INFO]    Piece2 5, 2
2023-09-06 02:19:50.519 [INFO]    Row: 7 Column: 4
2023-09-06 02:19:50.919 [INFO]    Row: 6 Column: 5
2023-09-06 02:19:50.920 [INFO]    Piece1 7, 4
2023-09-06 02:19:50.920 [INFO]    Piece2 6, 5
2023-09-06 02:19:50.927 [INFO]    Max is Black
2023-09-06 02:19:51.131 [INFO]    Evaluating Node number: 1 - Score: 37
2023-09-06 02:19:53.584 [INFO]    Node Values: 38,38,38,38,38,37,44,35,38,43,38
2023-09-06 02:19:53.584 [INFO]    Piece1 2, 3
2023-09-06 02:19:53.585 [INFO]    Piece2 3, 4
2023-09-06 02:19:55.058 [INFO]    Row: 5 Column: 2
2023-09-06 02:19:56.239 [INFO]    Row: 5 Column: 2
2023-09-06 02:19:56.240 [INFO]    Piece1 5, 2
2023-09-06 02:19:56.240 [INFO]    Piece2 5, 2
2023-09-06 02:19:57.223 [INFO]    Row: 6 Column: 5
2023-09-06 02:19:57.671 [INFO]    Row: 5 Column: 4
2023-09-06 02:19:57.671 [INFO]    Piece1 6, 5
2023-09-06 02:19:57.672 [INFO]    Piece2 5, 4
2023-09-06 02:19:57.677 [INFO]    Max is Black
2023-09-06 02:19:57.881 [INFO]    Evaluating Node number: 1 - Score: 82
2023-09-06 02:20:00.076 [INFO]    Node Values: 82,82,82,82,82,82,82,81,81,22,22
2023-09-06 02:20:00.076 [INFO]    Piece1 0, 7
2023-09-06 02:20:00.077 [INFO]    Piece2 1, 6
2023-09-06 02:20:05.648 [INFO]    Row: 6 Column: 7
2023-09-06 02:20:09.452 [INFO]    Row: 5 Column: 6
2023-09-06 02:20:09.452 [INFO]    Piece1 6, 7
2023-09-06 02:20:09.452 [INFO]    Piece2 5, 6
2023-09-06 02:20:09.454 [INFO]    Max is Black
2023-09-06 02:20:09.659 [INFO]    Evaluating Node number: 1 - Score: 79
2023-09-06 02:20:11.438 [INFO]    Node Values: 99,99,99,99,99,80,81,39,16
2023-09-06 02:20:11.439 [INFO]    Piece1 0, 1
2023-09-06 02:20:11.439 [INFO]    Piece2 1, 0
2023-09-06 02:20:12.910 [INFO]    Row: 7 Column: 6
2023-09-06 02:20:13.329 [INFO]    Row: 6 Column: 5
2023-09-06 02:20:13.329 [INFO]    Piece1 7, 6
2023-09-06 02:20:13.329 [INFO]    Piece2 6, 5
2023-09-06 02:20:13.339 [INFO]    Max is Black
2023-09-06 02:20:13.544 [INFO]    Evaluating Node number: 1 - Score: 80
2023-09-06 02:20:15.276 [INFO]    Node Values: 98,98,98,98,98,108,109,39,20
2023-09-06 02:20:15.276 [INFO]    Piece1 2, 7
2023-09-06 02:20:15.277 [INFO]    Piece2 3, 6
2023-09-06 02:20:18.084 [INFO]    Row: 5 Column: 6
2023-09-06 02:20:22.010 [INFO]    Row: 5 Column: 6
2023-09-06 02:20:22.011 [INFO]    Piece1 5, 6
2023-09-06 02:20:22.011 [INFO]    Piece2 5, 6
2023-09-06 02:20:24.010 [INFO]    Row: 5 Column: 2
2023-09-06 02:20:25.911 [INFO]    Row: 4 Column: 1
2023-09-06 02:20:25.911 [INFO]    Piece1 5, 2
2023-09-06 02:20:25.912 [INFO]    Piece2 4, 1
2023-09-06 02:20:25.917 [INFO]    Max is Black
2023-09-06 02:20:26.122 [INFO]    Evaluating Node number: 1 - Score: -8
2023-09-06 02:20:28.341 [INFO]    Node Values: 83,83,38,81,38,83,20,44,39,23
2023-09-06 02:20:28.342 [INFO]    Piece1 0, 5
2023-09-06 02:20:28.342 [INFO]    Piece2 1, 4
2023-09-06 02:20:32.514 [INFO]    Row: 6 Column: 3
2023-09-06 02:20:32.958 [INFO]    Row: 5 Column: 2
2023-09-06 02:20:32.958 [INFO]    Piece1 6, 3
2023-09-06 02:20:32.959 [INFO]    Piece2 5, 2
2023-09-06 02:20:32.966 [INFO]    Max is Black
2023-09-06 02:20:33.172 [INFO]    Evaluating Node number: 1 - Score: -8
2023-09-06 02:20:34.950 [INFO]    Node Values: 35,106,35,106,52,20,20,38,35
2023-09-06 02:20:34.950 [INFO]    Piece1 1, 4
2023-09-06 02:20:34.951 [INFO]    Piece2 2, 3
2023-09-06 02:20:36.084 [INFO]    Row: 4 Column: 1
2023-09-06 02:20:37.684 [INFO]    Row: 3 Column: 0
2023-09-06 02:20:37.684 [INFO]    Piece1 4, 1
2023-09-06 02:20:37.684 [INFO]    Piece2 3, 0
2023-09-06 02:20:37.691 [INFO]    Max is Black
2023-09-06 02:20:37.896 [INFO]    Evaluating Node number: 1 - Score: -9
2023-09-06 02:20:39.572 [INFO]    Node Values: 36,52,20,36,35,62,100,37,68
2023-09-06 02:20:39.572 [INFO]    Piece1 3, 4
2023-09-06 02:20:39.573 [INFO]    Piece2 4, 3
2023-09-06 02:20:40.063 [INFO]    Row: 5 Column: 2
2023-09-06 02:20:43.145 [INFO]    Row: 5 Column: 2
2023-09-06 02:20:43.146 [INFO]    Piece1 5, 2
2023-09-06 02:20:43.146 [INFO]    Piece2 5, 2
2023-09-06 02:20:43.920 [INFO]    Row: 5 Column: 4
2023-09-06 02:20:46.965 [INFO]    Row: 3 Column: 2
2023-09-06 02:20:46.966 [INFO]    Piece1 5, 4
2023-09-06 02:20:46.966 [INFO]    Piece2 3, 2
2023-09-06 02:20:53.508 [INFO]    Row: 3 Column: 2
2023-09-06 02:20:55.801 [INFO]    Row: 1 Column: 4
2023-09-06 02:20:55.801 [INFO]    Piece1 3, 2
2023-09-06 02:20:55.801 [INFO]    Piece2 1, 4
2023-09-06 02:20:55.813 [INFO]    Max is Black
2023-09-06 02:20:56.015 [INFO]    Evaluating Node number: 1 - Score: -102
2023-09-06 02:20:57.537 [INFO]    Node Values: 9,8,-21,7,-10,-25,23
2023-09-06 02:20:57.538 [INFO]    Piece1 3, 6
2023-09-06 02:20:57.538 [INFO]    Piece2 4, 5
2023-09-06 02:21:01.786 [INFO]    Row: 5 Column: 6
2023-09-06 02:21:02.975 [INFO]    Row: 3 Column: 4
2023-09-06 02:21:02.975 [INFO]    Piece1 5, 6
2023-09-06 02:21:02.975 [INFO]    Piece2 3, 4
2023-09-06 02:21:02.985 [INFO]    Max is Black
2023-09-06 02:21:03.187 [INFO]    Evaluating Node number: 1 - Score: 20
2023-09-06 02:21:03.188 [INFO]    Node Values: 20
2023-09-06 02:21:03.189 [INFO]    Piece1 2, 5
2023-09-06 02:21:03.189 [INFO]    Piece2 4, 3
2023-09-06 02:21:06.566 [INFO]    Row: 5 Column: 2
2023-09-06 02:21:07.039 [INFO]    Row: 5 Column: 2
2023-09-06 02:21:07.040 [INFO]    Piece1 5, 2
2023-09-06 02:21:07.040 [INFO]    Piece2 5, 2
2023-09-06 02:21:07.625 [INFO]    Row: 5 Column: 2
2023-09-06 02:21:08.601 [INFO]    Row: 3 Column: 4
2023-09-06 02:21:08.601 [INFO]    Piece1 5, 2
2023-09-06 02:21:08.602 [INFO]    Piece2 3, 4
2023-09-06 02:21:08.614 [INFO]    Max is Black
2023-09-06 02:21:08.815 [INFO]    Evaluating Node number: 1 - Score: 18
2023-09-06 02:21:08.821 [INFO]    Node Values: 20
2023-09-06 02:21:08.821 [INFO]    Piece1 0, 3
2023-09-06 02:21:08.821 [INFO]    Piece2 2, 5
2023-09-06 02:21:09.823 [INFO]    Piece1 2, 5
2023-09-06 02:21:09.823 [INFO]    Piece2 4, 3
2023-09-06 02:21:11.158 [INFO]    Row: 6 Column: 5
2023-09-06 02:21:12.644 [INFO]    Row: 6 Column: 5
2023-09-06 02:21:12.644 [INFO]    Piece1 6, 5
2023-09-06 02:21:12.644 [INFO]    Piece2 6, 5
2023-09-06 02:21:15.958 [INFO]    Row: 6 Column: 5
2023-09-06 02:21:16.725 [INFO]    Row: 5 Column: 6
2023-09-06 02:21:16.725 [INFO]    Piece1 6, 5
2023-09-06 02:21:16.725 [INFO]    Piece2 5, 6
2023-09-06 02:21:16.734 [INFO]    Max is Black
2023-09-06 02:21:16.937 [INFO]    Evaluating Node number: 1 - Score: -22
2023-09-06 02:21:18.297 [INFO]    Node Values: 24,41,-10,42,42,42,23
2023-09-06 02:21:18.298 [INFO]    Piece1 1, 6
2023-09-06 02:21:18.298 [INFO]    Piece2 2, 7
2023-09-06 02:21:19.966 [INFO]    Row: 5 Column: 6
2023-09-06 02:21:20.433 [INFO]    Row: 4 Column: 5
2023-09-06 02:21:20.433 [INFO]    Piece1 5, 6
2023-09-06 02:21:20.433 [INFO]    Piece2 4, 5
2023-09-06 02:21:20.440 [INFO]    Max is Black
2023-09-06 02:21:20.644 [INFO]    Evaluating Node number: 1 - Score: 3
2023-09-06 02:21:21.721 [INFO]    Node Values: 19,38,-9,-11,42,41
2023-09-06 02:21:21.721 [INFO]    Piece1 4, 3
2023-09-06 02:21:21.722 [INFO]    Piece2 5, 4
2023-09-06 02:21:22.863 [INFO]    Row: 4 Column: 5
2023-09-06 02:21:24.103 [INFO]    Row: 3 Column: 4
2023-09-06 02:21:24.104 [INFO]    Piece1 4, 5
2023-09-06 02:21:24.104 [INFO]    Piece2 3, 4
2023-09-06 02:21:24.114 [INFO]    Max is Black
2023-09-06 02:21:24.317 [INFO]    Evaluating Node number: 1 - Score: -22
2023-09-06 02:21:25.434 [INFO]    Node Values: 6,-9,-9,31,24,31
2023-09-06 02:21:25.435 [INFO]    Piece1 5, 4
2023-09-06 02:21:25.435 [INFO]    Piece2 6, 3
2023-09-06 02:21:27.887 [INFO]    Row: 7 Column: 2
2023-09-06 02:21:28.464 [INFO]    Row: 5 Column: 4
2023-09-06 02:21:28.464 [INFO]    Piece1 7, 2
2023-09-06 02:21:28.464 [INFO]    Piece2 5, 4
2023-09-06 02:21:28.474 [INFO]    Max is Black
2023-09-06 02:21:28.676 [INFO]    Evaluating Node number: 1 - Score: 19
2023-09-06 02:21:28.696 [INFO]    Node Values: 32
2023-09-06 02:21:28.696 [INFO]    Piece1 5, 0
2023-09-06 02:21:28.696 [INFO]    Piece2 7, 2
2023-09-06 02:21:31.031 [INFO]    Row: 5 Column: 4
2023-09-06 02:21:31.751 [INFO]    Row: 5 Column: 4
2023-09-06 02:21:31.751 [INFO]    Piece1 5, 4
2023-09-06 02:21:31.752 [INFO]    Piece2 5, 4
2023-09-06 02:21:32.766 [INFO]    Row: 5 Column: 4
2023-09-06 02:21:33.176 [INFO]    Row: 4 Column: 3
2023-09-06 02:21:33.176 [INFO]    Piece1 5, 4
2023-09-06 02:21:33.177 [INFO]    Piece2 4, 3
2023-09-06 02:21:33.183 [INFO]    Max is Black
2023-09-06 02:21:33.388 [INFO]    Evaluating Node number: 1 - Score: 2
2023-09-06 02:21:34.537 [INFO]    Node Values: 14,-1,-1,49,48,15
2023-09-06 02:21:34.538 [INFO]    Piece1 2, 7
2023-09-06 02:21:34.538 [INFO]    Piece2 3, 6
2023-09-06 02:21:40.700 [INFO]    Row: 3 Column: 4
2023-09-06 02:21:43.650 [INFO]    Row: 2 Column: 5
2023-09-06 02:21:43.651 [INFO]    Piece1 3, 4
2023-09-06 02:21:43.651 [INFO]    Piece2 2, 5
2023-09-06 02:21:43.653 [INFO]    Max is Black
2023-09-06 02:21:43.856 [INFO]    Evaluating Node number: 1 - Score: -33
2023-09-06 02:21:45.428 [INFO]    Node Values: 15,15,16,15,15,15,-32
2023-09-06 02:21:45.428 [INFO]    Piece1 1, 2
2023-09-06 02:21:45.428 [INFO]    Piece2 2, 1
2023-09-06 02:21:47.811 [INFO]    Row: 3 Column: 0
2023-09-06 02:21:48.388 [INFO]    Row: 1 Column: 2
2023-09-06 02:21:48.388 [INFO]    Piece1 3, 0
2023-09-06 02:21:48.388 [INFO]    Piece2 1, 2
2023-09-06 02:21:48.392 [INFO]    Max is Black
2023-09-06 02:21:48.596 [INFO]    Evaluating Node number: 1 - Score: -31
2023-09-06 02:21:49.597 [INFO]    Node Values: 31,49,49,49,-48
2023-09-06 02:21:49.598 [INFO]    Piece1 3, 6
2023-09-06 02:21:49.598 [INFO]    Piece2 4, 5
2023-09-06 02:21:51.127 [INFO]    Row: 1 Column: 2
2023-09-06 02:21:52.171 [INFO]    Row: 0 Column: 1
2023-09-06 02:21:52.172 [INFO]    Piece1 1, 2
2023-09-06 02:21:52.172 [INFO]    Piece2 0, 1
2023-09-06 02:21:52.179 [INFO]    Max is Black
2023-09-06 02:21:52.382 [INFO]    Evaluating Node number: 1 - Score: -31
2023-09-06 02:21:53.327 [INFO]    Node Values: -13,0,-1,49,-35
2023-09-06 02:21:53.328 [INFO]    Piece1 7, 2
2023-09-06 02:21:53.328 [INFO]    Piece2 6, 3
2023-09-06 02:21:54.120 [INFO]    Row: 0 Column: 1
2023-09-06 02:21:55.445 [INFO]    Row: 0 Column: 1
2023-09-06 02:21:55.446 [INFO]    Piece1 0, 1
2023-09-06 02:21:55.446 [INFO]    Piece2 0, 1
2023-09-06 02:21:57.309 [INFO]    Row: 2 Column: 5
2023-09-06 02:21:58.460 [INFO]    Row: 2 Column: 5
2023-09-06 02:21:58.460 [INFO]    Piece1 2, 5
2023-09-06 02:21:58.460 [INFO]    Piece2 2, 5
2023-09-06 02:21:59.495 [INFO]    Row: 4 Column: 3
2023-09-06 02:22:00.793 [INFO]    Row: 3 Column: 4
2023-09-06 02:22:00.794 [INFO]    Piece1 4, 3
2023-09-06 02:22:00.794 [INFO]    Piece2 3, 4
2023-09-06 02:22:00.798 [INFO]    Max is Black
2023-09-06 02:22:01.001 [INFO]    Evaluating Node number: 1 - Score: -14
2023-09-06 02:22:02.501 [INFO]    Node Values: 4,32,32,18,18,32,32
2023-09-06 02:22:02.502 [INFO]    Piece1 4, 5
2023-09-06 02:22:02.502 [INFO]    Piece2 5, 6
2023-09-06 02:22:04.672 [INFO]    Row: 0 Column: 1
2023-09-06 02:22:05.295 [INFO]    Row: 0 Column: 1
2023-09-06 02:22:05.296 [INFO]    Piece1 0, 1
2023-09-06 02:22:05.296 [INFO]    Piece2 0, 1
2023-09-06 02:22:08.111 [INFO]    Row: 2 Column: 5
2023-09-06 02:22:10.371 [INFO]    Row: 1 Column: 4
2023-09-06 02:22:10.371 [INFO]    Piece1 2, 5
2023-09-06 02:22:10.371 [INFO]    Piece2 1, 4
2023-09-06 02:22:10.377 [INFO]    Max is Black
2023-09-06 02:22:10.580 [INFO]    Evaluating Node number: 1 - Score: -26
2023-09-06 02:22:12.107 [INFO]    Node Values: -14,-13,-13,-15,-15,20,20
2023-09-06 02:22:12.108 [INFO]    Piece1 6, 3
2023-09-06 02:22:12.108 [INFO]    Piece2 5, 4
2023-09-06 02:22:15.004 [INFO]    Row: 3 Column: 4
2023-09-06 02:22:15.588 [INFO]    Row: 2 Column: 5
2023-09-06 02:22:15.588 [INFO]    Piece1 3, 4
2023-09-06 02:22:15.588 [INFO]    Piece2 2, 5
2023-09-06 02:22:15.595 [INFO]    Max is Black
2023-09-06 02:22:15.798 [INFO]    Evaluating Node number: 1 - Score: -27
2023-09-06 02:22:17.409 [INFO]    Node Values: -15,-16,-16,20,2,20,20
2023-09-06 02:22:17.410 [INFO]    Piece1 5, 6
2023-09-06 02:22:17.410 [INFO]    Piece2 6, 7
2023-09-06 02:22:18.777 [INFO]    Row: 0 Column: 1
2023-09-06 02:22:21.137 [INFO]    Row: 0 Column: 1
2023-09-06 02:22:21.138 [INFO]    Piece1 0, 1
2023-09-06 02:22:21.138 [INFO]    Piece2 0, 1
2023-09-06 02:22:21.847 [INFO]    Row: 1 Column: 4
2023-09-06 02:22:24.941 [INFO]    Row: 0 Column: 5
2023-09-06 02:22:24.942 [INFO]    Piece1 1, 4
2023-09-06 02:22:24.942 [INFO]    Piece2 0, 5
2023-09-06 02:22:24.945 [INFO]    Max is Black
2023-09-06 02:22:25.147 [INFO]    Evaluating Node number: 1 - Score: -26
2023-09-06 02:22:26.470 [INFO]    Node Values: -14,-16,-16,33,33,33
2023-09-06 02:22:26.471 [INFO]    Piece1 6, 7
2023-09-06 02:22:26.471 [INFO]    Piece2 7, 6
2023-09-06 02:22:29.164 [INFO]    Row: 7 Column: 0
2023-09-06 02:22:31.118 [INFO]    Row: 7 Column: 0
2023-09-06 02:22:31.118 [INFO]    Piece1 7, 0
2023-09-06 02:22:31.118 [INFO]    Piece2 7, 0
2023-09-06 02:22:32.447 [INFO]    Row: 0 Column: 1
2023-09-06 02:22:32.988 [INFO]    Row: 0 Column: 1
2023-09-06 02:22:32.988 [INFO]    Piece1 0, 1
2023-09-06 02:22:32.989 [INFO]    Piece2 0, 1
2023-09-06 02:22:33.534 [INFO]    Row: 0 Column: 5
2023-09-06 02:22:34.443 [INFO]    Row: 0 Column: 5
2023-09-06 02:22:34.443 [INFO]    Piece1 0, 5
2023-09-06 02:22:34.443 [INFO]    Piece2 0, 5
2023-09-06 02:22:35.324 [INFO]    Row: 0 Column: 5
2023-09-06 02:22:38.748 [INFO]    Row: 1 Column: 6
2023-09-06 02:22:38.748 [INFO]    Piece1 0, 5
2023-09-06 02:22:38.748 [INFO]    Piece2 1, 6
2023-09-06 02:22:38.755 [INFO]    Max is Black
2023-09-06 02:22:38.958 [INFO]    Evaluating Node number: 1 - Score: -13
2023-09-06 02:22:40.633 [INFO]    Node Values: -13,-15,-15,34,32,33,33
2023-09-06 02:22:40.634 [INFO]    Piece1 5, 4
2023-09-06 02:22:40.634 [INFO]    Piece2 4, 5
2023-09-06 02:22:41.795 [INFO]    Row: 2 Column: 5
2023-09-06 02:22:45.559 [INFO]    Row: 2 Column: 5
2023-09-06 02:22:45.560 [INFO]    Piece1 2, 5
2023-09-06 02:22:45.560 [INFO]    Piece2 2, 5
2023-09-06 02:22:45.980 [INFO]    Row: 1 Column: 6
2023-09-06 02:22:49.284 [INFO]    Row: 0 Column: 5
2023-09-06 02:22:49.284 [INFO]    Piece1 1, 6
2023-09-06 02:22:49.284 [INFO]    Piece2 0, 5
2023-09-06 02:22:49.286 [INFO]    Max is Black
2023-09-06 02:22:49.490 [INFO]    Evaluating Node number: 1 - Score: -13
2023-09-06 02:22:51.069 [INFO]    Node Values: 35,33,33,-13,-30,33,33
2023-09-06 02:22:51.069 [INFO]    Piece1 1, 0
2023-09-06 02:22:51.070 [INFO]    Piece2 2, 1
2023-09-06 02:22:51.790 [INFO]    Row: 2 Column: 5
2023-09-06 02:22:53.238 [INFO]    Row: 1 Column: 4
2023-09-06 02:22:53.238 [INFO]    Piece1 2, 5
2023-09-06 02:22:53.238 [INFO]    Piece2 1, 4
2023-09-06 02:22:53.247 [INFO]    Max is Black
2023-09-06 02:22:53.449 [INFO]    Evaluating Node number: 1 - Score: -27
2023-09-06 02:22:55.475 [INFO]    Node Values: 4,4,-27,-27,19,19,19,19
2023-09-06 02:22:55.476 [INFO]    Piece1 7, 6
2023-09-06 02:22:55.476 [INFO]    Piece2 6, 5
2023-09-06 02:22:56.648 [INFO]    Row: 0 Column: 5
2023-09-06 02:22:57.653 [INFO]    Row: 0 Column: 5
2023-09-06 02:22:57.653 [INFO]    Piece1 0, 5
2023-09-06 02:22:57.653 [INFO]    Piece2 0, 5
2023-09-06 02:22:58.103 [INFO]    Row: 1 Column: 4
2023-09-06 02:22:58.958 [INFO]    Row: 0 Column: 3
2023-09-06 02:22:58.959 [INFO]    Piece1 1, 4
2023-09-06 02:22:58.959 [INFO]    Piece2 0, 3
2023-09-06 02:22:58.969 [INFO]    Max is Black
2023-09-06 02:22:59.173 [INFO]    Evaluating Node number: 1 - Score: -27
2023-09-06 02:23:01.950 [INFO]    Node Values: 66,66,-27,-27,66,-13,-13,-13,-13,-13
2023-09-06 02:23:01.951 [INFO]    Piece1 2, 1
2023-09-06 02:23:01.951 [INFO]    Piece2 3, 0
2023-09-06 02:23:02.604 [INFO]    Row: 0 Column: 3
2023-09-06 02:23:04.495 [INFO]    Row: 0 Column: 3
2023-09-06 02:23:04.495 [INFO]    Piece1 0, 3
2023-09-06 02:23:04.496 [INFO]    Piece2 0, 3
2023-09-06 02:23:09.008 [INFO]    Row: 7 Column: 0
2023-09-06 02:23:09.591 [INFO]    Row: 6 Column: 1
2023-09-06 02:23:09.592 [INFO]    Piece1 7, 0
2023-09-06 02:23:09.592 [INFO]    Piece2 6, 1
2023-09-06 02:23:09.598 [INFO]    Max is Black
2023-09-06 02:23:09.800 [INFO]    Evaluating Node number: 1 - Score: -48
2023-09-06 02:23:12.259 [INFO]    Node Values: 65,0,0,65,35,65,65,65,65
2023-09-06 02:23:12.259 [INFO]    Piece1 6, 5
2023-09-06 02:23:12.259 [INFO]    Piece2 7, 6
2023-09-06 02:23:13.519 [INFO]    Row: 0 Column: 1
2023-09-06 02:23:14.151 [INFO]    Row: 0 Column: 1
2023-09-06 02:23:14.151 [INFO]    Piece1 0, 1
2023-09-06 02:23:14.151 [INFO]    Piece2 0, 1
2023-09-06 02:23:15.250 [INFO]    Row: 6 Column: 1
2023-09-06 02:23:16.863 [INFO]    Row: 5 Column: 2
2023-09-06 02:23:16.864 [INFO]    Piece1 6, 1
2023-09-06 02:23:16.864 [INFO]    Piece2 5, 2
2023-09-06 02:23:16.871 [INFO]    Max is Black
2023-09-06 02:23:17.074 [INFO]    Evaluating Node number: 1 - Score: -49
2023-09-06 02:23:18.783 [INFO]    Node Values: -19,-31,-16,64,33,64,64
2023-09-06 02:23:18.783 [INFO]    Piece1 4, 5
2023-09-06 02:23:18.783 [INFO]    Piece2 3, 6
2023-09-06 02:23:20.424 [INFO]    Row: 5 Column: 2
2023-09-06 02:23:21.255 [INFO]    Row: 4 Column: 3
2023-09-06 02:23:21.256 [INFO]    Piece1 5, 2
2023-09-06 02:23:21.256 [INFO]    Piece2 4, 3
2023-09-06 02:23:21.263 [INFO]    Max is Black
2023-09-06 02:23:21.465 [INFO]    Evaluating Node number: 1 - Score: -30
2023-09-06 02:23:23.122 [INFO]    Node Values: 65,63,63,65,63,64,64
2023-09-06 02:23:23.123 [INFO]    Piece1 3, 6
2023-09-06 02:23:23.123 [INFO]    Piece2 2, 7
2023-09-06 02:23:23.984 [INFO]    Row: 0 Column: 3
2023-09-06 02:23:24.720 [INFO]    Row: 0 Column: 3
2023-09-06 02:23:24.721 [INFO]    Piece1 0, 3
2023-09-06 02:23:24.721 [INFO]    Piece2 0, 3
2023-09-06 02:23:25.568 [INFO]    Row: 4 Column: 3
2023-09-06 02:23:27.440 [INFO]    Row: 3 Column: 2
2023-09-06 02:23:27.441 [INFO]    Piece1 4, 3
2023-09-06 02:23:27.441 [INFO]    Piece2 3, 2
2023-09-06 02:23:27.447 [INFO]    Max is Black
2023-09-06 02:23:27.651 [INFO]    Evaluating Node number: 1 - Score: -31
2023-09-06 02:23:28.677 [INFO]    Node Values: 63,-62,65,64,2147483647
2023-09-06 02:23:28.677 [INFO]    Piece1 7, 6
2023-09-06 02:23:28.678 [INFO]    Piece2 6, 5
2023-09-06 02:23:29.535 [INFO]    Row: 3 Column: 2
2023-09-06 02:23:31.711 [INFO]    Row: 2 Column: 1
2023-09-06 02:23:31.711 [INFO]    Piece1 3, 2
2023-09-06 02:23:31.711 [INFO]    Piece2 2, 1
2023-09-06 02:23:31.718 [INFO]    Max is Black
2023-09-06 02:23:31.922 [INFO]    Evaluating Node number: 1 - Score: -32
2023-09-06 02:23:33.514 [INFO]    Node Values: 61,-63,63,62,62,62,62
2023-09-06 02:23:33.514 [INFO]    Piece1 3, 0
2023-09-06 02:23:33.514 [INFO]    Piece2 4, 1
2023-09-06 02:23:34.363 [INFO]    Row: 2 Column: 1
2023-09-06 02:23:37.823 [INFO]    Row: 2 Column: 1
2023-09-06 02:23:37.823 [INFO]    Piece1 2, 1
2023-09-06 02:23:37.824 [INFO]    Piece2 2, 1
2023-09-06 02:23:38.607 [INFO]    Row: 0 Column: 1
2023-09-06 02:23:40.083 [INFO]    Row: 0 Column: 1
2023-09-06 02:23:40.084 [INFO]    Piece1 0, 1
2023-09-06 02:23:40.084 [INFO]    Piece2 0, 1
2023-09-06 02:23:40.607 [INFO]    Row: 0 Column: 1
2023-09-06 02:23:43.659 [INFO]    Row: 1 Column: 2
2023-09-06 02:23:43.660 [INFO]    Piece1 0, 1
2023-09-06 02:23:43.660 [INFO]    Piece2 1, 2
2023-09-06 02:23:43.662 [INFO]    Max is Black
2023-09-06 02:23:43.865 [INFO]    Evaluating Node number: 1 - Score: -32
2023-09-06 02:23:45.570 [INFO]    Node Values: 2147483647,-50,2147483647,2147483647,2147483647,2147483647,2147483647,2147483647
2023-09-06 02:23:45.570 [INFO]    Piece1 6, 5
2023-09-06 02:23:45.571 [INFO]    Piece2 5, 6
2023-09-06 02:23:47.472 [INFO]    Row: 2 Column: 1
2023-09-06 02:23:49.732 [INFO]    Row: 1 Column: 0
2023-09-06 02:23:49.732 [INFO]    Piece1 2, 1
2023-09-06 02:23:49.732 [INFO]    Piece2 1, 0
2023-09-06 02:23:49.734 [INFO]    Max is Black
2023-09-06 02:23:49.938 [INFO]    Evaluating Node number: 1 - Score: -46
2023-09-06 02:23:51.699 [INFO]    Node Values: 62,-64,64,64,63,63,63,63
2023-09-06 02:23:51.699 [INFO]    Piece1 4, 1
2023-09-06 02:23:51.699 [INFO]    Piece2 5, 2
2023-09-06 02:23:52.568 [INFO]    Row: 1 Column: 0
2023-09-06 02:23:53.472 [INFO]    Row: 0 Column: 1
2023-09-06 02:23:53.472 [INFO]    Piece1 1, 0
2023-09-06 02:23:53.472 [INFO]    Piece2 0, 1
2023-09-06 02:23:53.479 [INFO]    Max is Black
2023-09-06 02:23:53.682 [INFO]    Evaluating Node number: 1 - Score: -46
2023-09-06 02:23:55.617 [INFO]    Node Values: 51,-64,64,64,64,64,64,64
2023-09-06 02:23:55.618 [INFO]    Piece1 5, 6
2023-09-06 02:23:55.618 [INFO]    Piece2 4, 7
2023-09-06 02:23:56.214 [INFO]    Row: 1 Column: 2
2023-09-06 02:23:56.687 [INFO]    Row: 1 Column: 2
2023-09-06 02:23:56.687 [INFO]    Piece1 1, 2
2023-09-06 02:23:56.687 [INFO]    Piece2 1, 2
2023-09-06 02:23:57.129 [INFO]    Row: 1 Column: 2
2023-09-06 02:23:58.637 [INFO]    Row: 1 Column: 2
2023-09-06 02:23:58.637 [INFO]    Piece1 1, 2
2023-09-06 02:23:58.637 [INFO]    Piece2 1, 2
2023-09-06 02:24:00.269 [INFO]    Row: 0 Column: 5
2023-09-06 02:24:01.744 [INFO]    Row: 0 Column: 5
2023-09-06 02:24:01.745 [INFO]    Piece1 0, 5
2023-09-06 02:24:01.745 [INFO]    Piece2 0, 5
2023-09-06 02:24:02.326 [INFO]    Row: 0 Column: 3
2023-09-06 02:24:05.286 [INFO]    Row: 1 Column: 4
2023-09-06 02:24:05.286 [INFO]    Piece1 0, 3
2023-09-06 02:24:05.287 [INFO]    Piece2 1, 4
2023-09-06 02:24:05.288 [INFO]    Max is Black
2023-09-06 02:24:05.492 [INFO]    Evaluating Node number: 1 - Score: -46
2023-09-06 02:24:06.699 [INFO]    Node Values: 51,-64,64,64,64,64
2023-09-06 02:24:06.699 [INFO]    Piece1 5, 2
2023-09-06 02:24:06.699 [INFO]    Piece2 6, 1
2023-09-06 02:24:11.860 [INFO]    Row: 0 Column: 5
2023-09-06 02:24:12.424 [INFO]    Row: 0 Column: 5
2023-09-06 02:24:12.425 [INFO]    Piece1 0, 5
2023-09-06 02:24:12.425 [INFO]    Piece2 0, 5
2023-09-06 02:24:14.843 [INFO]    Row: 1 Column: 2
2023-09-06 02:24:18.712 [INFO]    Row: 0 Column: 3
2023-09-06 02:24:18.712 [INFO]    Piece1 1, 2
2023-09-06 02:24:18.712 [INFO]    Piece2 0, 3
2023-09-06 02:24:18.715 [INFO]    Max is Black
2023-09-06 02:24:18.918 [INFO]    Evaluating Node number: 1 - Score: -45
2023-09-06 02:24:20.106 [INFO]    Node Values: 64,-64,64,64,64,64
2023-09-06 02:24:20.106 [INFO]    Piece1 4, 7
2023-09-06 02:24:20.106 [INFO]    Piece2 5, 6
2023-09-06 02:24:21.385 [INFO]    Row: 0 Column: 1
2023-09-06 02:24:26.822 [INFO]    Row: 1 Column: 2
2023-09-06 02:24:26.822 [INFO]    Piece1 0, 1
2023-09-06 02:24:26.822 [INFO]    Piece2 1, 2
2023-09-06 02:24:26.825 [INFO]    Max is Black
2023-09-06 02:24:27.028 [INFO]    Evaluating Node number: 1 - Score: -45
2023-09-06 02:24:28.684 [INFO]    Node Values: 19,-64,64,64,2147483647,2147483647,64,64
2023-09-06 02:24:28.685 [INFO]    Piece1 5, 6
2023-09-06 02:24:28.685 [INFO]    Piece2 4, 7
2023-09-06 02:24:29.356 [INFO]    Row: 1 Column: 2
2023-09-06 02:24:30.476 [INFO]    Row: 2 Column: 3
2023-09-06 02:24:30.476 [INFO]    Piece1 1, 2
2023-09-06 02:24:30.476 [INFO]    Piece2 2, 3
2023-09-06 02:24:30.479 [INFO]    Max is Black
2023-09-06 02:24:30.684 [INFO]    Evaluating Node number: 1 - Score: -48
2023-09-06 02:24:31.892 [INFO]    Node Values: 0,-64,0,0,0,0
2023-09-06 02:24:31.893 [INFO]    Piece1 4, 7
2023-09-06 02:24:31.893 [INFO]    Piece2 3, 6
2023-09-06 02:24:37.205 [INFO]    Row: 0 Column: 5
2023-09-06 02:24:39.031 [INFO]    Row: 1 Column: 6
2023-09-06 02:24:39.031 [INFO]    Piece1 0, 5
2023-09-06 02:24:39.031 [INFO]    Piece2 1, 6
2023-09-06 02:24:39.036 [INFO]    Max is Black
2023-09-06 02:24:39.237 [INFO]    Evaluating Node number: 1 - Score: 2147483647
2023-09-06 02:24:39.240 [INFO]    Node Values: 2147483647
2023-09-06 02:24:39.240 [INFO]    Piece1 2, 7
2023-09-06 02:24:39.240 [INFO]    Piece2 0, 5
2023-09-06 02:24:40.406 [INFO]    Row: 1 Column: 4
2023-09-06 02:24:43.784 [INFO]    Row: 1 Column: 4
2023-09-06 02:24:43.784 [INFO]    Piece1 1, 4
2023-09-06 02:24:43.785 [INFO]    Piece2 1, 4
2023-09-06 02:24:44.251 [INFO]    Row: 2 Column: 3
2023-09-06 02:24:47.003 [INFO]    Row: 3 Column: 4
2023-09-06 02:24:47.003 [INFO]    Piece1 2, 3
2023-09-06 02:24:47.004 [INFO]    Piece2 3, 4
2023-09-06 02:24:47.008 [INFO]    Max is Black
2023-09-06 02:24:47.210 [INFO]    Evaluating Node number: 1 - Score: 2147483647
2023-09-06 02:24:47.210 [INFO]    Node Values: 2147483647
2023-09-06 02:24:47.211 [INFO]    Piece1 0, 5
2023-09-06 02:24:47.211 [INFO]    Piece2 2, 3
2023-09-06 02:24:48.213 [INFO]    Piece1 2, 3
2023-09-06 02:24:48.213 [INFO]    Piece2 4, 5
2023-09-06 02:24:50.408 [INFO]    Row: 0 Column: 3
2023-09-06 02:24:51.415 [INFO]    Row: 1 Column: 4
2023-09-06 02:24:51.415 [INFO]    Piece1 0, 3
2023-09-06 02:24:51.415 [INFO]    Piece2 1, 4
2023-09-06 02:24:51.416 [INFO]    Max is Black
2023-09-06 02:24:51.619 [INFO]    Evaluating Node number: 1 - Score: 2147483647
2023-09-06 02:24:53.037 [INFO]    Node Values: 2147483647,2147483647,0,2147483647,2147483647,2147483647,2147483647,2147483647
2023-09-06 02:24:53.037 [INFO]    Piece1 3, 6
2023-09-06 02:24:53.038 [INFO]    Piece2 2, 7
2023-09-06 02:24:54.551 [INFO]    Row: 1 Column: 4
2023-09-06 02:24:56.695 [INFO]    Row: 0 Column: 5
2023-09-06 02:24:56.695 [INFO]    Piece1 1, 4
2023-09-06 02:24:56.696 [INFO]    Piece2 0, 5
2023-09-06 02:24:56.704 [INFO]    Max is Black
2023-09-06 02:24:56.907 [INFO]    Evaluating Node number: 1 - Score: 2147483647
2023-09-06 02:24:58.344 [INFO]    Node Values: 2147483647,2147483647,2147483647,2147483647,2147483647,2147483647,2147483647,2147483647
2023-09-06 02:24:58.345 [INFO]    Piece1 4, 5
2023-09-06 02:24:58.345 [INFO]    Piece2 3, 4
2023-09-06 02:24:58.907 [INFO]    Row: 0 Column: 5
2023-09-06 02:24:59.544 [INFO]    Row: 1 Column: 6
2023-09-06 02:24:59.544 [INFO]    Piece1 0, 5
2023-09-06 02:24:59.544 [INFO]    Piece2 1, 6
2023-09-06 02:24:59.559 [INFO]    Max is Black
2023-09-06 02:24:59.760 [INFO]    Evaluating Node number: 1 - Score: 2147483647
2023-09-06 02:24:59.760 [INFO]    Node Values: 2147483647
2023-09-06 02:24:59.761 [INFO]    Piece1 2, 7
2023-09-06 02:24:59.761 [INFO]    Piece2 0, 5
2023-09-06 02:30:34.921 [INFO]    Row: 5 Column: 4
2023-09-06 02:30:35.363 [INFO]    Row: 4 Column: 3
2023-09-06 02:30:35.364 [INFO]    Piece1 5, 4
2023-09-06 02:30:35.364 [INFO]    Piece2 4, 3
2023-09-06 02:30:35.373 [INFO]    Max is Black
2023-09-06 02:30:35.584 [INFO]    Evaluating Node number: 1 - Score: 16
2023-09-06 02:30:36.892 [INFO]    Node Values: 19,-2,17,18,18,19,-1
2023-09-06 02:30:36.893 [INFO]    Piece1 2, 1
2023-09-06 02:30:36.893 [INFO]    Piece2 3, 2
2023-09-06 02:38:22.937 [INFO]    Row: 5 Column: 6
2023-09-06 02:38:23.391 [INFO]    Row: 4 Column: 5
2023-09-06 02:38:23.408 [INFO]    Piece1 5, 6
2023-09-06 02:38:23.409 [INFO]    Piece2 4, 5
2023-09-06 02:38:23.416 [INFO]    Max is Black
2023-09-06 02:38:23.628 [INFO]    Evaluating Node number: 1 - Score: 33
2023-09-06 02:38:24.962 [INFO]    Node Values: 34,35,18,34,19,18,0
2023-09-06 02:38:24.962 [INFO]    Piece1 2, 1
2023-09-06 02:38:24.962 [INFO]    Piece2 3, 0
2023-09-06 02:38:41.977 [INFO]    Row: 5 Column: 4
2023-09-06 02:38:42.446 [INFO]    Row: 4 Column: 3
2023-09-06 02:38:42.448 [INFO]    Piece1 5, 4
2023-09-06 02:38:42.448 [INFO]    Piece2 4, 3
2023-09-06 02:38:42.457 [INFO]    Max is Black
2023-09-06 02:38:42.668 [INFO]    Evaluating Node number: 1 - Score: 16
2023-09-06 02:38:43.972 [INFO]    Node Values: 19,-2,17,18,18,19,-1
2023-09-06 02:38:43.973 [INFO]    Piece1 2, 1
2023-09-06 02:38:43.973 [INFO]    Piece2 3, 2
2023-09-06 02:38:47.017 [INFO]    Row: 4 Column: 3
2023-09-06 02:38:47.745 [INFO]    Row: 2 Column: 1
2023-09-06 02:38:47.746 [INFO]    Piece1 4, 3
2023-09-06 02:38:47.746 [INFO]    Piece2 2, 1
2023-09-06 02:38:47.759 [INFO]    Max is Black
2023-09-06 02:38:47.963 [INFO]    Evaluating Node number: 1 - Score: 17
2023-09-06 02:38:48.210 [INFO]    Node Values: 36,19
2023-09-06 02:38:48.211 [INFO]    Piece1 1, 0
2023-09-06 02:38:48.211 [INFO]    Piece2 3, 2
2023-09-06 02:47:59.455 [INFO]    Row: 5 Column: 2
2023-09-06 02:48:00.006 [INFO]    Row: 4 Column: 1
2023-09-06 02:48:00.006 [INFO]    Piece1 5, 2
2023-09-06 02:48:00.006 [INFO]    Piece2 4, 1
2023-09-06 02:48:00.006 [INFO]    Max is Black
2023-09-06 02:48:00.227 [INFO]    Evaluating Node number: 1 - Score: 14
2023-09-06 02:48:01.563 [INFO]    Node Values: 35,18,18,19,-2,-1,-2
2023-09-06 02:48:01.563 [INFO]    Piece1 2, 1
2023-09-06 02:48:01.563 [INFO]    Piece2 3, 2
2023-09-06 02:48:01.737 [INFO]    Row: 5 Column: 4
2023-09-06 02:48:02.722 [INFO]    Row: 4 Column: 5
2023-09-06 02:48:02.722 [INFO]    Piece1 5, 4
2023-09-06 02:48:02.722 [INFO]    Piece2 4, 5
2023-09-06 02:48:02.737 [INFO]    Max is Black
2023-09-06 02:48:02.943 [INFO]    Evaluating Node number: 1 - Score: 34
2023-09-06 02:48:04.328 [INFO]    Node Values: 34,34,20,15,35,1,18
2023-09-06 02:48:04.328 [INFO]    Piece1 2, 5
2023-09-06 02:48:04.328 [INFO]    Piece2 3, 4
2023-09-06 02:48:14.926 [INFO]    Row: 5 Column: 6
2023-09-06 02:48:15.322 [INFO]    Row: 4 Column: 5
2023-09-06 02:48:15.323 [INFO]    Piece1 5, 6
2023-09-06 02:48:15.323 [INFO]    Piece2 4, 5
2023-09-06 02:48:15.323 [INFO]    Max is Black
2023-09-06 02:48:15.543 [INFO]    Evaluating Node number: 1 - Score: 33
2023-09-06 02:48:16.927 [INFO]    Node Values: 34,35,18,34,19,18,0
2023-09-06 02:48:16.927 [INFO]    Piece1 2, 1
2023-09-06 02:48:16.927 [INFO]    Piece2 3, 0
