2023-09-14 12:19:21.868 C:\Users\user\Desktop\Draughts\Draughts\CheckersMinimax\bin\Debug\CheckersMinimax_9_14_2023.log is created.
2023-09-14 12:19:27.564 [INFO]    Row: 5 Column: 6
2023-09-14 12:19:29.053 [INFO]    Row: 4 Column: 7
2023-09-14 12:19:29.058 [INFO]    Piece1 5, 6
2023-09-14 12:19:29.060 [INFO]    Piece2 4, 7
2023-09-14 12:19:29.069 [INFO]    Max is Black
2023-09-14 12:19:29.285 [INFO]    Evaluating Node number: 1 - Score: 33
2023-09-14 12:19:30.721 [INFO]    Node Values: 34,35,18,34,19,18,18
2023-09-14 12:19:30.721 [INFO]    Piece1 2, 1
2023-09-14 12:19:30.722 [INFO]    Piece2 3, 0
2023-09-14 12:19:35.659 [INFO]    Row: 5 Column: 4
2023-09-14 12:19:36.790 [INFO]    Row: 4 Column: 3
2023-09-14 12:19:36.792 [INFO]    Piece1 5, 4
2023-09-14 12:19:36.793 [INFO]    Piece2 4, 3
2023-09-14 12:19:36.795 [INFO]    Max is Black
2023-09-14 12:19:36.999 [INFO]    Evaluating Node number: 1 - Score: 34
2023-09-14 12:19:38.513 [INFO]    Node Values: 34,34,36,36,19,18,35,-1
2023-09-14 12:19:38.513 [INFO]    Piece1 2, 3
2023-09-14 12:19:38.513 [INFO]    Piece2 3, 4
2023-09-14 12:19:40.332 [INFO]    Row: 4 Column: 3
2023-09-14 12:19:41.298 [INFO]    Row: 3 Column: 2
2023-09-14 12:19:41.299 [INFO]    Piece1 4, 3
2023-09-14 12:19:41.300 [INFO]    Piece2 3, 2
2023-09-14 12:19:41.302 [INFO]    Max is Black
2023-09-14 12:19:41.504 [INFO]    Evaluating Node number: 1 - Score: -11
2023-09-14 12:19:43.251 [INFO]    Node Values: 1,52,52,20,37,33,22,53,35
2023-09-14 12:19:43.252 [INFO]    Piece1 3, 4
2023-09-14 12:19:43.252 [INFO]    Piece2 4, 5
2023-09-14 12:19:45.194 [INFO]    Row: 6 Column: 5
2023-09-14 12:19:47.492 [INFO]    Row: 5 Column: 6
2023-09-14 12:19:47.494 [INFO]    Piece1 6, 5
2023-09-14 12:19:47.495 [INFO]    Piece2 5, 6
2023-09-14 12:19:47.497 [INFO]    Max is Black
2023-09-14 12:19:47.701 [INFO]    Evaluating Node number: 1 - Score: -43
2023-09-14 12:19:49.622 [INFO]    Node Values: 2,20,17,21,36,36,19,19,19
2023-09-14 12:19:49.623 [INFO]    Piece1 2, 5
2023-09-14 12:19:49.623 [INFO]    Piece2 3, 4
2023-09-14 12:19:52.354 [INFO]    Row: 5 Column: 2
2023-09-14 12:19:54.670 [INFO]    Row: 4 Column: 1
2023-09-14 12:19:54.672 [INFO]    Piece1 5, 2
2023-09-14 12:19:54.672 [INFO]    Piece2 4, 1
2023-09-14 12:19:54.678 [INFO]    Max is Black
2023-09-14 12:19:54.880 [INFO]    Evaluating Node number: 1 - Score: -2
2023-09-14 12:19:54.891 [INFO]    Node Values: 17
2023-09-14 12:19:54.892 [INFO]    Piece1 3, 0
2023-09-14 12:19:54.892 [INFO]    Piece2 5, 2
2023-09-14 12:19:56.925 [INFO]    Row: 6 Column: 1
2023-09-14 12:19:58.710 [INFO]    Row: 4 Column: 3
2023-09-14 12:19:58.711 [INFO]    Piece1 6, 1
2023-09-14 12:19:58.712 [INFO]    Piece2 4, 3
2023-09-14 12:20:16.312 [INFO]    Row: 4 Column: 3
2023-09-14 12:20:20.012 [INFO]    Row: 2 Column: 5
2023-09-14 12:20:20.014 [INFO]    Piece1 4, 3
2023-09-14 12:20:20.014 [INFO]    Piece2 2, 5
2023-09-14 12:20:20.019 [INFO]    Max is Black
2023-09-14 12:20:20.221 [INFO]    Evaluating Node number: 1 - Score: 37
2023-09-14 12:20:20.485 [INFO]    Node Values: 37,35
2023-09-14 12:20:20.486 [INFO]    Piece1 1, 4
2023-09-14 12:20:20.486 [INFO]    Piece2 3, 6
2023-09-14 12:20:23.493 [INFO]    Row: 4 Column: 7
2023-09-14 12:20:25.112 [INFO]    Row: 2 Column: 5
2023-09-14 12:20:25.113 [INFO]    Piece1 4, 7
2023-09-14 12:20:25.114 [INFO]    Piece2 2, 5
2023-09-14 12:20:25.118 [INFO]    Max is Black
2023-09-14 12:20:25.320 [INFO]    Evaluating Node number: 1 - Score: 37
2023-09-14 12:20:25.414 [INFO]    Node Values: 37
2023-09-14 12:20:25.415 [INFO]    Piece1 1, 6
2023-09-14 12:20:25.415 [INFO]    Piece2 3, 4
2023-09-14 12:20:27.383 [INFO]    Row: 3 Column: 2
2023-09-14 12:20:36.520 [INFO]    Row: 3 Column: 2
2023-09-14 12:20:36.521 [INFO]    Piece1 3, 2
2023-09-14 12:20:36.521 [INFO]    Piece2 3, 2
2023-09-14 12:20:38.054 [INFO]    Row: 5 Column: 6
2023-09-14 12:20:40.420 [INFO]    Row: 4 Column: 7
2023-09-14 12:20:40.421 [INFO]    Piece1 5, 6
2023-09-14 12:20:40.421 [INFO]    Piece2 4, 7
2023-09-14 12:20:40.423 [INFO]    Max is Black
2023-09-14 12:20:40.626 [INFO]    Evaluating Node number: 1 - Score: 19
2023-09-14 12:20:43.327 [INFO]    Node Values: 37,38,37,38,3,23,38,22,38,2,2
2023-09-14 12:20:43.328 [INFO]    Piece1 0, 7
2023-09-14 12:20:43.328 [INFO]    Piece2 1, 6
2023-09-14 12:20:52.308 [INFO]    Row: 5 Column: 0
2023-09-14 12:20:53.274 [INFO]    Row: 4 Column: 1
2023-09-14 12:20:53.276 [INFO]    Piece1 5, 0
2023-09-14 12:20:53.278 [INFO]    Piece2 4, 1
2023-09-14 12:20:53.280 [INFO]    Max is Black
2023-09-14 12:20:53.484 [INFO]    Evaluating Node number: 1 - Score: 55
2023-09-14 12:20:55.838 [INFO]    Node Values: 55,55,3,22,55,38,25,38,2,2
2023-09-14 12:20:55.839 [INFO]    Piece1 1, 2
2023-09-14 12:20:55.839 [INFO]    Piece2 2, 1
2023-09-14 12:20:58.576 [INFO]    Row: 3 Column: 2
2023-09-14 12:20:59.930 [INFO]    Row: 2 Column: 3
2023-09-14 12:20:59.931 [INFO]    Piece1 3, 2
2023-09-14 12:20:59.946 [INFO]    Piece2 2, 3
2023-09-14 12:20:59.951 [INFO]    Max is Black
2023-09-14 12:21:00.157 [INFO]    Evaluating Node number: 1 - Score: -41
2023-09-14 12:21:02.889 [INFO]    Node Values: 26,38,38,24,55,52,38,9,38,35,-1
2023-09-14 12:21:02.890 [INFO]    Piece1 1, 6
2023-09-14 12:21:02.890 [INFO]    Piece2 2, 5
2023-09-14 12:21:06.047 [INFO]    Row: 4 Column: 1
2023-09-14 12:21:16.827 [INFO]    Row: 4 Column: 1
2023-09-14 12:21:16.827 [INFO]    Piece1 4, 1
2023-09-14 12:21:16.828 [INFO]    Piece2 4, 1
2023-09-14 12:21:18.601 [INFO]    Row: 4 Column: 1
2023-09-14 12:21:20.195 [INFO]    Row: 3 Column: 0
2023-09-14 12:21:20.196 [INFO]    Piece1 4, 1
2023-09-14 12:21:20.197 [INFO]    Piece2 3, 0
2023-09-14 12:21:20.199 [INFO]    Max is Black
2023-09-14 12:21:20.401 [INFO]    Evaluating Node number: 1 - Score: -54
2023-09-14 12:21:22.769 [INFO]    Node Values: -21,24,34,-7,-21,39,7,20,40,20,-17
2023-09-14 12:21:22.769 [INFO]    Piece1 3, 4
2023-09-14 12:21:22.770 [INFO]    Piece2 4, 3
2023-09-14 12:21:24.698 [INFO]    Row: 3 Column: 0
2023-09-14 12:21:26.012 [INFO]    Row: 1 Column: 2
2023-09-14 12:21:26.013 [INFO]    Piece1 3, 0
2023-09-14 12:21:26.014 [INFO]    Piece2 1, 2
2023-09-14 12:21:26.017 [INFO]    Max is Black
2023-09-14 12:21:26.220 [INFO]    Evaluating Node number: 1 - Score: 1
2023-09-14 12:21:26.222 [INFO]    Node Values: 2
2023-09-14 12:21:26.222 [INFO]    Piece1 0, 3
2023-09-14 12:21:26.223 [INFO]    Piece2 2, 1
2023-09-14 12:21:27.959 [INFO]    Row: 2 Column: 3
2023-09-14 12:21:35.157 [INFO]    Row: 2 Column: 3
2023-09-14 12:21:35.158 [INFO]    Piece1 2, 3
2023-09-14 12:21:35.158 [INFO]    Piece2 2, 3
2023-09-14 12:21:36.601 [INFO]    Row: 7 Column: 0
2023-09-14 12:21:37.693 [INFO]    Row: 6 Column: 1
2023-09-14 12:21:37.694 [INFO]    Piece1 7, 0
2023-09-14 12:21:37.695 [INFO]    Piece2 6, 1
2023-09-14 12:21:37.697 [INFO]    Max is Black
2023-09-14 12:21:37.900 [INFO]    Evaluating Node number: 1 - Score: -36
2023-09-14 12:21:41.791 [INFO]    Node Values: 11,7,-20,38,38,-5,24,20,42,23,23,23
2023-09-14 12:21:41.791 [INFO]    Piece1 4, 3
2023-09-14 12:21:41.792 [INFO]    Piece2 5, 4
2023-09-14 12:21:43.771 [INFO]    Row: 6 Column: 3
2023-09-14 12:21:44.963 [INFO]    Row: 5 Column: 2
2023-09-14 12:21:44.964 [INFO]    Piece1 6, 3
2023-09-14 12:21:44.964 [INFO]    Piece2 5, 2
2023-09-14 12:21:44.966 [INFO]    Max is Black
2023-09-14 12:21:45.170 [INFO]    Evaluating Node number: 1 - Score: -36
2023-09-14 12:21:48.556 [INFO]    Node Values: 11,-6,-20,42,42,-5,24,41,23,-61,-45
2023-09-14 12:21:48.556 [INFO]    Piece1 2, 1
2023-09-14 12:21:48.557 [INFO]    Piece2 3, 0
2023-09-14 12:21:49.477 [INFO]    Row: 5 Column: 2
2023-09-14 12:21:55.161 [INFO]    Row: 5 Column: 2
2023-09-14 12:21:55.162 [INFO]    Piece1 5, 2
2023-09-14 12:21:55.163 [INFO]    Piece2 5, 2
2023-09-14 12:21:55.944 [INFO]    Row: 6 Column: 1
2023-09-14 12:21:56.134 [INFO]    Row: 6 Column: 1
2023-09-14 12:21:56.135 [INFO]    Piece1 6, 1
2023-09-14 12:21:56.135 [INFO]    Piece2 6, 1
2023-09-14 12:21:57.357 [INFO]    Row: 6 Column: 1
2023-09-14 12:21:58.680 [INFO]    Row: 5 Column: 0
2023-09-14 12:21:58.681 [INFO]    Piece1 6, 1
2023-09-14 12:21:58.682 [INFO]    Piece2 5, 0
2023-09-14 12:21:58.684 [INFO]    Max is Black
2023-09-14 12:21:58.886 [INFO]    Evaluating Node number: 1 - Score: -36
2023-09-14 12:22:02.278 [INFO]    Node Values: 12,1,-35,40,5,24,39,22,23,-61,-57
2023-09-14 12:22:02.279 [INFO]    Piece1 1, 0
2023-09-14 12:22:02.280 [INFO]    Piece2 2, 1
2023-09-14 12:22:04.386 [INFO]    Row: 5 Column: 0
2023-09-14 12:22:05.520 [INFO]    Row: 4 Column: 1
2023-09-14 12:22:05.520 [INFO]    Piece1 5, 0
2023-09-14 12:22:05.521 [INFO]    Piece2 4, 1
2023-09-14 12:22:05.523 [INFO]    Max is Black
2023-09-14 12:22:05.725 [INFO]    Evaluating Node number: 1 - Score: -84
2023-09-14 12:22:08.642 [INFO]    Node Values: 30,39,-3,-22,59,12,39,39,23,-45,-45
2023-09-14 12:22:08.643 [INFO]    Piece1 2, 1
2023-09-14 12:22:08.643 [INFO]    Piece2 3, 2
2023-09-14 12:22:13.462 [INFO]    Row: 5 Column: 2
2023-09-14 12:22:14.794 [INFO]    Row: 4 Column: 3
2023-09-14 12:22:14.795 [INFO]    Piece1 5, 2
2023-09-14 12:22:14.796 [INFO]    Piece2 4, 3
2023-09-14 12:22:14.799 [INFO]    Max is Black
2023-09-14 12:22:15.001 [INFO]    Evaluating Node number: 1 - Score: -67
2023-09-14 12:22:15.609 [INFO]    Node Values: -2,59
2023-09-14 12:22:15.610 [INFO]    Piece1 3, 2
2023-09-14 12:22:15.610 [INFO]    Piece2 5, 0
2023-09-14 12:22:16.580 [INFO]    Row: 4 Column: 3
2023-09-14 12:22:17.635 [INFO]    Row: 3 Column: 2
2023-09-14 12:22:17.637 [INFO]    Piece1 4, 3
2023-09-14 12:22:17.638 [INFO]    Piece2 3, 2
2023-09-14 12:22:17.643 [INFO]    Max is Black
2023-09-14 12:22:17.848 [INFO]    Evaluating Node number: 1 - Score: -49
2023-09-14 12:22:21.748 [INFO]    Node Values: -3,93,11,-3,31,60,103,14,58,37,-44,-21
2023-09-14 12:22:21.748 [INFO]    Piece1 2, 7
2023-09-14 12:22:21.749 [INFO]    Piece2 3, 6
2023-09-14 12:22:24.521 [INFO]    Row: 3 Column: 2
2023-09-14 12:22:26.565 [INFO]    Row: 2 Column: 1
2023-09-14 12:22:26.566 [INFO]    Piece1 3, 2
2023-09-14 12:22:26.569 [INFO]    Piece2 2, 1
2023-09-14 12:22:26.573 [INFO]    Max is Black
2023-09-14 12:22:26.778 [INFO]    Evaluating Node number: 1 - Score: -21
2023-09-14 12:22:30.180 [INFO]    Node Values: -3,11,11,-2,-2,23,-22,-10,-44,-3
2023-09-14 12:22:30.181 [INFO]    Piece1 3, 0
2023-09-14 12:22:30.181 [INFO]    Piece2 4, 1
2023-09-14 12:22:32.169 [INFO]    Row: 2 Column: 1
2023-09-14 12:22:34.024 [INFO]    Row: 1 Column: 0
2023-09-14 12:22:34.025 [INFO]    Piece1 2, 1
2023-09-14 12:22:34.026 [INFO]    Piece2 1, 0
2023-09-14 12:22:34.030 [INFO]    Max is Black
2023-09-14 12:22:34.232 [INFO]    Evaluating Node number: 1 - Score: -34
2023-09-14 12:22:36.711 [INFO]    Node Values: -4,11,-18,22,84,-8,18,-44,-2
2023-09-14 12:22:36.711 [INFO]    Piece1 4, 1
2023-09-14 12:22:36.712 [INFO]    Piece2 5, 2
2023-09-14 12:22:37.403 [INFO]    Row: 2 Column: 3
2023-09-14 12:22:38.426 [INFO]    Row: 1 Column: 2
2023-09-14 12:22:38.428 [INFO]    Piece1 2, 3
2023-09-14 12:22:38.428 [INFO]    Piece2 1, 2
2023-09-14 12:22:38.432 [INFO]    Max is Black
2023-09-14 12:22:38.633 [INFO]    Evaluating Node number: 1 - Score: -18
2023-09-14 12:22:39.065 [INFO]    Node Values: 63
2023-09-14 12:22:39.066 [INFO]    Piece1 0, 1
2023-09-14 12:22:39.066 [INFO]    Piece2 2, 3
2023-09-14 12:22:40.652 [INFO]    Row: 1 Column: 0
2023-09-14 12:22:43.550 [INFO]    Row: 0 Column: 1
2023-09-14 12:22:43.551 [INFO]    Piece1 1, 0
2023-09-14 12:22:43.551 [INFO]    Piece2 0, 1
2023-09-14 12:22:43.553 [INFO]    Max is Black
2023-09-14 12:22:43.769 [INFO]    Evaluating Node number: 1 - Score: -18
2023-09-14 12:22:48.464 [INFO]    Node Values: 44,79,79,48,26,27,43,43,48,-22,28
2023-09-14 12:22:48.465 [INFO]    Piece1 2, 3
2023-09-14 12:22:48.466 [INFO]    Piece2 3, 4
2023-09-14 12:22:49.354 [INFO]    Row: 0 Column: 1
2023-09-14 12:22:52.783 [INFO]    Row: 1 Column: 2
2023-09-14 12:22:52.786 [INFO]    Piece1 0, 1
2023-09-14 12:22:52.787 [INFO]    Piece2 1, 2
2023-09-14 12:22:52.788 [INFO]    Max is Black
2023-09-14 12:22:52.991 [INFO]    Evaluating Node number: 1 - Score: 16
2023-09-14 12:22:55.734 [INFO]    Node Values: 77,107,29,27,60,60,77,71,44
2023-09-14 12:22:55.734 [INFO]    Piece1 0, 5
2023-09-14 12:22:55.735 [INFO]    Piece2 1, 4
2023-09-14 12:22:56.583 [INFO]    Row: 1 Column: 2
2023-09-14 12:22:58.608 [INFO]    Row: 0 Column: 3
2023-09-14 12:22:58.609 [INFO]    Piece1 1, 2
2023-09-14 12:22:58.611 [INFO]    Piece2 0, 3
2023-09-14 12:22:58.616 [INFO]    Max is Black
2023-09-14 12:22:58.819 [INFO]    Evaluating Node number: 1 - Score: -3
2023-09-14 12:23:01.180 [INFO]    Node Values: 63,81,41,57,20,93,58,74
2023-09-14 12:23:01.180 [INFO]    Piece1 5, 2
2023-09-14 12:23:01.180 [INFO]    Piece2 6, 1
2023-09-14 12:23:01.987 [INFO]    Row: 0 Column: 3
2023-09-14 12:23:03.400 [INFO]    Row: 3 Column: 0
2023-09-14 12:23:03.401 [INFO]    Piece1 0, 3
2023-09-14 12:23:03.401 [INFO]    Piece2 3, 0
2023-09-14 12:23:03.403 [INFO]    Max is Black
2023-09-14 12:23:03.606 [INFO]    Evaluating Node number: 1 - Score: 3
2023-09-14 12:23:05.384 [INFO]    Node Values: 47,94,-4,56,22,94
2023-09-14 12:23:05.384 [INFO]    Piece1 6, 1
2023-09-14 12:23:05.385 [INFO]    Piece2 7, 0
2023-09-14 12:23:06.588 [INFO]    Row: 3 Column: 0
2023-09-14 12:23:08.734 [INFO]    Row: 6 Column: 3
2023-09-14 12:23:08.736 [INFO]    Piece1 3, 0
2023-09-14 12:23:08.738 [INFO]    Piece2 6, 3
2023-09-14 12:23:08.741 [INFO]    Max is Black
2023-09-14 12:23:08.944 [INFO]    Evaluating Node number: 1 - Score: 80
2023-09-14 12:23:11.769 [INFO]    Node Values: 80,122,12,87,38,119,119,62,119
2023-09-14 12:23:11.769 [INFO]    Piece1 3, 4
2023-09-14 12:23:11.770 [INFO]    Piece2 4, 3
2023-09-14 12:23:12.684 [INFO]    Row: 6 Column: 3
2023-09-14 12:23:15.992 [INFO]    Row: 3 Column: 0
2023-09-14 12:23:15.992 [INFO]    Piece1 6, 3
2023-09-14 12:23:15.993 [INFO]    Piece2 3, 0
2023-09-14 12:23:15.995 [INFO]    Max is Black
2023-09-14 12:23:16.198 [INFO]    Evaluating Node number: 1 - Score: 96
2023-09-14 12:23:20.732 [INFO]    Node Values: 96,4,77,-2,71,-20,72,94,94,120
2023-09-14 12:23:20.733 [INFO]    Piece1 7, 0
2023-09-14 12:23:20.733 [INFO]    Piece2 5, 2
2023-09-14 12:23:21.717 [INFO]    Row: 3 Column: 0
2023-09-14 12:23:27.390 [INFO]    Row: 0 Column: 3
2023-09-14 12:23:27.391 [INFO]    Piece1 3, 0
2023-09-14 12:23:27.391 [INFO]    Piece2 0, 3
2023-09-14 12:23:27.394 [INFO]    Max is Black
2023-09-14 12:23:27.597 [INFO]    Evaluating Node number: 1 - Score: -34
2023-09-14 12:23:35.700 [INFO]    Evaluating Node number: 10001 - Score: 18
2023-09-14 12:23:36.394 [INFO]    Node Values: 78,45,43,71,-26,95,95,95,95,95,95,-26,-20,71
2023-09-14 12:23:36.395 [INFO]    Piece1 5, 2
2023-09-14 12:23:36.395 [INFO]    Piece2 3, 0
2023-09-14 12:23:37.232 [INFO]    Row: 0 Column: 3
2023-09-14 12:23:45.260 [INFO]    Row: 0 Column: 3
2023-09-14 12:23:45.261 [INFO]    Piece1 0, 3
2023-09-14 12:23:45.262 [INFO]    Piece2 0, 3
2023-09-14 12:23:47.576 [INFO]    Row: 6 Column: 7
2023-09-14 12:23:55.145 [INFO]    Row: 6 Column: 7
2023-09-14 12:23:55.145 [INFO]    Piece1 6, 7
2023-09-14 12:23:55.146 [INFO]    Piece2 6, 7
2023-09-14 12:23:56.397 [INFO]    Row: 7 Column: 4
2023-09-14 12:23:57.350 [INFO]    Row: 6 Column: 3
2023-09-14 12:23:57.351 [INFO]    Piece1 7, 4
2023-09-14 12:23:57.351 [INFO]    Piece2 6, 3
2023-09-14 12:23:57.353 [INFO]    Max is Black
2023-09-14 12:23:57.556 [INFO]    Evaluating Node number: 1 - Score: 77
2023-09-14 12:24:02.486 [INFO]    Node Values: 89,44,93,107,107,62,93,29,74,20,86,50
2023-09-14 12:24:02.487 [INFO]    Piece1 3, 0
2023-09-14 12:24:02.487 [INFO]    Piece2 2, 1
2023-09-14 12:24:34.590 [INFO]    Row: 6 Column: 3
2023-09-14 12:24:42.160 [INFO]    Row: 6 Column: 3
2023-09-14 12:24:42.161 [INFO]    Piece1 6, 3
2023-09-14 12:24:42.162 [INFO]    Piece2 6, 3
2023-09-14 12:24:43.321 [INFO]    Row: 0 Column: 3
2023-09-14 12:24:49.276 [INFO]    Row: 0 Column: 3
2023-09-14 12:24:49.276 [INFO]    Piece1 0, 3
2023-09-14 12:24:49.277 [INFO]    Piece2 0, 3
2023-09-14 12:24:57.496 [INFO]    Row: 6 Column: 3
2023-09-14 12:24:58.488 [INFO]    Row: 5 Column: 2
2023-09-14 12:24:58.489 [INFO]    Piece1 6, 3
2023-09-14 12:24:58.489 [INFO]    Piece2 5, 2
2023-09-14 12:24:58.492 [INFO]    Max is Black
2023-09-14 12:24:58.694 [INFO]    Evaluating Node number: 1 - Score: 135
2023-09-14 12:24:58.695 [INFO]    Node Values: 135
2023-09-14 12:24:58.695 [INFO]    Piece1 4, 3
2023-09-14 12:24:58.695 [INFO]    Piece2 6, 1
2023-09-14 12:25:00.122 [INFO]    Row: 7 Column: 2
2023-09-14 12:25:01.785 [INFO]    Row: 6 Column: 3
2023-09-14 12:25:01.786 [INFO]    Piece1 7, 2
2023-09-14 12:25:01.786 [INFO]    Piece2 6, 3
2023-09-14 12:25:01.789 [INFO]    Max is Black
2023-09-14 12:25:01.991 [INFO]    Evaluating Node number: 1 - Score: 134
2023-09-14 12:25:01.996 [INFO]    Node Values: 147
2023-09-14 12:25:01.996 [INFO]    Piece1 5, 4
2023-09-14 12:25:01.997 [INFO]    Piece2 7, 2
2023-09-14 12:25:03.801 [INFO]    Row: 7 Column: 6
2023-09-14 12:25:04.765 [INFO]    Row: 6 Column: 5
2023-09-14 12:25:04.765 [INFO]    Piece1 7, 6
2023-09-14 12:25:04.766 [INFO]    Piece2 6, 5
2023-09-14 12:25:04.770 [INFO]    Max is Black
2023-09-14 12:25:04.971 [INFO]    Evaluating Node number: 1 - Score: 89
2023-09-14 12:25:10.745 [INFO]    Evaluating Node number: 10001 - Score: 34
2023-09-14 12:25:16.398 [INFO]    Node Values: 133,129,133,99,133,133,99,133,129,133,117,71,96,132,133,120,120,116
2023-09-14 12:25:16.399 [INFO]    Piece1 2, 1
2023-09-14 12:25:16.400 [INFO]    Piece2 3, 0
2023-09-14 12:25:18.232 [INFO]    Row: 0 Column: 3
2023-09-14 12:25:20.207 [INFO]    Row: 1 Column: 2
2023-09-14 12:25:20.208 [INFO]    Piece1 0, 3
2023-09-14 12:25:20.209 [INFO]    Piece2 1, 2
2023-09-14 12:25:20.210 [INFO]    Max is Black
2023-09-14 12:25:20.415 [INFO]    Evaluating Node number: 1 - Score: 22
2023-09-14 12:25:26.466 [INFO]    Node Values: 147,72,115,99,99,115,120,115,115,84,136,133,115,115,134
2023-09-14 12:25:26.467 [INFO]    Piece1 1, 4
2023-09-14 12:25:26.467 [INFO]    Piece2 2, 3
2023-09-14 12:25:29.775 [INFO]    Row: 1 Column: 2
2023-09-14 12:26:09.597 [INFO]    Row: 1 Column: 2
2023-09-14 12:26:09.598 [INFO]    Piece1 1, 2
2023-09-14 12:26:09.598 [INFO]    Piece2 1, 2
2023-09-14 12:26:10.228 [INFO]    Row: 1 Column: 2
2023-09-14 12:26:13.677 [INFO]    Row: 0 Column: 1
2023-09-14 12:26:13.678 [INFO]    Piece1 1, 2
2023-09-14 12:26:13.678 [INFO]    Piece2 0, 1
2023-09-14 12:26:13.681 [INFO]    Max is Black
2023-09-14 12:26:13.883 [INFO]    Evaluating Node number: 1 - Score: 73
2023-09-14 12:26:20.430 [INFO]    Evaluating Node number: 10001 - Score: 51
2023-09-14 12:26:26.242 [INFO]    Evaluating Node number: 20001 - Score: 5
2023-09-14 12:26:29.796 [INFO]    Node Values: 133,119,116,133,120,120,134,120,133,134,130,68,96,117,133,130,130,97
2023-09-14 12:26:29.796 [INFO]    Piece1 3, 0
2023-09-14 12:26:29.797 [INFO]    Piece2 1, 2
